{"uid":"87d6e90bbf4e710","name":"Тест загрузки изображения","fullName":"tests.test_registration_form.TestRegistrationForm#test_upload_picture","historyId":"c5ee79ee1e501362b6ca193ff5388b25","time":{"start":1726433274949,"stop":1726433309744,"duration":34795},"description":"Этот тест проверяет корректность загрузки изображения в форме регистрации.","descriptionHtml":"\n<h2>Тестирование формы регистрации на сайте</h2>\n<p>Этот набор тестов проверяет функциональность формы регистрации, включая:</p>\n<ul>\n    <li>Заполнение всех полей формы</li>\n    <li>Выбор различных опций (пол, хобби, предметы)</li>\n    <li>Загрузку изображения</li>\n    <li>Выбор даты рождения</li>\n    <li>Выбор штата и города</li>\n</ul>\n","status":"broken","statusMessage":"selenium.common.exceptions.TimeoutException: Message:","statusTrace":"self = <tests.test_registration_form.TestRegistrationForm object at 0x7f6b936ccce0>\npage = <pages.registration_page.RegistrationPage object at 0x7f6b93713cb0>\ncaplog = <_pytest.logging.LogCaptureFixture object at 0x7f6b93713920>\nlogger = <Logger conftest (INFO)>\n\n    @allure.feature(\"Тестирование загрузки изображения\")\n    @allure.severity(Severity.TRIVIAL)\n    @allure.title(\"Тест загрузки изображения\")\n    @allure.description(\"Этот тест проверяет корректность \"\n                        \"загрузки изображения в форме регистрации.\")\n    def test_upload_picture(self, page, caplog, logger):\n        logger.info(\"Тестирование загрузки изображения начато\")\n    \n        with allure.step(\"Открытие страницы регистрации\"):\n            page.open()\n    \n        with allure.step(\"Scroll вниз страницы\"):\n>           page.scroll_to_down()\n\ntests/test_registration_form.py:181: \n_ _ _ _ _ _ _ _ _ _ _ _ _ _ _ _ _ _ _ _ _ _ _ _ _ _ _ _ _ _ _ _ _ _ _ _ _ _ _ _ \npages/registration_page.py:213: in scroll_to_down\n    return self.smooth_scroll_to_bottom()\npages/base_page.py:78: in smooth_scroll_to_bottom\n    WebDriverWait(self.browser, 30).until(\n_ _ _ _ _ _ _ _ _ _ _ _ _ _ _ _ _ _ _ _ _ _ _ _ _ _ _ _ _ _ _ _ _ _ _ _ _ _ _ _ \n\nself = <selenium.webdriver.support.wait.WebDriverWait (session=\"5385b9150f4769a5a75dbdfdfa2e072a\")>\nmethod = <function BasePage.smooth_scroll_to_bottom.<locals>.<lambda> at 0x7f6b934d8ea0>\nmessage = ''\n\n    def until(self, method: Callable[[D], Union[Literal[False], T]], message: str = \"\") -> T:\n        \"\"\"Calls the method provided with the driver as an argument until the \\\n        return value does not evaluate to ``False``.\n    \n        :param method: callable(WebDriver)\n        :param message: optional message for :exc:`TimeoutException`\n        :returns: the result of the last call to `method`\n        :raises: :exc:`selenium.common.exceptions.TimeoutException` if timeout occurs\n        \"\"\"\n        screen = None\n        stacktrace = None\n    \n        end_time = time.monotonic() + self._timeout\n        while True:\n            try:\n                value = method(self._driver)\n                if value:\n                    return value\n            except self._ignored_exceptions as exc:\n                screen = getattr(exc, \"screen\", None)\n                stacktrace = getattr(exc, \"stacktrace\", None)\n            time.sleep(self._poll)\n            if time.monotonic() > end_time:\n                break\n>       raise TimeoutException(message, screen, stacktrace)\nE       selenium.common.exceptions.TimeoutException: Message:\n\n/opt/hostedtoolcache/Python/3.12.5/x64/lib/python3.12/site-packages/selenium/webdriver/support/wait.py:105: TimeoutException","flaky":false,"newFailed":false,"newBroken":false,"newPassed":false,"retriesCount":0,"retriesStatusChange":false,"beforeStages":[{"name":"browser","time":{"start":1726433274629,"stop":1726433274948,"duration":319},"status":"passed","steps":[],"attachments":[],"parameters":[],"shouldDisplayMessage":false,"stepsCount":0,"attachmentsCount":0,"hasContent":false,"attachmentStep":false},{"name":"caplog","time":{"start":1726433274949,"stop":1726433274949,"duration":0},"status":"passed","steps":[],"attachments":[],"parameters":[],"shouldDisplayMessage":false,"stepsCount":0,"attachmentsCount":0,"hasContent":false,"attachmentStep":false},{"name":"page","time":{"start":1726433274949,"stop":1726433274949,"duration":0},"status":"passed","steps":[],"attachments":[],"parameters":[],"shouldDisplayMessage":false,"stepsCount":0,"attachmentsCount":0,"hasContent":false,"attachmentStep":false},{"name":"setup_teardown","time":{"start":1726433274949,"stop":1726433274949,"duration":0},"status":"passed","steps":[],"attachments":[],"parameters":[],"shouldDisplayMessage":false,"stepsCount":0,"attachmentsCount":0,"hasContent":false,"attachmentStep":false}],"testStage":{"description":"Этот тест проверяет корректность загрузки изображения в форме регистрации.","descriptionHtml":"\n<h2>Тестирование формы регистрации на сайте</h2>\n<p>Этот набор тестов проверяет функциональность формы регистрации, включая:</p>\n<ul>\n    <li>Заполнение всех полей формы</li>\n    <li>Выбор различных опций (пол, хобби, предметы)</li>\n    <li>Загрузку изображения</li>\n    <li>Выбор даты рождения</li>\n    <li>Выбор штата и города</li>\n</ul>\n","status":"broken","statusMessage":"selenium.common.exceptions.TimeoutException: Message:","statusTrace":"self = <tests.test_registration_form.TestRegistrationForm object at 0x7f6b936ccce0>\npage = <pages.registration_page.RegistrationPage object at 0x7f6b93713cb0>\ncaplog = <_pytest.logging.LogCaptureFixture object at 0x7f6b93713920>\nlogger = <Logger conftest (INFO)>\n\n    @allure.feature(\"Тестирование загрузки изображения\")\n    @allure.severity(Severity.TRIVIAL)\n    @allure.title(\"Тест загрузки изображения\")\n    @allure.description(\"Этот тест проверяет корректность \"\n                        \"загрузки изображения в форме регистрации.\")\n    def test_upload_picture(self, page, caplog, logger):\n        logger.info(\"Тестирование загрузки изображения начато\")\n    \n        with allure.step(\"Открытие страницы регистрации\"):\n            page.open()\n    \n        with allure.step(\"Scroll вниз страницы\"):\n>           page.scroll_to_down()\n\ntests/test_registration_form.py:181: \n_ _ _ _ _ _ _ _ _ _ _ _ _ _ _ _ _ _ _ _ _ _ _ _ _ _ _ _ _ _ _ _ _ _ _ _ _ _ _ _ \npages/registration_page.py:213: in scroll_to_down\n    return self.smooth_scroll_to_bottom()\npages/base_page.py:78: in smooth_scroll_to_bottom\n    WebDriverWait(self.browser, 30).until(\n_ _ _ _ _ _ _ _ _ _ _ _ _ _ _ _ _ _ _ _ _ _ _ _ _ _ _ _ _ _ _ _ _ _ _ _ _ _ _ _ \n\nself = <selenium.webdriver.support.wait.WebDriverWait (session=\"5385b9150f4769a5a75dbdfdfa2e072a\")>\nmethod = <function BasePage.smooth_scroll_to_bottom.<locals>.<lambda> at 0x7f6b934d8ea0>\nmessage = ''\n\n    def until(self, method: Callable[[D], Union[Literal[False], T]], message: str = \"\") -> T:\n        \"\"\"Calls the method provided with the driver as an argument until the \\\n        return value does not evaluate to ``False``.\n    \n        :param method: callable(WebDriver)\n        :param message: optional message for :exc:`TimeoutException`\n        :returns: the result of the last call to `method`\n        :raises: :exc:`selenium.common.exceptions.TimeoutException` if timeout occurs\n        \"\"\"\n        screen = None\n        stacktrace = None\n    \n        end_time = time.monotonic() + self._timeout\n        while True:\n            try:\n                value = method(self._driver)\n                if value:\n                    return value\n            except self._ignored_exceptions as exc:\n                screen = getattr(exc, \"screen\", None)\n                stacktrace = getattr(exc, \"stacktrace\", None)\n            time.sleep(self._poll)\n            if time.monotonic() > end_time:\n                break\n>       raise TimeoutException(message, screen, stacktrace)\nE       selenium.common.exceptions.TimeoutException: Message:\n\n/opt/hostedtoolcache/Python/3.12.5/x64/lib/python3.12/site-packages/selenium/webdriver/support/wait.py:105: TimeoutException","steps":[{"name":"Открытие страницы регистрации","time":{"start":1726433274949,"stop":1726433279418,"duration":4469},"status":"passed","steps":[{"name":"Открытие страницы регистрации","time":{"start":1726433274950,"stop":1726433279418,"duration":4468},"status":"passed","steps":[{"name":"Открытие страницы 'https://demoqa.com/automation-practice-form'","time":{"start":1726433274950,"stop":1726433279418,"duration":4468},"status":"passed","steps":[],"attachments":[],"parameters":[{"name":"url","value":"'https://demoqa.com/automation-practice-form'"}],"shouldDisplayMessage":false,"stepsCount":0,"attachmentsCount":0,"hasContent":true,"attachmentStep":false}],"attachments":[],"parameters":[],"shouldDisplayMessage":false,"stepsCount":1,"attachmentsCount":0,"hasContent":true,"attachmentStep":false}],"attachments":[],"parameters":[],"shouldDisplayMessage":false,"stepsCount":2,"attachmentsCount":0,"hasContent":true,"attachmentStep":false},{"name":"Scroll вниз страницы","time":{"start":1726433279418,"stop":1726433309743,"duration":30325},"status":"broken","statusMessage":"selenium.common.exceptions.TimeoutException: Message: \n\n","statusTrace":"  File \"/home/runner/work/SimbirSoft-SDET-TEST/SimbirSoft-SDET-TEST/tests/test_registration_form.py\", line 181, in test_upload_picture\n    page.scroll_to_down()\n  File \"/opt/hostedtoolcache/Python/3.12.5/x64/lib/python3.12/site-packages/allure_commons/_allure.py\", line 192, in impl\n    return func(*a, **kw)\n           ^^^^^^^^^^^^^^\n  File \"/home/runner/work/SimbirSoft-SDET-TEST/SimbirSoft-SDET-TEST/pages/registration_page.py\", line 213, in scroll_to_down\n    return self.smooth_scroll_to_bottom()\n           ^^^^^^^^^^^^^^^^^^^^^^^^^^^^^^\n  File \"/opt/hostedtoolcache/Python/3.12.5/x64/lib/python3.12/site-packages/allure_commons/_allure.py\", line 192, in impl\n    return func(*a, **kw)\n           ^^^^^^^^^^^^^^\n  File \"/home/runner/work/SimbirSoft-SDET-TEST/SimbirSoft-SDET-TEST/pages/base_page.py\", line 78, in smooth_scroll_to_bottom\n    WebDriverWait(self.browser, 30).until(\n  File \"/opt/hostedtoolcache/Python/3.12.5/x64/lib/python3.12/site-packages/selenium/webdriver/support/wait.py\", line 105, in until\n    raise TimeoutException(message, screen, stacktrace)\n","steps":[{"name":"Плавная прокрутка страницы","time":{"start":1726433279418,"stop":1726433309743,"duration":30325},"status":"broken","statusMessage":"selenium.common.exceptions.TimeoutException: Message: \n\n","statusTrace":"  File \"/opt/hostedtoolcache/Python/3.12.5/x64/lib/python3.12/site-packages/allure_commons/_allure.py\", line 192, in impl\n    return func(*a, **kw)\n           ^^^^^^^^^^^^^^\n  File \"/home/runner/work/SimbirSoft-SDET-TEST/SimbirSoft-SDET-TEST/pages/registration_page.py\", line 213, in scroll_to_down\n    return self.smooth_scroll_to_bottom()\n           ^^^^^^^^^^^^^^^^^^^^^^^^^^^^^^\n  File \"/opt/hostedtoolcache/Python/3.12.5/x64/lib/python3.12/site-packages/allure_commons/_allure.py\", line 192, in impl\n    return func(*a, **kw)\n           ^^^^^^^^^^^^^^\n  File \"/home/runner/work/SimbirSoft-SDET-TEST/SimbirSoft-SDET-TEST/pages/base_page.py\", line 78, in smooth_scroll_to_bottom\n    WebDriverWait(self.browser, 30).until(\n  File \"/opt/hostedtoolcache/Python/3.12.5/x64/lib/python3.12/site-packages/selenium/webdriver/support/wait.py\", line 105, in until\n    raise TimeoutException(message, screen, stacktrace)\n","steps":[{"name":"Плавная прокрутка вниз","time":{"start":1726433279418,"stop":1726433309743,"duration":30325},"status":"broken","statusMessage":"selenium.common.exceptions.TimeoutException: Message: \n\n","statusTrace":"  File \"/opt/hostedtoolcache/Python/3.12.5/x64/lib/python3.12/site-packages/allure_commons/_allure.py\", line 192, in impl\n    return func(*a, **kw)\n           ^^^^^^^^^^^^^^\n  File \"/home/runner/work/SimbirSoft-SDET-TEST/SimbirSoft-SDET-TEST/pages/base_page.py\", line 78, in smooth_scroll_to_bottom\n    WebDriverWait(self.browser, 30).until(\n  File \"/opt/hostedtoolcache/Python/3.12.5/x64/lib/python3.12/site-packages/selenium/webdriver/support/wait.py\", line 105, in until\n    raise TimeoutException(message, screen, stacktrace)\n","steps":[],"attachments":[],"parameters":[],"shouldDisplayMessage":true,"stepsCount":0,"attachmentsCount":0,"hasContent":true,"attachmentStep":false}],"attachments":[],"parameters":[],"shouldDisplayMessage":false,"stepsCount":1,"attachmentsCount":0,"hasContent":true,"attachmentStep":false}],"attachments":[],"parameters":[],"shouldDisplayMessage":false,"stepsCount":2,"attachmentsCount":0,"hasContent":true,"attachmentStep":false}],"attachments":[{"uid":"a3bcdbe622e644e4","name":"log","source":"a3bcdbe622e644e4.txt","type":"text/plain","size":545},{"uid":"50540dae0f426284","name":"stderr","source":"50540dae0f426284.txt","type":"text/plain","size":483}],"parameters":[],"shouldDisplayMessage":true,"stepsCount":6,"attachmentsCount":2,"hasContent":true,"attachmentStep":false},"afterStages":[{"name":"caplog::0","time":{"start":1726433309763,"stop":1726433309764,"duration":1},"status":"passed","steps":[],"attachments":[],"parameters":[],"shouldDisplayMessage":false,"stepsCount":0,"attachmentsCount":0,"hasContent":false,"attachmentStep":false},{"name":"setup_teardown::0","time":{"start":1726433309764,"stop":1726433309940,"duration":176},"status":"broken","statusMessage":"TypeError: sequence item 0: expected str instance, dict found\n","statusTrace":"  File \"/opt/hostedtoolcache/Python/3.12.5/x64/lib/python3.12/site-packages/allure_commons/_allure.py\", line 221, in __call__\n    return self._fixture_function(*args, **kwargs)\n           ^^^^^^^^^^^^^^^^^^^^^^^^^^^^^^^^^^^^^^^\n  File \"/opt/hostedtoolcache/Python/3.12.5/x64/lib/python3.12/site-packages/_pytest/fixtures.py\", line 906, in _teardown_yield_fixture\n    next(it)\n  File \"/home/runner/work/SimbirSoft-SDET-TEST/SimbirSoft-SDET-TEST/conftest.py\", line 37, in setup_teardown\n    \"\\n\".join(browser.get_log(\"browser\")),\n    ^^^^^^^^^^^^^^^^^^^^^^^^^^^^^^^^^^^^^\n","steps":[],"attachments":[{"uid":"c9e6fc4aaf96d8b8","name":"screenshot_test_upload_picture","source":"c9e6fc4aaf96d8b8.png","type":"image/png","size":295343}],"parameters":[],"shouldDisplayMessage":true,"stepsCount":0,"attachmentsCount":1,"hasContent":true,"attachmentStep":false},{"name":"browser::0","time":{"start":1726433309941,"stop":1726433310073,"duration":132},"status":"passed","steps":[],"attachments":[],"parameters":[],"shouldDisplayMessage":false,"stepsCount":0,"attachmentsCount":0,"hasContent":false,"attachmentStep":false}],"labels":[{"name":"severity","value":"trivial"},{"name":"feature","value":"Тестирование загрузки изображения"},{"name":"epic","value":"Тестирование формы регистрации"},{"name":"parentSuite","value":"tests"},{"name":"suite","value":"test_registration_form"},{"name":"subSuite","value":"TestRegistrationForm"},{"name":"host","value":"fv-az654-931"},{"name":"thread","value":"2277-MainThread"},{"name":"framework","value":"pytest"},{"name":"language","value":"cpython3"},{"name":"package","value":"tests.test_registration_form"},{"name":"resultFormat","value":"allure2"}],"parameters":[{"name":"browser","value":"'chrome'"}],"links":[],"hidden":true,"retry":true,"extra":{"categories":[],"tags":[]},"source":"87d6e90bbf4e710.json","parameterValues":["'chrome'"]}