{"uid":"9a6b09292835491","name":"Тест заполнения и отправки формы регистрации","fullName":"tests.test_filling_out_the_form.TestRegistrationForm#test_fill_registration_form","historyId":"25754fe4a28eb4d5058ff25196401c6f","time":{"start":1726181441340,"stop":1726181445723,"duration":4383},"description":"\n    Этот тест выполняет следующие шаги:\n    1. Открывает страницу регистрации\n    2. Заполняет все поля формы\n    3. Отправляет форму\n    4. Проверяет успешность отправки\n    5. Верифицирует корректность отображения всех введенных данных в модальном окне\n    ","descriptionHtml":"\n<h2>Тестирование формы регистрации на сайте DemoQA</h2>\n<p>Этот набор тестов проверяет функциональность формы регистрации, включая:</p>\n<ul>\n    <li>Заполнение всех полей формы</li>\n    <li>Отправку формы</li>\n    <li>Проверку корректности отображения введенных данных в модальном окне</li>\n</ul>\n","status":"broken","statusMessage":"selenium.common.exceptions.ElementClickInterceptedException: Message: element click intercepted: Element <label title=\"\" for=\"hobbies-checkbox-1\" class=\"custom-control-label\">...</label> is not clickable at point (781, 829). Other element would receive the click: <div>...</div>\n  (Session info: chrome=128.0.6613.119)\nStacktrace:\n#0 0x55a20fbe56ca <unknown>\n#1 0x55a20f8b6600 <unknown>\n#2 0x55a20f90c8e6 <unknown>\n#3 0x55a20f90a7f6 <unknown>\n#4 0x55a20f908277 <unknown>\n#5 0x55a20f90711c <unknown>\n#6 0x55a20f8fabe6 <unknown>\n#7 0x55a20f9288a2 <unknown>\n#8 0x55a20f8fa599 <unknown>\n#9 0x55a20f928a6e <unknown>\n#10 0x55a20f94704a <unknown>\n#11 0x55a20f928643 <unknown>\n#12 0x55a20f8f8d31 <unknown>\n#13 0x55a20f8f979e <unknown>\n#14 0x55a20fbad25b <unknown>\n#15 0x55a20fbb11f2 <unknown>\n#16 0x55a20fb9a615 <unknown>\n#17 0x55a20fbb1d82 <unknown>\n#18 0x55a20fb7f25f <unknown>\n#19 0x55a20fbd4e68 <unknown>\n#20 0x55a20fbd5040 <unknown>\n#21 0x55a20fbe449c <unknown>\n#22 0x7f458c494ac3 <unknown>","statusTrace":"self = <tests.test_filling_out_the_form.TestRegistrationForm object at 0x7f87d1bd28d0>\npage = <pages.registration_page.RegistrationPage object at 0x7f87d1596060>\n\n    @allure.feature(\"Заполнение формы регистрации\")\n    @allure.story(\"Полное заполнение формы и проверка результатов\")\n    @allure.severity(Severity.BLOCKER)\n    @allure.title(\"Тест заполнения и отправки формы регистрации\")\n    @allure.description(\"\"\"\n    Этот тест выполняет следующие шаги:\n    1. Открывает страницу регистрации\n    2. Заполняет все поля формы\n    3. Отправляет форму\n    4. Проверяет успешность отправки\n    5. Верифицирует корректность отображения всех введенных данных в модальном окне\n    \"\"\")\n    def test_fill_registration_form(self, page):\n        logger.info(\"Начало теста заполнения формы регистрации\")\n    \n        with allure.step(\"Открытие страницы регистрации\"):\n            logger.info(\"Открытие страницы регистрации\")\n            page.open()\n    \n        person = PersonData()\n        allure.dynamic.parameter(\"test_data\", asdict(person))\n    \n        with allure.step(\"Заполнение всех полей формы\"):\n>           self._fill_form_fields(page, person)\n\ntests/test_filling_out_the_form.py:53: \n_ _ _ _ _ _ _ _ _ _ _ _ _ _ _ _ _ _ _ _ _ _ _ _ _ _ _ _ _ _ _ _ _ _ _ _ _ _ _ _ \ntests/test_filling_out_the_form.py:91: in _fill_form_fields\n    page.select_hobbies(hobbies)\npages/registration_page.py:138: in select_hobbies\n    self.click(self.HOBBIES[hobby])\npages/base_page.py:38: in click\n    self.find_element(locator).click()\n/opt/hostedtoolcache/Python/3.12.5/x64/lib/python3.12/site-packages/selenium/webdriver/remote/webelement.py:94: in click\n    self._execute(Command.CLICK_ELEMENT)\n/opt/hostedtoolcache/Python/3.12.5/x64/lib/python3.12/site-packages/selenium/webdriver/remote/webelement.py:395: in _execute\n    return self._parent.execute(command, params)\n/opt/hostedtoolcache/Python/3.12.5/x64/lib/python3.12/site-packages/selenium/webdriver/remote/webdriver.py:354: in execute\n    self.error_handler.check_response(response)\n_ _ _ _ _ _ _ _ _ _ _ _ _ _ _ _ _ _ _ _ _ _ _ _ _ _ _ _ _ _ _ _ _ _ _ _ _ _ _ _ \n\nself = <selenium.webdriver.remote.errorhandler.ErrorHandler object at 0x7f87d15976e0>\nresponse = {'status': 400, 'value': '{\"value\":{\"error\":\"element click intercepted\",\"message\":\"element click intercepted: Element ...\\\\n#20 0x55a20fbd5040 \\\\u003Cunknown>\\\\n#21 0x55a20fbe449c \\\\u003Cunknown>\\\\n#22 0x7f458c494ac3 \\\\u003Cunknown>\\\\n\"}}'}\n\n    def check_response(self, response: Dict[str, Any]) -> None:\n        \"\"\"Checks that a JSON response from the WebDriver does not have an\n        error.\n    \n        :Args:\n         - response - The JSON response from the WebDriver server as a dictionary\n           object.\n    \n        :Raises: If the response contains an error message.\n        \"\"\"\n        status = response.get(\"status\", None)\n        if not status or status == ErrorCode.SUCCESS:\n            return\n        value = None\n        message = response.get(\"message\", \"\")\n        screen: str = response.get(\"screen\", \"\")\n        stacktrace = None\n        if isinstance(status, int):\n            value_json = response.get(\"value\", None)\n            if value_json and isinstance(value_json, str):\n                import json\n    \n                try:\n                    value = json.loads(value_json)\n                    if len(value) == 1:\n                        value = value[\"value\"]\n                    status = value.get(\"error\", None)\n                    if not status:\n                        status = value.get(\"status\", ErrorCode.UNKNOWN_ERROR)\n                        message = value.get(\"value\") or value.get(\"message\")\n                        if not isinstance(message, str):\n                            value = message\n                            message = message.get(\"message\")\n                    else:\n                        message = value.get(\"message\", None)\n                except ValueError:\n                    pass\n    \n        exception_class: Type[WebDriverException]\n        e = ErrorCode()\n        error_codes = [item for item in dir(e) if not item.startswith(\"__\")]\n        for error_code in error_codes:\n            error_info = getattr(ErrorCode, error_code)\n            if isinstance(error_info, list) and status in error_info:\n                exception_class = getattr(ExceptionMapping, error_code, WebDriverException)\n                break\n        else:\n            exception_class = WebDriverException\n    \n        if not value:\n            value = response[\"value\"]\n        if isinstance(value, str):\n            raise exception_class(value)\n        if message == \"\" and \"message\" in value:\n            message = value[\"message\"]\n    \n        screen = None  # type: ignore[assignment]\n        if \"screen\" in value:\n            screen = value[\"screen\"]\n    \n        stacktrace = None\n        st_value = value.get(\"stackTrace\") or value.get(\"stacktrace\")\n        if st_value:\n            if isinstance(st_value, str):\n                stacktrace = st_value.split(\"\\n\")\n            else:\n                stacktrace = []\n                try:\n                    for frame in st_value:\n                        line = frame.get(\"lineNumber\", \"\")\n                        file = frame.get(\"fileName\", \"<anonymous>\")\n                        if line:\n                            file = f\"{file}:{line}\"\n                        meth = frame.get(\"methodName\", \"<anonymous>\")\n                        if \"className\" in frame:\n                            meth = f\"{frame['className']}.{meth}\"\n                        msg = \"    at %s (%s)\"\n                        msg = msg % (meth, file)\n                        stacktrace.append(msg)\n                except TypeError:\n                    pass\n        if exception_class == UnexpectedAlertPresentException:\n            alert_text = None\n            if \"data\" in value:\n                alert_text = value[\"data\"].get(\"text\")\n            elif \"alert\" in value:\n                alert_text = value[\"alert\"].get(\"text\")\n            raise exception_class(message, screen, stacktrace, alert_text)  # type: ignore[call-arg]  # mypy is not smart enough here\n>       raise exception_class(message, screen, stacktrace)\nE       selenium.common.exceptions.ElementClickInterceptedException: Message: element click intercepted: Element <label title=\"\" for=\"hobbies-checkbox-1\" class=\"custom-control-label\">...</label> is not clickable at point (781, 829). Other element would receive the click: <div>...</div>\nE         (Session info: chrome=128.0.6613.119)\nE       Stacktrace:\nE       #0 0x55a20fbe56ca <unknown>\nE       #1 0x55a20f8b6600 <unknown>\nE       #2 0x55a20f90c8e6 <unknown>\nE       #3 0x55a20f90a7f6 <unknown>\nE       #4 0x55a20f908277 <unknown>\nE       #5 0x55a20f90711c <unknown>\nE       #6 0x55a20f8fabe6 <unknown>\nE       #7 0x55a20f9288a2 <unknown>\nE       #8 0x55a20f8fa599 <unknown>\nE       #9 0x55a20f928a6e <unknown>\nE       #10 0x55a20f94704a <unknown>\nE       #11 0x55a20f928643 <unknown>\nE       #12 0x55a20f8f8d31 <unknown>\nE       #13 0x55a20f8f979e <unknown>\nE       #14 0x55a20fbad25b <unknown>\nE       #15 0x55a20fbb11f2 <unknown>\nE       #16 0x55a20fb9a615 <unknown>\nE       #17 0x55a20fbb1d82 <unknown>\nE       #18 0x55a20fb7f25f <unknown>\nE       #19 0x55a20fbd4e68 <unknown>\nE       #20 0x55a20fbd5040 <unknown>\nE       #21 0x55a20fbe449c <unknown>\nE       #22 0x7f458c494ac3 <unknown>\n\n/opt/hostedtoolcache/Python/3.12.5/x64/lib/python3.12/site-packages/selenium/webdriver/remote/errorhandler.py:229: ElementClickInterceptedException","flaky":false,"newFailed":false,"newBroken":false,"newPassed":false,"retriesCount":0,"retriesStatusChange":false,"beforeStages":[{"name":"browser","time":{"start":1726181441041,"stop":1726181441337,"duration":296},"status":"passed","steps":[],"attachments":[],"parameters":[],"shouldDisplayMessage":false,"stepsCount":0,"attachmentsCount":0,"hasContent":false,"attachmentStep":false},{"name":"page","time":{"start":1726181441339,"stop":1726181441339,"duration":0},"status":"passed","steps":[],"attachments":[],"parameters":[],"shouldDisplayMessage":false,"stepsCount":0,"attachmentsCount":0,"hasContent":false,"attachmentStep":false},{"name":"setup_teardown","time":{"start":1726181441339,"stop":1726181441339,"duration":0},"status":"passed","steps":[],"attachments":[],"parameters":[],"shouldDisplayMessage":false,"stepsCount":0,"attachmentsCount":0,"hasContent":false,"attachmentStep":false}],"testStage":{"description":"\n    Этот тест выполняет следующие шаги:\n    1. Открывает страницу регистрации\n    2. Заполняет все поля формы\n    3. Отправляет форму\n    4. Проверяет успешность отправки\n    5. Верифицирует корректность отображения всех введенных данных в модальном окне\n    ","descriptionHtml":"\n<h2>Тестирование формы регистрации на сайте DemoQA</h2>\n<p>Этот набор тестов проверяет функциональность формы регистрации, включая:</p>\n<ul>\n    <li>Заполнение всех полей формы</li>\n    <li>Отправку формы</li>\n    <li>Проверку корректности отображения введенных данных в модальном окне</li>\n</ul>\n","status":"broken","statusMessage":"selenium.common.exceptions.ElementClickInterceptedException: Message: element click intercepted: Element <label title=\"\" for=\"hobbies-checkbox-1\" class=\"custom-control-label\">...</label> is not clickable at point (781, 829). Other element would receive the click: <div>...</div>\n  (Session info: chrome=128.0.6613.119)\nStacktrace:\n#0 0x55a20fbe56ca <unknown>\n#1 0x55a20f8b6600 <unknown>\n#2 0x55a20f90c8e6 <unknown>\n#3 0x55a20f90a7f6 <unknown>\n#4 0x55a20f908277 <unknown>\n#5 0x55a20f90711c <unknown>\n#6 0x55a20f8fabe6 <unknown>\n#7 0x55a20f9288a2 <unknown>\n#8 0x55a20f8fa599 <unknown>\n#9 0x55a20f928a6e <unknown>\n#10 0x55a20f94704a <unknown>\n#11 0x55a20f928643 <unknown>\n#12 0x55a20f8f8d31 <unknown>\n#13 0x55a20f8f979e <unknown>\n#14 0x55a20fbad25b <unknown>\n#15 0x55a20fbb11f2 <unknown>\n#16 0x55a20fb9a615 <unknown>\n#17 0x55a20fbb1d82 <unknown>\n#18 0x55a20fb7f25f <unknown>\n#19 0x55a20fbd4e68 <unknown>\n#20 0x55a20fbd5040 <unknown>\n#21 0x55a20fbe449c <unknown>\n#22 0x7f458c494ac3 <unknown>","statusTrace":"self = <tests.test_filling_out_the_form.TestRegistrationForm object at 0x7f87d1bd28d0>\npage = <pages.registration_page.RegistrationPage object at 0x7f87d1596060>\n\n    @allure.feature(\"Заполнение формы регистрации\")\n    @allure.story(\"Полное заполнение формы и проверка результатов\")\n    @allure.severity(Severity.BLOCKER)\n    @allure.title(\"Тест заполнения и отправки формы регистрации\")\n    @allure.description(\"\"\"\n    Этот тест выполняет следующие шаги:\n    1. Открывает страницу регистрации\n    2. Заполняет все поля формы\n    3. Отправляет форму\n    4. Проверяет успешность отправки\n    5. Верифицирует корректность отображения всех введенных данных в модальном окне\n    \"\"\")\n    def test_fill_registration_form(self, page):\n        logger.info(\"Начало теста заполнения формы регистрации\")\n    \n        with allure.step(\"Открытие страницы регистрации\"):\n            logger.info(\"Открытие страницы регистрации\")\n            page.open()\n    \n        person = PersonData()\n        allure.dynamic.parameter(\"test_data\", asdict(person))\n    \n        with allure.step(\"Заполнение всех полей формы\"):\n>           self._fill_form_fields(page, person)\n\ntests/test_filling_out_the_form.py:53: \n_ _ _ _ _ _ _ _ _ _ _ _ _ _ _ _ _ _ _ _ _ _ _ _ _ _ _ _ _ _ _ _ _ _ _ _ _ _ _ _ \ntests/test_filling_out_the_form.py:91: in _fill_form_fields\n    page.select_hobbies(hobbies)\npages/registration_page.py:138: in select_hobbies\n    self.click(self.HOBBIES[hobby])\npages/base_page.py:38: in click\n    self.find_element(locator).click()\n/opt/hostedtoolcache/Python/3.12.5/x64/lib/python3.12/site-packages/selenium/webdriver/remote/webelement.py:94: in click\n    self._execute(Command.CLICK_ELEMENT)\n/opt/hostedtoolcache/Python/3.12.5/x64/lib/python3.12/site-packages/selenium/webdriver/remote/webelement.py:395: in _execute\n    return self._parent.execute(command, params)\n/opt/hostedtoolcache/Python/3.12.5/x64/lib/python3.12/site-packages/selenium/webdriver/remote/webdriver.py:354: in execute\n    self.error_handler.check_response(response)\n_ _ _ _ _ _ _ _ _ _ _ _ _ _ _ _ _ _ _ _ _ _ _ _ _ _ _ _ _ _ _ _ _ _ _ _ _ _ _ _ \n\nself = <selenium.webdriver.remote.errorhandler.ErrorHandler object at 0x7f87d15976e0>\nresponse = {'status': 400, 'value': '{\"value\":{\"error\":\"element click intercepted\",\"message\":\"element click intercepted: Element ...\\\\n#20 0x55a20fbd5040 \\\\u003Cunknown>\\\\n#21 0x55a20fbe449c \\\\u003Cunknown>\\\\n#22 0x7f458c494ac3 \\\\u003Cunknown>\\\\n\"}}'}\n\n    def check_response(self, response: Dict[str, Any]) -> None:\n        \"\"\"Checks that a JSON response from the WebDriver does not have an\n        error.\n    \n        :Args:\n         - response - The JSON response from the WebDriver server as a dictionary\n           object.\n    \n        :Raises: If the response contains an error message.\n        \"\"\"\n        status = response.get(\"status\", None)\n        if not status or status == ErrorCode.SUCCESS:\n            return\n        value = None\n        message = response.get(\"message\", \"\")\n        screen: str = response.get(\"screen\", \"\")\n        stacktrace = None\n        if isinstance(status, int):\n            value_json = response.get(\"value\", None)\n            if value_json and isinstance(value_json, str):\n                import json\n    \n                try:\n                    value = json.loads(value_json)\n                    if len(value) == 1:\n                        value = value[\"value\"]\n                    status = value.get(\"error\", None)\n                    if not status:\n                        status = value.get(\"status\", ErrorCode.UNKNOWN_ERROR)\n                        message = value.get(\"value\") or value.get(\"message\")\n                        if not isinstance(message, str):\n                            value = message\n                            message = message.get(\"message\")\n                    else:\n                        message = value.get(\"message\", None)\n                except ValueError:\n                    pass\n    \n        exception_class: Type[WebDriverException]\n        e = ErrorCode()\n        error_codes = [item for item in dir(e) if not item.startswith(\"__\")]\n        for error_code in error_codes:\n            error_info = getattr(ErrorCode, error_code)\n            if isinstance(error_info, list) and status in error_info:\n                exception_class = getattr(ExceptionMapping, error_code, WebDriverException)\n                break\n        else:\n            exception_class = WebDriverException\n    \n        if not value:\n            value = response[\"value\"]\n        if isinstance(value, str):\n            raise exception_class(value)\n        if message == \"\" and \"message\" in value:\n            message = value[\"message\"]\n    \n        screen = None  # type: ignore[assignment]\n        if \"screen\" in value:\n            screen = value[\"screen\"]\n    \n        stacktrace = None\n        st_value = value.get(\"stackTrace\") or value.get(\"stacktrace\")\n        if st_value:\n            if isinstance(st_value, str):\n                stacktrace = st_value.split(\"\\n\")\n            else:\n                stacktrace = []\n                try:\n                    for frame in st_value:\n                        line = frame.get(\"lineNumber\", \"\")\n                        file = frame.get(\"fileName\", \"<anonymous>\")\n                        if line:\n                            file = f\"{file}:{line}\"\n                        meth = frame.get(\"methodName\", \"<anonymous>\")\n                        if \"className\" in frame:\n                            meth = f\"{frame['className']}.{meth}\"\n                        msg = \"    at %s (%s)\"\n                        msg = msg % (meth, file)\n                        stacktrace.append(msg)\n                except TypeError:\n                    pass\n        if exception_class == UnexpectedAlertPresentException:\n            alert_text = None\n            if \"data\" in value:\n                alert_text = value[\"data\"].get(\"text\")\n            elif \"alert\" in value:\n                alert_text = value[\"alert\"].get(\"text\")\n            raise exception_class(message, screen, stacktrace, alert_text)  # type: ignore[call-arg]  # mypy is not smart enough here\n>       raise exception_class(message, screen, stacktrace)\nE       selenium.common.exceptions.ElementClickInterceptedException: Message: element click intercepted: Element <label title=\"\" for=\"hobbies-checkbox-1\" class=\"custom-control-label\">...</label> is not clickable at point (781, 829). Other element would receive the click: <div>...</div>\nE         (Session info: chrome=128.0.6613.119)\nE       Stacktrace:\nE       #0 0x55a20fbe56ca <unknown>\nE       #1 0x55a20f8b6600 <unknown>\nE       #2 0x55a20f90c8e6 <unknown>\nE       #3 0x55a20f90a7f6 <unknown>\nE       #4 0x55a20f908277 <unknown>\nE       #5 0x55a20f90711c <unknown>\nE       #6 0x55a20f8fabe6 <unknown>\nE       #7 0x55a20f9288a2 <unknown>\nE       #8 0x55a20f8fa599 <unknown>\nE       #9 0x55a20f928a6e <unknown>\nE       #10 0x55a20f94704a <unknown>\nE       #11 0x55a20f928643 <unknown>\nE       #12 0x55a20f8f8d31 <unknown>\nE       #13 0x55a20f8f979e <unknown>\nE       #14 0x55a20fbad25b <unknown>\nE       #15 0x55a20fbb11f2 <unknown>\nE       #16 0x55a20fb9a615 <unknown>\nE       #17 0x55a20fbb1d82 <unknown>\nE       #18 0x55a20fb7f25f <unknown>\nE       #19 0x55a20fbd4e68 <unknown>\nE       #20 0x55a20fbd5040 <unknown>\nE       #21 0x55a20fbe449c <unknown>\nE       #22 0x7f458c494ac3 <unknown>\n\n/opt/hostedtoolcache/Python/3.12.5/x64/lib/python3.12/site-packages/selenium/webdriver/remote/errorhandler.py:229: ElementClickInterceptedException","steps":[{"name":"Открытие страницы регистрации","time":{"start":1726181441340,"stop":1726181443167,"duration":1827},"status":"passed","steps":[{"name":"Открытие страницы регистрации","time":{"start":1726181441340,"stop":1726181443167,"duration":1827},"status":"passed","steps":[{"name":"Открытие страницы 'https://demoqa.com/automation-practice-form'","time":{"start":1726181441340,"stop":1726181443167,"duration":1827},"status":"passed","steps":[],"attachments":[],"parameters":[{"name":"url","value":"'https://demoqa.com/automation-practice-form'"}],"shouldDisplayMessage":false,"stepsCount":0,"attachmentsCount":0,"hasContent":true,"attachmentStep":false}],"attachments":[],"parameters":[],"shouldDisplayMessage":false,"stepsCount":1,"attachmentsCount":0,"hasContent":true,"attachmentStep":false}],"attachments":[],"parameters":[],"shouldDisplayMessage":false,"stepsCount":2,"attachmentsCount":0,"hasContent":true,"attachmentStep":false},{"name":"Заполнение всех полей формы","time":{"start":1726181443168,"stop":1726181445722,"duration":2554},"status":"broken","statusMessage":"selenium.common.exceptions.ElementClickInterceptedException: Message: element click intercepted: Element <label title=\"\" for=\"hobbies-checkbox-1\" class=\"custom-control-label\">...</label> is not clickable at point (781, 829). Other element would receive the click: <div>...</div>\n  (Session info: chrome=128.0.6613.119)\nStacktrace:\n#0 0x55a20fbe56ca <unknown>\n#1 0x55a20f8b6600 <unknown>\n#2 0x55a20f90c8e6 <unknown>\n#3 0x55a20f90a7f6 <unknown>\n#4 0x55a20f908277 <unknown>\n#5 0x55a20f90711c <unknown>\n#6 0x55a20f8fabe6 <unknown>\n#7 0x55a20f9288a2 <unknown>\n#8 0x55a20f8fa599 <unknown>\n#9 0x55a20f928a6e <unknown>\n#10 0x55a20f94704a <unknown>\n#11 0x55a20f928643 <unknown>\n#12 0x55a20f8f8d31 <unknown>\n#13 0x55a20f8f979e <unknown>\n#14 0x55a20fbad25b <unknown>\n#15 0x55a20fbb11f2 <unknown>\n#16 0x55a20fb9a615 <unknown>\n#17 0x55a20fbb1d82 <unknown>\n#18 0x55a20fb7f25f <unknown>\n#19 0x55a20fbd4e68 <unknown>\n#20 0x55a20fbd5040 <unknown>\n#21 0x55a20fbe449c <unknown>\n#22 0x7f458c494ac3 <unknown>\n\n","statusTrace":"  File \"/home/runner/work/SimbirSoft-SDET-TEST/SimbirSoft-SDET-TEST/tests/test_filling_out_the_form.py\", line 53, in test_fill_registration_form\n    self._fill_form_fields(page, person)\n  File \"/opt/hostedtoolcache/Python/3.12.5/x64/lib/python3.12/site-packages/allure_commons/_allure.py\", line 192, in impl\n    return func(*a, **kw)\n           ^^^^^^^^^^^^^^\n  File \"/home/runner/work/SimbirSoft-SDET-TEST/SimbirSoft-SDET-TEST/tests/test_filling_out_the_form.py\", line 91, in _fill_form_fields\n    page.select_hobbies(hobbies)\n  File \"/opt/hostedtoolcache/Python/3.12.5/x64/lib/python3.12/site-packages/allure_commons/_allure.py\", line 192, in impl\n    return func(*a, **kw)\n           ^^^^^^^^^^^^^^\n  File \"/home/runner/work/SimbirSoft-SDET-TEST/SimbirSoft-SDET-TEST/pages/registration_page.py\", line 138, in select_hobbies\n    self.click(self.HOBBIES[hobby])\n  File \"/opt/hostedtoolcache/Python/3.12.5/x64/lib/python3.12/site-packages/allure_commons/_allure.py\", line 192, in impl\n    return func(*a, **kw)\n           ^^^^^^^^^^^^^^\n  File \"/home/runner/work/SimbirSoft-SDET-TEST/SimbirSoft-SDET-TEST/pages/base_page.py\", line 38, in click\n    self.find_element(locator).click()\n  File \"/opt/hostedtoolcache/Python/3.12.5/x64/lib/python3.12/site-packages/selenium/webdriver/remote/webelement.py\", line 94, in click\n    self._execute(Command.CLICK_ELEMENT)\n  File \"/opt/hostedtoolcache/Python/3.12.5/x64/lib/python3.12/site-packages/selenium/webdriver/remote/webelement.py\", line 395, in _execute\n    return self._parent.execute(command, params)\n           ^^^^^^^^^^^^^^^^^^^^^^^^^^^^^^^^^^^^^\n  File \"/opt/hostedtoolcache/Python/3.12.5/x64/lib/python3.12/site-packages/selenium/webdriver/remote/webdriver.py\", line 354, in execute\n    self.error_handler.check_response(response)\n  File \"/opt/hostedtoolcache/Python/3.12.5/x64/lib/python3.12/site-packages/selenium/webdriver/remote/errorhandler.py\", line 229, in check_response\n    raise exception_class(message, screen, stacktrace)\n","steps":[{"name":"Заполнение полей формы","time":{"start":1726181443168,"stop":1726181445721,"duration":2553},"status":"broken","statusMessage":"selenium.common.exceptions.ElementClickInterceptedException: Message: element click intercepted: Element <label title=\"\" for=\"hobbies-checkbox-1\" class=\"custom-control-label\">...</label> is not clickable at point (781, 829). Other element would receive the click: <div>...</div>\n  (Session info: chrome=128.0.6613.119)\nStacktrace:\n#0 0x55a20fbe56ca <unknown>\n#1 0x55a20f8b6600 <unknown>\n#2 0x55a20f90c8e6 <unknown>\n#3 0x55a20f90a7f6 <unknown>\n#4 0x55a20f908277 <unknown>\n#5 0x55a20f90711c <unknown>\n#6 0x55a20f8fabe6 <unknown>\n#7 0x55a20f9288a2 <unknown>\n#8 0x55a20f8fa599 <unknown>\n#9 0x55a20f928a6e <unknown>\n#10 0x55a20f94704a <unknown>\n#11 0x55a20f928643 <unknown>\n#12 0x55a20f8f8d31 <unknown>\n#13 0x55a20f8f979e <unknown>\n#14 0x55a20fbad25b <unknown>\n#15 0x55a20fbb11f2 <unknown>\n#16 0x55a20fb9a615 <unknown>\n#17 0x55a20fbb1d82 <unknown>\n#18 0x55a20fb7f25f <unknown>\n#19 0x55a20fbd4e68 <unknown>\n#20 0x55a20fbd5040 <unknown>\n#21 0x55a20fbe449c <unknown>\n#22 0x7f458c494ac3 <unknown>\n\n","statusTrace":"  File \"/opt/hostedtoolcache/Python/3.12.5/x64/lib/python3.12/site-packages/allure_commons/_allure.py\", line 192, in impl\n    return func(*a, **kw)\n           ^^^^^^^^^^^^^^\n  File \"/home/runner/work/SimbirSoft-SDET-TEST/SimbirSoft-SDET-TEST/tests/test_filling_out_the_form.py\", line 91, in _fill_form_fields\n    page.select_hobbies(hobbies)\n  File \"/opt/hostedtoolcache/Python/3.12.5/x64/lib/python3.12/site-packages/allure_commons/_allure.py\", line 192, in impl\n    return func(*a, **kw)\n           ^^^^^^^^^^^^^^\n  File \"/home/runner/work/SimbirSoft-SDET-TEST/SimbirSoft-SDET-TEST/pages/registration_page.py\", line 138, in select_hobbies\n    self.click(self.HOBBIES[hobby])\n  File \"/opt/hostedtoolcache/Python/3.12.5/x64/lib/python3.12/site-packages/allure_commons/_allure.py\", line 192, in impl\n    return func(*a, **kw)\n           ^^^^^^^^^^^^^^\n  File \"/home/runner/work/SimbirSoft-SDET-TEST/SimbirSoft-SDET-TEST/pages/base_page.py\", line 38, in click\n    self.find_element(locator).click()\n  File \"/opt/hostedtoolcache/Python/3.12.5/x64/lib/python3.12/site-packages/selenium/webdriver/remote/webelement.py\", line 94, in click\n    self._execute(Command.CLICK_ELEMENT)\n  File \"/opt/hostedtoolcache/Python/3.12.5/x64/lib/python3.12/site-packages/selenium/webdriver/remote/webelement.py\", line 395, in _execute\n    return self._parent.execute(command, params)\n           ^^^^^^^^^^^^^^^^^^^^^^^^^^^^^^^^^^^^^\n  File \"/opt/hostedtoolcache/Python/3.12.5/x64/lib/python3.12/site-packages/selenium/webdriver/remote/webdriver.py\", line 354, in execute\n    self.error_handler.check_response(response)\n  File \"/opt/hostedtoolcache/Python/3.12.5/x64/lib/python3.12/site-packages/selenium/webdriver/remote/errorhandler.py\", line 229, in check_response\n    raise exception_class(message, screen, stacktrace)\n","steps":[{"name":"Заполнение поля 'Имя': 'Eric'","time":{"start":1726181443168,"stop":1726181443240,"duration":72},"status":"passed","steps":[{"name":"Ввод текста ''Eric'' в поле ('xpath', \"//*[@id='firstName']\")","time":{"start":1726181443168,"stop":1726181443240,"duration":72},"status":"passed","steps":[{"name":"Поиск элемента ('xpath', \"//*[@id='firstName']\")","time":{"start":1726181443168,"stop":1726181443181,"duration":13},"status":"passed","steps":[],"attachments":[],"parameters":[{"name":"locator","value":"('xpath', \"//*[@id='firstName']\")"},{"name":"timeout","value":"10"}],"shouldDisplayMessage":false,"stepsCount":0,"attachmentsCount":0,"hasContent":true,"attachmentStep":false}],"attachments":[],"parameters":[{"name":"locator","value":"('xpath', \"//*[@id='firstName']\")"},{"name":"text","value":"'Eric'"}],"shouldDisplayMessage":false,"stepsCount":1,"attachmentsCount":0,"hasContent":true,"attachmentStep":false}],"attachments":[],"parameters":[{"name":"first_name","value":"'Eric'"}],"shouldDisplayMessage":false,"stepsCount":2,"attachmentsCount":0,"hasContent":true,"attachmentStep":false},{"name":"Заполнение поля 'Фамилия': 'Harrison'","time":{"start":1726181443240,"stop":1726181444249,"duration":1009},"status":"passed","steps":[{"name":"Ввод текста ''Harrison'' в поле ('id', 'lastName')","time":{"start":1726181443240,"stop":1726181444249,"duration":1009},"status":"passed","steps":[{"name":"Поиск элемента ('id', 'lastName')","time":{"start":1726181443240,"stop":1726181444137,"duration":897},"status":"passed","steps":[],"attachments":[],"parameters":[{"name":"locator","value":"('id', 'lastName')"},{"name":"timeout","value":"10"}],"shouldDisplayMessage":false,"stepsCount":0,"attachmentsCount":0,"hasContent":true,"attachmentStep":false}],"attachments":[],"parameters":[{"name":"locator","value":"('id', 'lastName')"},{"name":"text","value":"'Harrison'"}],"shouldDisplayMessage":false,"stepsCount":1,"attachmentsCount":0,"hasContent":true,"attachmentStep":false}],"attachments":[],"parameters":[{"name":"name","value":"'Harrison'"}],"shouldDisplayMessage":false,"stepsCount":2,"attachmentsCount":0,"hasContent":true,"attachmentStep":false},{"name":"Заполнение поля 'Email': 'khamilton@example.org'","time":{"start":1726181444249,"stop":1726181444398,"duration":149},"status":"passed","steps":[{"name":"Ввод текста ''khamilton@example.org'' в поле ('id', 'userEmail')","time":{"start":1726181444249,"stop":1726181444398,"duration":149},"status":"passed","steps":[{"name":"Поиск элемента ('id', 'userEmail')","time":{"start":1726181444249,"stop":1726181444274,"duration":25},"status":"passed","steps":[],"attachments":[],"parameters":[{"name":"locator","value":"('id', 'userEmail')"},{"name":"timeout","value":"10"}],"shouldDisplayMessage":false,"stepsCount":0,"attachmentsCount":0,"hasContent":true,"attachmentStep":false}],"attachments":[],"parameters":[{"name":"locator","value":"('id', 'userEmail')"},{"name":"text","value":"'khamilton@example.org'"}],"shouldDisplayMessage":false,"stepsCount":1,"attachmentsCount":0,"hasContent":true,"attachmentStep":false}],"attachments":[],"parameters":[{"name":"email","value":"'khamilton@example.org'"}],"shouldDisplayMessage":false,"stepsCount":2,"attachmentsCount":0,"hasContent":true,"attachmentStep":false},{"name":"Выбор пола: 'Male'","time":{"start":1726181444398,"stop":1726181444528,"duration":130},"status":"passed","steps":[{"name":"Клик по элементу ('css selector', \"label[for='gender-radio-1']\")","time":{"start":1726181444398,"stop":1726181444528,"duration":130},"status":"passed","steps":[{"name":"Поиск элемента ('css selector', \"label[for='gender-radio-1']\")","time":{"start":1726181444398,"stop":1726181444417,"duration":19},"status":"passed","steps":[],"attachments":[],"parameters":[{"name":"locator","value":"('css selector', \"label[for='gender-radio-1']\")"},{"name":"timeout","value":"10"}],"shouldDisplayMessage":false,"stepsCount":0,"attachmentsCount":0,"hasContent":true,"attachmentStep":false}],"attachments":[],"parameters":[{"name":"locator","value":"('css selector', \"label[for='gender-radio-1']\")"}],"shouldDisplayMessage":false,"stepsCount":1,"attachmentsCount":0,"hasContent":true,"attachmentStep":false}],"attachments":[],"parameters":[{"name":"gender","value":"'Male'"}],"shouldDisplayMessage":false,"stepsCount":2,"attachmentsCount":0,"hasContent":true,"attachmentStep":false},{"name":"Заполнение поля 'Мобильный телефон': '2582223187'","time":{"start":1726181444528,"stop":1726181444625,"duration":97},"status":"passed","steps":[{"name":"Ввод текста ''2582223187'' в поле ('id', 'userNumber')","time":{"start":1726181444528,"stop":1726181444625,"duration":97},"status":"passed","steps":[{"name":"Поиск элемента ('id', 'userNumber')","time":{"start":1726181444528,"stop":1726181444549,"duration":21},"status":"passed","steps":[],"attachments":[],"parameters":[{"name":"locator","value":"('id', 'userNumber')"},{"name":"timeout","value":"10"}],"shouldDisplayMessage":false,"stepsCount":0,"attachmentsCount":0,"hasContent":true,"attachmentStep":false}],"attachments":[],"parameters":[{"name":"locator","value":"('id', 'userNumber')"},{"name":"text","value":"'2582223187'"}],"shouldDisplayMessage":false,"stepsCount":1,"attachmentsCount":0,"hasContent":true,"attachmentStep":false}],"attachments":[],"parameters":[{"name":"mobile","value":"'2582223187'"}],"shouldDisplayMessage":false,"stepsCount":2,"attachmentsCount":0,"hasContent":true,"attachmentStep":false},{"name":"Выбор хобби: ['Sports', 'Reading']","time":{"start":1726181444626,"stop":1726181445720,"duration":1094},"status":"broken","statusMessage":"selenium.common.exceptions.ElementClickInterceptedException: Message: element click intercepted: Element <label title=\"\" for=\"hobbies-checkbox-1\" class=\"custom-control-label\">...</label> is not clickable at point (781, 829). Other element would receive the click: <div>...</div>\n  (Session info: chrome=128.0.6613.119)\nStacktrace:\n#0 0x55a20fbe56ca <unknown>\n#1 0x55a20f8b6600 <unknown>\n#2 0x55a20f90c8e6 <unknown>\n#3 0x55a20f90a7f6 <unknown>\n#4 0x55a20f908277 <unknown>\n#5 0x55a20f90711c <unknown>\n#6 0x55a20f8fabe6 <unknown>\n#7 0x55a20f9288a2 <unknown>\n#8 0x55a20f8fa599 <unknown>\n#9 0x55a20f928a6e <unknown>\n#10 0x55a20f94704a <unknown>\n#11 0x55a20f928643 <unknown>\n#12 0x55a20f8f8d31 <unknown>\n#13 0x55a20f8f979e <unknown>\n#14 0x55a20fbad25b <unknown>\n#15 0x55a20fbb11f2 <unknown>\n#16 0x55a20fb9a615 <unknown>\n#17 0x55a20fbb1d82 <unknown>\n#18 0x55a20fb7f25f <unknown>\n#19 0x55a20fbd4e68 <unknown>\n#20 0x55a20fbd5040 <unknown>\n#21 0x55a20fbe449c <unknown>\n#22 0x7f458c494ac3 <unknown>\n\n","statusTrace":"  File \"/opt/hostedtoolcache/Python/3.12.5/x64/lib/python3.12/site-packages/allure_commons/_allure.py\", line 192, in impl\n    return func(*a, **kw)\n           ^^^^^^^^^^^^^^\n  File \"/home/runner/work/SimbirSoft-SDET-TEST/SimbirSoft-SDET-TEST/pages/registration_page.py\", line 138, in select_hobbies\n    self.click(self.HOBBIES[hobby])\n  File \"/opt/hostedtoolcache/Python/3.12.5/x64/lib/python3.12/site-packages/allure_commons/_allure.py\", line 192, in impl\n    return func(*a, **kw)\n           ^^^^^^^^^^^^^^\n  File \"/home/runner/work/SimbirSoft-SDET-TEST/SimbirSoft-SDET-TEST/pages/base_page.py\", line 38, in click\n    self.find_element(locator).click()\n  File \"/opt/hostedtoolcache/Python/3.12.5/x64/lib/python3.12/site-packages/selenium/webdriver/remote/webelement.py\", line 94, in click\n    self._execute(Command.CLICK_ELEMENT)\n  File \"/opt/hostedtoolcache/Python/3.12.5/x64/lib/python3.12/site-packages/selenium/webdriver/remote/webelement.py\", line 395, in _execute\n    return self._parent.execute(command, params)\n           ^^^^^^^^^^^^^^^^^^^^^^^^^^^^^^^^^^^^^\n  File \"/opt/hostedtoolcache/Python/3.12.5/x64/lib/python3.12/site-packages/selenium/webdriver/remote/webdriver.py\", line 354, in execute\n    self.error_handler.check_response(response)\n  File \"/opt/hostedtoolcache/Python/3.12.5/x64/lib/python3.12/site-packages/selenium/webdriver/remote/errorhandler.py\", line 229, in check_response\n    raise exception_class(message, screen, stacktrace)\n","steps":[{"name":"Клик по элементу ('xpath', '//label[@for=\"hobbies-checkbox-1\"]')","time":{"start":1726181444626,"stop":1726181445720,"duration":1094},"status":"broken","statusMessage":"selenium.common.exceptions.ElementClickInterceptedException: Message: element click intercepted: Element <label title=\"\" for=\"hobbies-checkbox-1\" class=\"custom-control-label\">...</label> is not clickable at point (781, 829). Other element would receive the click: <div>...</div>\n  (Session info: chrome=128.0.6613.119)\nStacktrace:\n#0 0x55a20fbe56ca <unknown>\n#1 0x55a20f8b6600 <unknown>\n#2 0x55a20f90c8e6 <unknown>\n#3 0x55a20f90a7f6 <unknown>\n#4 0x55a20f908277 <unknown>\n#5 0x55a20f90711c <unknown>\n#6 0x55a20f8fabe6 <unknown>\n#7 0x55a20f9288a2 <unknown>\n#8 0x55a20f8fa599 <unknown>\n#9 0x55a20f928a6e <unknown>\n#10 0x55a20f94704a <unknown>\n#11 0x55a20f928643 <unknown>\n#12 0x55a20f8f8d31 <unknown>\n#13 0x55a20f8f979e <unknown>\n#14 0x55a20fbad25b <unknown>\n#15 0x55a20fbb11f2 <unknown>\n#16 0x55a20fb9a615 <unknown>\n#17 0x55a20fbb1d82 <unknown>\n#18 0x55a20fb7f25f <unknown>\n#19 0x55a20fbd4e68 <unknown>\n#20 0x55a20fbd5040 <unknown>\n#21 0x55a20fbe449c <unknown>\n#22 0x7f458c494ac3 <unknown>\n\n","statusTrace":"  File \"/opt/hostedtoolcache/Python/3.12.5/x64/lib/python3.12/site-packages/allure_commons/_allure.py\", line 192, in impl\n    return func(*a, **kw)\n           ^^^^^^^^^^^^^^\n  File \"/home/runner/work/SimbirSoft-SDET-TEST/SimbirSoft-SDET-TEST/pages/base_page.py\", line 38, in click\n    self.find_element(locator).click()\n  File \"/opt/hostedtoolcache/Python/3.12.5/x64/lib/python3.12/site-packages/selenium/webdriver/remote/webelement.py\", line 94, in click\n    self._execute(Command.CLICK_ELEMENT)\n  File \"/opt/hostedtoolcache/Python/3.12.5/x64/lib/python3.12/site-packages/selenium/webdriver/remote/webelement.py\", line 395, in _execute\n    return self._parent.execute(command, params)\n           ^^^^^^^^^^^^^^^^^^^^^^^^^^^^^^^^^^^^^\n  File \"/opt/hostedtoolcache/Python/3.12.5/x64/lib/python3.12/site-packages/selenium/webdriver/remote/webdriver.py\", line 354, in execute\n    self.error_handler.check_response(response)\n  File \"/opt/hostedtoolcache/Python/3.12.5/x64/lib/python3.12/site-packages/selenium/webdriver/remote/errorhandler.py\", line 229, in check_response\n    raise exception_class(message, screen, stacktrace)\n","steps":[{"name":"Поиск элемента ('xpath', '//label[@for=\"hobbies-checkbox-1\"]')","time":{"start":1726181444626,"stop":1726181444644,"duration":18},"status":"passed","steps":[],"attachments":[],"parameters":[{"name":"locator","value":"('xpath', '//label[@for=\"hobbies-checkbox-1\"]')"},{"name":"timeout","value":"10"}],"shouldDisplayMessage":false,"stepsCount":0,"attachmentsCount":0,"hasContent":true,"attachmentStep":false}],"attachments":[],"parameters":[{"name":"locator","value":"('xpath', '//label[@for=\"hobbies-checkbox-1\"]')"}],"shouldDisplayMessage":true,"stepsCount":1,"attachmentsCount":0,"hasContent":true,"attachmentStep":false}],"attachments":[],"parameters":[{"name":"hobbies","value":"['Sports', 'Reading']"}],"shouldDisplayMessage":false,"stepsCount":2,"attachmentsCount":0,"hasContent":true,"attachmentStep":false}],"attachments":[],"parameters":[{"name":"page","value":"<pages.registration_page.RegistrationPage object at 0x7f87d1596060>"},{"name":"person","value":"PersonData(first_name='Eric', last_name='Harrison', email='khamilton@example.org', mobile='2582223187', current_address='USS Miller\\nFPO AP 33866')"}],"shouldDisplayMessage":false,"stepsCount":18,"attachmentsCount":0,"hasContent":true,"attachmentStep":false}],"attachments":[],"parameters":[],"shouldDisplayMessage":false,"stepsCount":19,"attachmentsCount":0,"hasContent":true,"attachmentStep":false}],"attachments":[{"uid":"b3c2aad6c3fa000e","name":"log","source":"b3c2aad6c3fa000e.txt","type":"text/plain","size":12455},{"uid":"53539a674037ef8e","name":"stdout","source":"53539a674037ef8e.txt","type":"text/plain","size":9516}],"parameters":[],"shouldDisplayMessage":true,"stepsCount":23,"attachmentsCount":2,"hasContent":true,"attachmentStep":false},"afterStages":[{"name":"setup_teardown::0","time":{"start":1726181445782,"stop":1726181445968,"duration":186},"status":"broken","statusMessage":"TypeError: sequence item 0: expected str instance, dict found\n","statusTrace":"  File \"/opt/hostedtoolcache/Python/3.12.5/x64/lib/python3.12/site-packages/allure_commons/_allure.py\", line 221, in __call__\n    return self._fixture_function(*args, **kwargs)\n           ^^^^^^^^^^^^^^^^^^^^^^^^^^^^^^^^^^^^^^^\n  File \"/opt/hostedtoolcache/Python/3.12.5/x64/lib/python3.12/site-packages/_pytest/fixtures.py\", line 906, in _teardown_yield_fixture\n    next(it)\n  File \"/home/runner/work/SimbirSoft-SDET-TEST/SimbirSoft-SDET-TEST/conftest.py\", line 35, in setup_teardown\n    \"\\n\".join(browser.get_log(\"browser\")),\n    ^^^^^^^^^^^^^^^^^^^^^^^^^^^^^^^^^^^^^\n","steps":[],"attachments":[{"uid":"94ce128305106a74","name":"screenshot_test_fill_registration_form","source":"94ce128305106a74.png","type":"image/png","size":357023}],"parameters":[],"shouldDisplayMessage":true,"stepsCount":0,"attachmentsCount":1,"hasContent":true,"attachmentStep":false},{"name":"browser::0","time":{"start":1726181445968,"stop":1726181446057,"duration":89},"status":"passed","steps":[],"attachments":[],"parameters":[],"shouldDisplayMessage":false,"stepsCount":0,"attachmentsCount":0,"hasContent":false,"attachmentStep":false}],"labels":[{"name":"severity","value":"blocker"},{"name":"epic","value":"Тестирование формы регистрации"},{"name":"story","value":"Полное заполнение формы и проверка результатов"},{"name":"feature","value":"Заполнение формы регистрации"},{"name":"parentSuite","value":"tests"},{"name":"suite","value":"test_filling_out_the_form"},{"name":"subSuite","value":"TestRegistrationForm"},{"name":"host","value":"fv-az1149-184"},{"name":"thread","value":"2255-MainThread"},{"name":"framework","value":"pytest"},{"name":"language","value":"cpython3"},{"name":"package","value":"tests.test_filling_out_the_form"},{"name":"resultFormat","value":"allure2"}],"parameters":[{"name":"browser","value":"'chrome'"},{"name":"test_data","value":"{'first_name': 'Eric', 'last_name': 'Harrison', 'email': 'khamilton@example.org', 'mobile': '2582223187', 'current_address': 'USS Miller\\nFPO AP 33866'}"}],"links":[],"hidden":false,"retry":false,"extra":{"severity":"blocker","retries":[],"categories":[{"name":"Test defects","matchedStatuses":[],"flaky":false}],"tags":[]},"source":"9a6b09292835491.json","parameterValues":["'chrome'","{'first_name': 'Eric', 'last_name': 'Harrison', 'email': 'khamilton@example.org', 'mobile': '2582223187', 'current_address': 'USS Miller\\nFPO AP 33866'}"]}