{"uid":"1482298de3761269","name":"Тест заполнения и отправки формы регистрации","fullName":"tests.test_filling_out_the_form.TestRegistrationForm#test_fill_registration_form","historyId":"098499eaa2bebb548a724cf6928a955e","time":{"start":1726182014538,"stop":1726182020676,"duration":6138},"description":"\n    Этот тест выполняет следующие шаги:\n    1. Открывает страницу регистрации\n    2. Заполняет все поля формы\n    3. Отправляет форму\n    4. Проверяет успешность отправки\n    5. Верифицирует корректность отображения всех введенных данных в модальном окне\n    ","descriptionHtml":"\n<h2>Тестирование формы регистрации на сайте DemoQA</h2>\n<p>Этот набор тестов проверяет функциональность формы регистрации, включая:</p>\n<ul>\n    <li>Заполнение всех полей формы</li>\n    <li>Отправку формы</li>\n    <li>Проверку корректности отображения введенных данных в модальном окне</li>\n</ul>\n","status":"broken","statusMessage":"selenium.common.exceptions.ElementClickInterceptedException: Message: element click intercepted: Element <label title=\"\" for=\"hobbies-checkbox-1\" class=\"custom-control-label\">...</label> is not clickable at point (781, 829). Other element would receive the click: <div>...</div>\n  (Session info: chrome=128.0.6613.119)\nStacktrace:\n#0 0x5575dda256ca <unknown>\n#1 0x5575dd6f6600 <unknown>\n#2 0x5575dd74c8e6 <unknown>\n#3 0x5575dd74a7f6 <unknown>\n#4 0x5575dd748277 <unknown>\n#5 0x5575dd74711c <unknown>\n#6 0x5575dd73abe6 <unknown>\n#7 0x5575dd7688a2 <unknown>\n#8 0x5575dd73a599 <unknown>\n#9 0x5575dd768a6e <unknown>\n#10 0x5575dd78704a <unknown>\n#11 0x5575dd768643 <unknown>\n#12 0x5575dd738d31 <unknown>\n#13 0x5575dd73979e <unknown>\n#14 0x5575dd9ed25b <unknown>\n#15 0x5575dd9f11f2 <unknown>\n#16 0x5575dd9da615 <unknown>\n#17 0x5575dd9f1d82 <unknown>\n#18 0x5575dd9bf25f <unknown>\n#19 0x5575dda14e68 <unknown>\n#20 0x5575dda15040 <unknown>\n#21 0x5575dda2449c <unknown>\n#22 0x7fd7df494ac3 <unknown>","statusTrace":"self = <tests.test_filling_out_the_form.TestRegistrationForm object at 0x7f895d269220>\npage = <pages.registration_page.RegistrationPage object at 0x7f895d093ec0>\n\n    @allure.feature(\"Заполнение формы регистрации\")\n    @allure.story(\"Полное заполнение формы и проверка результатов\")\n    @allure.severity(Severity.BLOCKER)\n    @allure.title(\"Тест заполнения и отправки формы регистрации\")\n    @allure.description(\"\"\"\n    Этот тест выполняет следующие шаги:\n    1. Открывает страницу регистрации\n    2. Заполняет все поля формы\n    3. Отправляет форму\n    4. Проверяет успешность отправки\n    5. Верифицирует корректность отображения всех введенных данных в модальном окне\n    \"\"\")\n    def test_fill_registration_form(self, page):\n        logger.info(\"Начало теста заполнения формы регистрации\")\n    \n        with allure.step(\"Открытие страницы регистрации\"):\n            logger.info(\"Открытие страницы регистрации\")\n            page.open()\n    \n        person = PersonData()\n        allure.dynamic.parameter(\"test_data\", asdict(person))\n    \n        with allure.step(\"Заполнение всех полей формы\"):\n>           self._fill_form_fields(page, person)\n\ntests/test_filling_out_the_form.py:53: \n_ _ _ _ _ _ _ _ _ _ _ _ _ _ _ _ _ _ _ _ _ _ _ _ _ _ _ _ _ _ _ _ _ _ _ _ _ _ _ _ \ntests/test_filling_out_the_form.py:91: in _fill_form_fields\n    page.select_hobbies(hobbies)\npages/registration_page.py:138: in select_hobbies\n    self.click(self.HOBBIES[hobby])\npages/base_page.py:38: in click\n    self.find_element(locator).click()\n/opt/hostedtoolcache/Python/3.12.5/x64/lib/python3.12/site-packages/selenium/webdriver/remote/webelement.py:94: in click\n    self._execute(Command.CLICK_ELEMENT)\n/opt/hostedtoolcache/Python/3.12.5/x64/lib/python3.12/site-packages/selenium/webdriver/remote/webelement.py:395: in _execute\n    return self._parent.execute(command, params)\n/opt/hostedtoolcache/Python/3.12.5/x64/lib/python3.12/site-packages/selenium/webdriver/remote/webdriver.py:354: in execute\n    self.error_handler.check_response(response)\n_ _ _ _ _ _ _ _ _ _ _ _ _ _ _ _ _ _ _ _ _ _ _ _ _ _ _ _ _ _ _ _ _ _ _ _ _ _ _ _ \n\nself = <selenium.webdriver.remote.errorhandler.ErrorHandler object at 0x7f895d092210>\nresponse = {'status': 400, 'value': '{\"value\":{\"error\":\"element click intercepted\",\"message\":\"element click intercepted: Element ...\\\\n#20 0x5575dda15040 \\\\u003Cunknown>\\\\n#21 0x5575dda2449c \\\\u003Cunknown>\\\\n#22 0x7fd7df494ac3 \\\\u003Cunknown>\\\\n\"}}'}\n\n    def check_response(self, response: Dict[str, Any]) -> None:\n        \"\"\"Checks that a JSON response from the WebDriver does not have an\n        error.\n    \n        :Args:\n         - response - The JSON response from the WebDriver server as a dictionary\n           object.\n    \n        :Raises: If the response contains an error message.\n        \"\"\"\n        status = response.get(\"status\", None)\n        if not status or status == ErrorCode.SUCCESS:\n            return\n        value = None\n        message = response.get(\"message\", \"\")\n        screen: str = response.get(\"screen\", \"\")\n        stacktrace = None\n        if isinstance(status, int):\n            value_json = response.get(\"value\", None)\n            if value_json and isinstance(value_json, str):\n                import json\n    \n                try:\n                    value = json.loads(value_json)\n                    if len(value) == 1:\n                        value = value[\"value\"]\n                    status = value.get(\"error\", None)\n                    if not status:\n                        status = value.get(\"status\", ErrorCode.UNKNOWN_ERROR)\n                        message = value.get(\"value\") or value.get(\"message\")\n                        if not isinstance(message, str):\n                            value = message\n                            message = message.get(\"message\")\n                    else:\n                        message = value.get(\"message\", None)\n                except ValueError:\n                    pass\n    \n        exception_class: Type[WebDriverException]\n        e = ErrorCode()\n        error_codes = [item for item in dir(e) if not item.startswith(\"__\")]\n        for error_code in error_codes:\n            error_info = getattr(ErrorCode, error_code)\n            if isinstance(error_info, list) and status in error_info:\n                exception_class = getattr(ExceptionMapping, error_code, WebDriverException)\n                break\n        else:\n            exception_class = WebDriverException\n    \n        if not value:\n            value = response[\"value\"]\n        if isinstance(value, str):\n            raise exception_class(value)\n        if message == \"\" and \"message\" in value:\n            message = value[\"message\"]\n    \n        screen = None  # type: ignore[assignment]\n        if \"screen\" in value:\n            screen = value[\"screen\"]\n    \n        stacktrace = None\n        st_value = value.get(\"stackTrace\") or value.get(\"stacktrace\")\n        if st_value:\n            if isinstance(st_value, str):\n                stacktrace = st_value.split(\"\\n\")\n            else:\n                stacktrace = []\n                try:\n                    for frame in st_value:\n                        line = frame.get(\"lineNumber\", \"\")\n                        file = frame.get(\"fileName\", \"<anonymous>\")\n                        if line:\n                            file = f\"{file}:{line}\"\n                        meth = frame.get(\"methodName\", \"<anonymous>\")\n                        if \"className\" in frame:\n                            meth = f\"{frame['className']}.{meth}\"\n                        msg = \"    at %s (%s)\"\n                        msg = msg % (meth, file)\n                        stacktrace.append(msg)\n                except TypeError:\n                    pass\n        if exception_class == UnexpectedAlertPresentException:\n            alert_text = None\n            if \"data\" in value:\n                alert_text = value[\"data\"].get(\"text\")\n            elif \"alert\" in value:\n                alert_text = value[\"alert\"].get(\"text\")\n            raise exception_class(message, screen, stacktrace, alert_text)  # type: ignore[call-arg]  # mypy is not smart enough here\n>       raise exception_class(message, screen, stacktrace)\nE       selenium.common.exceptions.ElementClickInterceptedException: Message: element click intercepted: Element <label title=\"\" for=\"hobbies-checkbox-1\" class=\"custom-control-label\">...</label> is not clickable at point (781, 829). Other element would receive the click: <div>...</div>\nE         (Session info: chrome=128.0.6613.119)\nE       Stacktrace:\nE       #0 0x5575dda256ca <unknown>\nE       #1 0x5575dd6f6600 <unknown>\nE       #2 0x5575dd74c8e6 <unknown>\nE       #3 0x5575dd74a7f6 <unknown>\nE       #4 0x5575dd748277 <unknown>\nE       #5 0x5575dd74711c <unknown>\nE       #6 0x5575dd73abe6 <unknown>\nE       #7 0x5575dd7688a2 <unknown>\nE       #8 0x5575dd73a599 <unknown>\nE       #9 0x5575dd768a6e <unknown>\nE       #10 0x5575dd78704a <unknown>\nE       #11 0x5575dd768643 <unknown>\nE       #12 0x5575dd738d31 <unknown>\nE       #13 0x5575dd73979e <unknown>\nE       #14 0x5575dd9ed25b <unknown>\nE       #15 0x5575dd9f11f2 <unknown>\nE       #16 0x5575dd9da615 <unknown>\nE       #17 0x5575dd9f1d82 <unknown>\nE       #18 0x5575dd9bf25f <unknown>\nE       #19 0x5575dda14e68 <unknown>\nE       #20 0x5575dda15040 <unknown>\nE       #21 0x5575dda2449c <unknown>\nE       #22 0x7fd7df494ac3 <unknown>\n\n/opt/hostedtoolcache/Python/3.12.5/x64/lib/python3.12/site-packages/selenium/webdriver/remote/errorhandler.py:229: ElementClickInterceptedException","flaky":false,"newFailed":false,"newBroken":false,"newPassed":false,"retriesCount":0,"retriesStatusChange":false,"beforeStages":[{"name":"browser","time":{"start":1726182013988,"stop":1726182014537,"duration":549},"status":"passed","steps":[],"attachments":[],"parameters":[],"shouldDisplayMessage":false,"stepsCount":0,"attachmentsCount":0,"hasContent":false,"attachmentStep":false},{"name":"page","time":{"start":1726182014537,"stop":1726182014537,"duration":0},"status":"passed","steps":[],"attachments":[],"parameters":[],"shouldDisplayMessage":false,"stepsCount":0,"attachmentsCount":0,"hasContent":false,"attachmentStep":false},{"name":"setup_teardown","time":{"start":1726182014537,"stop":1726182014537,"duration":0},"status":"passed","steps":[],"attachments":[],"parameters":[],"shouldDisplayMessage":false,"stepsCount":0,"attachmentsCount":0,"hasContent":false,"attachmentStep":false}],"testStage":{"description":"\n    Этот тест выполняет следующие шаги:\n    1. Открывает страницу регистрации\n    2. Заполняет все поля формы\n    3. Отправляет форму\n    4. Проверяет успешность отправки\n    5. Верифицирует корректность отображения всех введенных данных в модальном окне\n    ","descriptionHtml":"\n<h2>Тестирование формы регистрации на сайте DemoQA</h2>\n<p>Этот набор тестов проверяет функциональность формы регистрации, включая:</p>\n<ul>\n    <li>Заполнение всех полей формы</li>\n    <li>Отправку формы</li>\n    <li>Проверку корректности отображения введенных данных в модальном окне</li>\n</ul>\n","status":"broken","statusMessage":"selenium.common.exceptions.ElementClickInterceptedException: Message: element click intercepted: Element <label title=\"\" for=\"hobbies-checkbox-1\" class=\"custom-control-label\">...</label> is not clickable at point (781, 829). Other element would receive the click: <div>...</div>\n  (Session info: chrome=128.0.6613.119)\nStacktrace:\n#0 0x5575dda256ca <unknown>\n#1 0x5575dd6f6600 <unknown>\n#2 0x5575dd74c8e6 <unknown>\n#3 0x5575dd74a7f6 <unknown>\n#4 0x5575dd748277 <unknown>\n#5 0x5575dd74711c <unknown>\n#6 0x5575dd73abe6 <unknown>\n#7 0x5575dd7688a2 <unknown>\n#8 0x5575dd73a599 <unknown>\n#9 0x5575dd768a6e <unknown>\n#10 0x5575dd78704a <unknown>\n#11 0x5575dd768643 <unknown>\n#12 0x5575dd738d31 <unknown>\n#13 0x5575dd73979e <unknown>\n#14 0x5575dd9ed25b <unknown>\n#15 0x5575dd9f11f2 <unknown>\n#16 0x5575dd9da615 <unknown>\n#17 0x5575dd9f1d82 <unknown>\n#18 0x5575dd9bf25f <unknown>\n#19 0x5575dda14e68 <unknown>\n#20 0x5575dda15040 <unknown>\n#21 0x5575dda2449c <unknown>\n#22 0x7fd7df494ac3 <unknown>","statusTrace":"self = <tests.test_filling_out_the_form.TestRegistrationForm object at 0x7f895d269220>\npage = <pages.registration_page.RegistrationPage object at 0x7f895d093ec0>\n\n    @allure.feature(\"Заполнение формы регистрации\")\n    @allure.story(\"Полное заполнение формы и проверка результатов\")\n    @allure.severity(Severity.BLOCKER)\n    @allure.title(\"Тест заполнения и отправки формы регистрации\")\n    @allure.description(\"\"\"\n    Этот тест выполняет следующие шаги:\n    1. Открывает страницу регистрации\n    2. Заполняет все поля формы\n    3. Отправляет форму\n    4. Проверяет успешность отправки\n    5. Верифицирует корректность отображения всех введенных данных в модальном окне\n    \"\"\")\n    def test_fill_registration_form(self, page):\n        logger.info(\"Начало теста заполнения формы регистрации\")\n    \n        with allure.step(\"Открытие страницы регистрации\"):\n            logger.info(\"Открытие страницы регистрации\")\n            page.open()\n    \n        person = PersonData()\n        allure.dynamic.parameter(\"test_data\", asdict(person))\n    \n        with allure.step(\"Заполнение всех полей формы\"):\n>           self._fill_form_fields(page, person)\n\ntests/test_filling_out_the_form.py:53: \n_ _ _ _ _ _ _ _ _ _ _ _ _ _ _ _ _ _ _ _ _ _ _ _ _ _ _ _ _ _ _ _ _ _ _ _ _ _ _ _ \ntests/test_filling_out_the_form.py:91: in _fill_form_fields\n    page.select_hobbies(hobbies)\npages/registration_page.py:138: in select_hobbies\n    self.click(self.HOBBIES[hobby])\npages/base_page.py:38: in click\n    self.find_element(locator).click()\n/opt/hostedtoolcache/Python/3.12.5/x64/lib/python3.12/site-packages/selenium/webdriver/remote/webelement.py:94: in click\n    self._execute(Command.CLICK_ELEMENT)\n/opt/hostedtoolcache/Python/3.12.5/x64/lib/python3.12/site-packages/selenium/webdriver/remote/webelement.py:395: in _execute\n    return self._parent.execute(command, params)\n/opt/hostedtoolcache/Python/3.12.5/x64/lib/python3.12/site-packages/selenium/webdriver/remote/webdriver.py:354: in execute\n    self.error_handler.check_response(response)\n_ _ _ _ _ _ _ _ _ _ _ _ _ _ _ _ _ _ _ _ _ _ _ _ _ _ _ _ _ _ _ _ _ _ _ _ _ _ _ _ \n\nself = <selenium.webdriver.remote.errorhandler.ErrorHandler object at 0x7f895d092210>\nresponse = {'status': 400, 'value': '{\"value\":{\"error\":\"element click intercepted\",\"message\":\"element click intercepted: Element ...\\\\n#20 0x5575dda15040 \\\\u003Cunknown>\\\\n#21 0x5575dda2449c \\\\u003Cunknown>\\\\n#22 0x7fd7df494ac3 \\\\u003Cunknown>\\\\n\"}}'}\n\n    def check_response(self, response: Dict[str, Any]) -> None:\n        \"\"\"Checks that a JSON response from the WebDriver does not have an\n        error.\n    \n        :Args:\n         - response - The JSON response from the WebDriver server as a dictionary\n           object.\n    \n        :Raises: If the response contains an error message.\n        \"\"\"\n        status = response.get(\"status\", None)\n        if not status or status == ErrorCode.SUCCESS:\n            return\n        value = None\n        message = response.get(\"message\", \"\")\n        screen: str = response.get(\"screen\", \"\")\n        stacktrace = None\n        if isinstance(status, int):\n            value_json = response.get(\"value\", None)\n            if value_json and isinstance(value_json, str):\n                import json\n    \n                try:\n                    value = json.loads(value_json)\n                    if len(value) == 1:\n                        value = value[\"value\"]\n                    status = value.get(\"error\", None)\n                    if not status:\n                        status = value.get(\"status\", ErrorCode.UNKNOWN_ERROR)\n                        message = value.get(\"value\") or value.get(\"message\")\n                        if not isinstance(message, str):\n                            value = message\n                            message = message.get(\"message\")\n                    else:\n                        message = value.get(\"message\", None)\n                except ValueError:\n                    pass\n    \n        exception_class: Type[WebDriverException]\n        e = ErrorCode()\n        error_codes = [item for item in dir(e) if not item.startswith(\"__\")]\n        for error_code in error_codes:\n            error_info = getattr(ErrorCode, error_code)\n            if isinstance(error_info, list) and status in error_info:\n                exception_class = getattr(ExceptionMapping, error_code, WebDriverException)\n                break\n        else:\n            exception_class = WebDriverException\n    \n        if not value:\n            value = response[\"value\"]\n        if isinstance(value, str):\n            raise exception_class(value)\n        if message == \"\" and \"message\" in value:\n            message = value[\"message\"]\n    \n        screen = None  # type: ignore[assignment]\n        if \"screen\" in value:\n            screen = value[\"screen\"]\n    \n        stacktrace = None\n        st_value = value.get(\"stackTrace\") or value.get(\"stacktrace\")\n        if st_value:\n            if isinstance(st_value, str):\n                stacktrace = st_value.split(\"\\n\")\n            else:\n                stacktrace = []\n                try:\n                    for frame in st_value:\n                        line = frame.get(\"lineNumber\", \"\")\n                        file = frame.get(\"fileName\", \"<anonymous>\")\n                        if line:\n                            file = f\"{file}:{line}\"\n                        meth = frame.get(\"methodName\", \"<anonymous>\")\n                        if \"className\" in frame:\n                            meth = f\"{frame['className']}.{meth}\"\n                        msg = \"    at %s (%s)\"\n                        msg = msg % (meth, file)\n                        stacktrace.append(msg)\n                except TypeError:\n                    pass\n        if exception_class == UnexpectedAlertPresentException:\n            alert_text = None\n            if \"data\" in value:\n                alert_text = value[\"data\"].get(\"text\")\n            elif \"alert\" in value:\n                alert_text = value[\"alert\"].get(\"text\")\n            raise exception_class(message, screen, stacktrace, alert_text)  # type: ignore[call-arg]  # mypy is not smart enough here\n>       raise exception_class(message, screen, stacktrace)\nE       selenium.common.exceptions.ElementClickInterceptedException: Message: element click intercepted: Element <label title=\"\" for=\"hobbies-checkbox-1\" class=\"custom-control-label\">...</label> is not clickable at point (781, 829). Other element would receive the click: <div>...</div>\nE         (Session info: chrome=128.0.6613.119)\nE       Stacktrace:\nE       #0 0x5575dda256ca <unknown>\nE       #1 0x5575dd6f6600 <unknown>\nE       #2 0x5575dd74c8e6 <unknown>\nE       #3 0x5575dd74a7f6 <unknown>\nE       #4 0x5575dd748277 <unknown>\nE       #5 0x5575dd74711c <unknown>\nE       #6 0x5575dd73abe6 <unknown>\nE       #7 0x5575dd7688a2 <unknown>\nE       #8 0x5575dd73a599 <unknown>\nE       #9 0x5575dd768a6e <unknown>\nE       #10 0x5575dd78704a <unknown>\nE       #11 0x5575dd768643 <unknown>\nE       #12 0x5575dd738d31 <unknown>\nE       #13 0x5575dd73979e <unknown>\nE       #14 0x5575dd9ed25b <unknown>\nE       #15 0x5575dd9f11f2 <unknown>\nE       #16 0x5575dd9da615 <unknown>\nE       #17 0x5575dd9f1d82 <unknown>\nE       #18 0x5575dd9bf25f <unknown>\nE       #19 0x5575dda14e68 <unknown>\nE       #20 0x5575dda15040 <unknown>\nE       #21 0x5575dda2449c <unknown>\nE       #22 0x7fd7df494ac3 <unknown>\n\n/opt/hostedtoolcache/Python/3.12.5/x64/lib/python3.12/site-packages/selenium/webdriver/remote/errorhandler.py:229: ElementClickInterceptedException","steps":[{"name":"Открытие страницы регистрации","time":{"start":1726182014538,"stop":1726182018703,"duration":4165},"status":"passed","steps":[{"name":"Открытие страницы регистрации","time":{"start":1726182014538,"stop":1726182018703,"duration":4165},"status":"passed","steps":[{"name":"Открытие страницы 'https://demoqa.com/automation-practice-form'","time":{"start":1726182014539,"stop":1726182018703,"duration":4164},"status":"passed","steps":[],"attachments":[],"parameters":[{"name":"url","value":"'https://demoqa.com/automation-practice-form'"}],"shouldDisplayMessage":false,"stepsCount":0,"attachmentsCount":0,"hasContent":true,"attachmentStep":false}],"attachments":[],"parameters":[],"shouldDisplayMessage":false,"stepsCount":1,"attachmentsCount":0,"hasContent":true,"attachmentStep":false}],"attachments":[],"parameters":[],"shouldDisplayMessage":false,"stepsCount":2,"attachmentsCount":0,"hasContent":true,"attachmentStep":false},{"name":"Заполнение всех полей формы","time":{"start":1726182018704,"stop":1726182020673,"duration":1969},"status":"broken","statusMessage":"selenium.common.exceptions.ElementClickInterceptedException: Message: element click intercepted: Element <label title=\"\" for=\"hobbies-checkbox-1\" class=\"custom-control-label\">...</label> is not clickable at point (781, 829). Other element would receive the click: <div>...</div>\n  (Session info: chrome=128.0.6613.119)\nStacktrace:\n#0 0x5575dda256ca <unknown>\n#1 0x5575dd6f6600 <unknown>\n#2 0x5575dd74c8e6 <unknown>\n#3 0x5575dd74a7f6 <unknown>\n#4 0x5575dd748277 <unknown>\n#5 0x5575dd74711c <unknown>\n#6 0x5575dd73abe6 <unknown>\n#7 0x5575dd7688a2 <unknown>\n#8 0x5575dd73a599 <unknown>\n#9 0x5575dd768a6e <unknown>\n#10 0x5575dd78704a <unknown>\n#11 0x5575dd768643 <unknown>\n#12 0x5575dd738d31 <unknown>\n#13 0x5575dd73979e <unknown>\n#14 0x5575dd9ed25b <unknown>\n#15 0x5575dd9f11f2 <unknown>\n#16 0x5575dd9da615 <unknown>\n#17 0x5575dd9f1d82 <unknown>\n#18 0x5575dd9bf25f <unknown>\n#19 0x5575dda14e68 <unknown>\n#20 0x5575dda15040 <unknown>\n#21 0x5575dda2449c <unknown>\n#22 0x7fd7df494ac3 <unknown>\n\n","statusTrace":"  File \"/home/runner/work/SimbirSoft-SDET-TEST/SimbirSoft-SDET-TEST/tests/test_filling_out_the_form.py\", line 53, in test_fill_registration_form\n    self._fill_form_fields(page, person)\n  File \"/opt/hostedtoolcache/Python/3.12.5/x64/lib/python3.12/site-packages/allure_commons/_allure.py\", line 192, in impl\n    return func(*a, **kw)\n           ^^^^^^^^^^^^^^\n  File \"/home/runner/work/SimbirSoft-SDET-TEST/SimbirSoft-SDET-TEST/tests/test_filling_out_the_form.py\", line 91, in _fill_form_fields\n    page.select_hobbies(hobbies)\n  File \"/opt/hostedtoolcache/Python/3.12.5/x64/lib/python3.12/site-packages/allure_commons/_allure.py\", line 192, in impl\n    return func(*a, **kw)\n           ^^^^^^^^^^^^^^\n  File \"/home/runner/work/SimbirSoft-SDET-TEST/SimbirSoft-SDET-TEST/pages/registration_page.py\", line 138, in select_hobbies\n    self.click(self.HOBBIES[hobby])\n  File \"/opt/hostedtoolcache/Python/3.12.5/x64/lib/python3.12/site-packages/allure_commons/_allure.py\", line 192, in impl\n    return func(*a, **kw)\n           ^^^^^^^^^^^^^^\n  File \"/home/runner/work/SimbirSoft-SDET-TEST/SimbirSoft-SDET-TEST/pages/base_page.py\", line 38, in click\n    self.find_element(locator).click()\n  File \"/opt/hostedtoolcache/Python/3.12.5/x64/lib/python3.12/site-packages/selenium/webdriver/remote/webelement.py\", line 94, in click\n    self._execute(Command.CLICK_ELEMENT)\n  File \"/opt/hostedtoolcache/Python/3.12.5/x64/lib/python3.12/site-packages/selenium/webdriver/remote/webelement.py\", line 395, in _execute\n    return self._parent.execute(command, params)\n           ^^^^^^^^^^^^^^^^^^^^^^^^^^^^^^^^^^^^^\n  File \"/opt/hostedtoolcache/Python/3.12.5/x64/lib/python3.12/site-packages/selenium/webdriver/remote/webdriver.py\", line 354, in execute\n    self.error_handler.check_response(response)\n  File \"/opt/hostedtoolcache/Python/3.12.5/x64/lib/python3.12/site-packages/selenium/webdriver/remote/errorhandler.py\", line 229, in check_response\n    raise exception_class(message, screen, stacktrace)\n","steps":[{"name":"Заполнение полей формы","time":{"start":1726182018705,"stop":1726182020672,"duration":1967},"status":"broken","statusMessage":"selenium.common.exceptions.ElementClickInterceptedException: Message: element click intercepted: Element <label title=\"\" for=\"hobbies-checkbox-1\" class=\"custom-control-label\">...</label> is not clickable at point (781, 829). Other element would receive the click: <div>...</div>\n  (Session info: chrome=128.0.6613.119)\nStacktrace:\n#0 0x5575dda256ca <unknown>\n#1 0x5575dd6f6600 <unknown>\n#2 0x5575dd74c8e6 <unknown>\n#3 0x5575dd74a7f6 <unknown>\n#4 0x5575dd748277 <unknown>\n#5 0x5575dd74711c <unknown>\n#6 0x5575dd73abe6 <unknown>\n#7 0x5575dd7688a2 <unknown>\n#8 0x5575dd73a599 <unknown>\n#9 0x5575dd768a6e <unknown>\n#10 0x5575dd78704a <unknown>\n#11 0x5575dd768643 <unknown>\n#12 0x5575dd738d31 <unknown>\n#13 0x5575dd73979e <unknown>\n#14 0x5575dd9ed25b <unknown>\n#15 0x5575dd9f11f2 <unknown>\n#16 0x5575dd9da615 <unknown>\n#17 0x5575dd9f1d82 <unknown>\n#18 0x5575dd9bf25f <unknown>\n#19 0x5575dda14e68 <unknown>\n#20 0x5575dda15040 <unknown>\n#21 0x5575dda2449c <unknown>\n#22 0x7fd7df494ac3 <unknown>\n\n","statusTrace":"  File \"/opt/hostedtoolcache/Python/3.12.5/x64/lib/python3.12/site-packages/allure_commons/_allure.py\", line 192, in impl\n    return func(*a, **kw)\n           ^^^^^^^^^^^^^^\n  File \"/home/runner/work/SimbirSoft-SDET-TEST/SimbirSoft-SDET-TEST/tests/test_filling_out_the_form.py\", line 91, in _fill_form_fields\n    page.select_hobbies(hobbies)\n  File \"/opt/hostedtoolcache/Python/3.12.5/x64/lib/python3.12/site-packages/allure_commons/_allure.py\", line 192, in impl\n    return func(*a, **kw)\n           ^^^^^^^^^^^^^^\n  File \"/home/runner/work/SimbirSoft-SDET-TEST/SimbirSoft-SDET-TEST/pages/registration_page.py\", line 138, in select_hobbies\n    self.click(self.HOBBIES[hobby])\n  File \"/opt/hostedtoolcache/Python/3.12.5/x64/lib/python3.12/site-packages/allure_commons/_allure.py\", line 192, in impl\n    return func(*a, **kw)\n           ^^^^^^^^^^^^^^\n  File \"/home/runner/work/SimbirSoft-SDET-TEST/SimbirSoft-SDET-TEST/pages/base_page.py\", line 38, in click\n    self.find_element(locator).click()\n  File \"/opt/hostedtoolcache/Python/3.12.5/x64/lib/python3.12/site-packages/selenium/webdriver/remote/webelement.py\", line 94, in click\n    self._execute(Command.CLICK_ELEMENT)\n  File \"/opt/hostedtoolcache/Python/3.12.5/x64/lib/python3.12/site-packages/selenium/webdriver/remote/webelement.py\", line 395, in _execute\n    return self._parent.execute(command, params)\n           ^^^^^^^^^^^^^^^^^^^^^^^^^^^^^^^^^^^^^\n  File \"/opt/hostedtoolcache/Python/3.12.5/x64/lib/python3.12/site-packages/selenium/webdriver/remote/webdriver.py\", line 354, in execute\n    self.error_handler.check_response(response)\n  File \"/opt/hostedtoolcache/Python/3.12.5/x64/lib/python3.12/site-packages/selenium/webdriver/remote/errorhandler.py\", line 229, in check_response\n    raise exception_class(message, screen, stacktrace)\n","steps":[{"name":"Заполнение поля 'Имя': 'David'","time":{"start":1726182018705,"stop":1726182018964,"duration":259},"status":"passed","steps":[{"name":"Ввод текста ''David'' в поле ('xpath', \"//*[@id='firstName']\")","time":{"start":1726182018705,"stop":1726182018964,"duration":259},"status":"passed","steps":[{"name":"Поиск элемента ('xpath', \"//*[@id='firstName']\")","time":{"start":1726182018705,"stop":1726182018720,"duration":15},"status":"passed","steps":[],"attachments":[],"parameters":[{"name":"locator","value":"('xpath', \"//*[@id='firstName']\")"},{"name":"timeout","value":"10"}],"shouldDisplayMessage":false,"stepsCount":0,"attachmentsCount":0,"hasContent":true,"attachmentStep":false}],"attachments":[],"parameters":[{"name":"locator","value":"('xpath', \"//*[@id='firstName']\")"},{"name":"text","value":"'David'"}],"shouldDisplayMessage":false,"stepsCount":1,"attachmentsCount":0,"hasContent":true,"attachmentStep":false}],"attachments":[],"parameters":[{"name":"first_name","value":"'David'"}],"shouldDisplayMessage":false,"stepsCount":2,"attachmentsCount":0,"hasContent":true,"attachmentStep":false},{"name":"Заполнение поля 'Фамилия': 'Black'","time":{"start":1726182018964,"stop":1726182019093,"duration":129},"status":"passed","steps":[{"name":"Ввод текста ''Black'' в поле ('id', 'lastName')","time":{"start":1726182018964,"stop":1726182019093,"duration":129},"status":"passed","steps":[{"name":"Поиск элемента ('id', 'lastName')","time":{"start":1726182018965,"stop":1726182018980,"duration":15},"status":"passed","steps":[],"attachments":[],"parameters":[{"name":"locator","value":"('id', 'lastName')"},{"name":"timeout","value":"10"}],"shouldDisplayMessage":false,"stepsCount":0,"attachmentsCount":0,"hasContent":true,"attachmentStep":false}],"attachments":[],"parameters":[{"name":"locator","value":"('id', 'lastName')"},{"name":"text","value":"'Black'"}],"shouldDisplayMessage":false,"stepsCount":1,"attachmentsCount":0,"hasContent":true,"attachmentStep":false}],"attachments":[],"parameters":[{"name":"name","value":"'Black'"}],"shouldDisplayMessage":false,"stepsCount":2,"attachmentsCount":0,"hasContent":true,"attachmentStep":false},{"name":"Заполнение поля 'Email': 'riggsdarren@example.com'","time":{"start":1726182019094,"stop":1726182019328,"duration":234},"status":"passed","steps":[{"name":"Ввод текста ''riggsdarren@example.com'' в поле ('id', 'userEmail')","time":{"start":1726182019094,"stop":1726182019328,"duration":234},"status":"passed","steps":[{"name":"Поиск элемента ('id', 'userEmail')","time":{"start":1726182019094,"stop":1726182019133,"duration":39},"status":"passed","steps":[],"attachments":[],"parameters":[{"name":"locator","value":"('id', 'userEmail')"},{"name":"timeout","value":"10"}],"shouldDisplayMessage":false,"stepsCount":0,"attachmentsCount":0,"hasContent":true,"attachmentStep":false}],"attachments":[],"parameters":[{"name":"locator","value":"('id', 'userEmail')"},{"name":"text","value":"'riggsdarren@example.com'"}],"shouldDisplayMessage":false,"stepsCount":1,"attachmentsCount":0,"hasContent":true,"attachmentStep":false}],"attachments":[],"parameters":[{"name":"email","value":"'riggsdarren@example.com'"}],"shouldDisplayMessage":false,"stepsCount":2,"attachmentsCount":0,"hasContent":true,"attachmentStep":false},{"name":"Выбор пола: 'Male'","time":{"start":1726182019328,"stop":1726182019461,"duration":133},"status":"passed","steps":[{"name":"Клик по элементу ('css selector', \"label[for='gender-radio-1']\")","time":{"start":1726182019328,"stop":1726182019461,"duration":133},"status":"passed","steps":[{"name":"Поиск элемента ('css selector', \"label[for='gender-radio-1']\")","time":{"start":1726182019328,"stop":1726182019344,"duration":16},"status":"passed","steps":[],"attachments":[],"parameters":[{"name":"locator","value":"('css selector', \"label[for='gender-radio-1']\")"},{"name":"timeout","value":"10"}],"shouldDisplayMessage":false,"stepsCount":0,"attachmentsCount":0,"hasContent":true,"attachmentStep":false}],"attachments":[],"parameters":[{"name":"locator","value":"('css selector', \"label[for='gender-radio-1']\")"}],"shouldDisplayMessage":false,"stepsCount":1,"attachmentsCount":0,"hasContent":true,"attachmentStep":false}],"attachments":[],"parameters":[{"name":"gender","value":"'Male'"}],"shouldDisplayMessage":false,"stepsCount":2,"attachmentsCount":0,"hasContent":true,"attachmentStep":false},{"name":"Заполнение поля 'Мобильный телефон': '1963998035'","time":{"start":1726182019462,"stop":1726182019544,"duration":82},"status":"passed","steps":[{"name":"Ввод текста ''1963998035'' в поле ('id', 'userNumber')","time":{"start":1726182019462,"stop":1726182019543,"duration":81},"status":"passed","steps":[{"name":"Поиск элемента ('id', 'userNumber')","time":{"start":1726182019462,"stop":1726182019484,"duration":22},"status":"passed","steps":[],"attachments":[],"parameters":[{"name":"locator","value":"('id', 'userNumber')"},{"name":"timeout","value":"10"}],"shouldDisplayMessage":false,"stepsCount":0,"attachmentsCount":0,"hasContent":true,"attachmentStep":false}],"attachments":[],"parameters":[{"name":"locator","value":"('id', 'userNumber')"},{"name":"text","value":"'1963998035'"}],"shouldDisplayMessage":false,"stepsCount":1,"attachmentsCount":0,"hasContent":true,"attachmentStep":false}],"attachments":[],"parameters":[{"name":"mobile","value":"'1963998035'"}],"shouldDisplayMessage":false,"stepsCount":2,"attachmentsCount":0,"hasContent":true,"attachmentStep":false},{"name":"Выбор хобби: ['Sports', 'Reading']","time":{"start":1726182019544,"stop":1726182020671,"duration":1127},"status":"broken","statusMessage":"selenium.common.exceptions.ElementClickInterceptedException: Message: element click intercepted: Element <label title=\"\" for=\"hobbies-checkbox-1\" class=\"custom-control-label\">...</label> is not clickable at point (781, 829). Other element would receive the click: <div>...</div>\n  (Session info: chrome=128.0.6613.119)\nStacktrace:\n#0 0x5575dda256ca <unknown>\n#1 0x5575dd6f6600 <unknown>\n#2 0x5575dd74c8e6 <unknown>\n#3 0x5575dd74a7f6 <unknown>\n#4 0x5575dd748277 <unknown>\n#5 0x5575dd74711c <unknown>\n#6 0x5575dd73abe6 <unknown>\n#7 0x5575dd7688a2 <unknown>\n#8 0x5575dd73a599 <unknown>\n#9 0x5575dd768a6e <unknown>\n#10 0x5575dd78704a <unknown>\n#11 0x5575dd768643 <unknown>\n#12 0x5575dd738d31 <unknown>\n#13 0x5575dd73979e <unknown>\n#14 0x5575dd9ed25b <unknown>\n#15 0x5575dd9f11f2 <unknown>\n#16 0x5575dd9da615 <unknown>\n#17 0x5575dd9f1d82 <unknown>\n#18 0x5575dd9bf25f <unknown>\n#19 0x5575dda14e68 <unknown>\n#20 0x5575dda15040 <unknown>\n#21 0x5575dda2449c <unknown>\n#22 0x7fd7df494ac3 <unknown>\n\n","statusTrace":"  File \"/opt/hostedtoolcache/Python/3.12.5/x64/lib/python3.12/site-packages/allure_commons/_allure.py\", line 192, in impl\n    return func(*a, **kw)\n           ^^^^^^^^^^^^^^\n  File \"/home/runner/work/SimbirSoft-SDET-TEST/SimbirSoft-SDET-TEST/pages/registration_page.py\", line 138, in select_hobbies\n    self.click(self.HOBBIES[hobby])\n  File \"/opt/hostedtoolcache/Python/3.12.5/x64/lib/python3.12/site-packages/allure_commons/_allure.py\", line 192, in impl\n    return func(*a, **kw)\n           ^^^^^^^^^^^^^^\n  File \"/home/runner/work/SimbirSoft-SDET-TEST/SimbirSoft-SDET-TEST/pages/base_page.py\", line 38, in click\n    self.find_element(locator).click()\n  File \"/opt/hostedtoolcache/Python/3.12.5/x64/lib/python3.12/site-packages/selenium/webdriver/remote/webelement.py\", line 94, in click\n    self._execute(Command.CLICK_ELEMENT)\n  File \"/opt/hostedtoolcache/Python/3.12.5/x64/lib/python3.12/site-packages/selenium/webdriver/remote/webelement.py\", line 395, in _execute\n    return self._parent.execute(command, params)\n           ^^^^^^^^^^^^^^^^^^^^^^^^^^^^^^^^^^^^^\n  File \"/opt/hostedtoolcache/Python/3.12.5/x64/lib/python3.12/site-packages/selenium/webdriver/remote/webdriver.py\", line 354, in execute\n    self.error_handler.check_response(response)\n  File \"/opt/hostedtoolcache/Python/3.12.5/x64/lib/python3.12/site-packages/selenium/webdriver/remote/errorhandler.py\", line 229, in check_response\n    raise exception_class(message, screen, stacktrace)\n","steps":[{"name":"Клик по элементу ('xpath', '//label[@for=\"hobbies-checkbox-1\"]')","time":{"start":1726182019544,"stop":1726182020670,"duration":1126},"status":"broken","statusMessage":"selenium.common.exceptions.ElementClickInterceptedException: Message: element click intercepted: Element <label title=\"\" for=\"hobbies-checkbox-1\" class=\"custom-control-label\">...</label> is not clickable at point (781, 829). Other element would receive the click: <div>...</div>\n  (Session info: chrome=128.0.6613.119)\nStacktrace:\n#0 0x5575dda256ca <unknown>\n#1 0x5575dd6f6600 <unknown>\n#2 0x5575dd74c8e6 <unknown>\n#3 0x5575dd74a7f6 <unknown>\n#4 0x5575dd748277 <unknown>\n#5 0x5575dd74711c <unknown>\n#6 0x5575dd73abe6 <unknown>\n#7 0x5575dd7688a2 <unknown>\n#8 0x5575dd73a599 <unknown>\n#9 0x5575dd768a6e <unknown>\n#10 0x5575dd78704a <unknown>\n#11 0x5575dd768643 <unknown>\n#12 0x5575dd738d31 <unknown>\n#13 0x5575dd73979e <unknown>\n#14 0x5575dd9ed25b <unknown>\n#15 0x5575dd9f11f2 <unknown>\n#16 0x5575dd9da615 <unknown>\n#17 0x5575dd9f1d82 <unknown>\n#18 0x5575dd9bf25f <unknown>\n#19 0x5575dda14e68 <unknown>\n#20 0x5575dda15040 <unknown>\n#21 0x5575dda2449c <unknown>\n#22 0x7fd7df494ac3 <unknown>\n\n","statusTrace":"  File \"/opt/hostedtoolcache/Python/3.12.5/x64/lib/python3.12/site-packages/allure_commons/_allure.py\", line 192, in impl\n    return func(*a, **kw)\n           ^^^^^^^^^^^^^^\n  File \"/home/runner/work/SimbirSoft-SDET-TEST/SimbirSoft-SDET-TEST/pages/base_page.py\", line 38, in click\n    self.find_element(locator).click()\n  File \"/opt/hostedtoolcache/Python/3.12.5/x64/lib/python3.12/site-packages/selenium/webdriver/remote/webelement.py\", line 94, in click\n    self._execute(Command.CLICK_ELEMENT)\n  File \"/opt/hostedtoolcache/Python/3.12.5/x64/lib/python3.12/site-packages/selenium/webdriver/remote/webelement.py\", line 395, in _execute\n    return self._parent.execute(command, params)\n           ^^^^^^^^^^^^^^^^^^^^^^^^^^^^^^^^^^^^^\n  File \"/opt/hostedtoolcache/Python/3.12.5/x64/lib/python3.12/site-packages/selenium/webdriver/remote/webdriver.py\", line 354, in execute\n    self.error_handler.check_response(response)\n  File \"/opt/hostedtoolcache/Python/3.12.5/x64/lib/python3.12/site-packages/selenium/webdriver/remote/errorhandler.py\", line 229, in check_response\n    raise exception_class(message, screen, stacktrace)\n","steps":[{"name":"Поиск элемента ('xpath', '//label[@for=\"hobbies-checkbox-1\"]')","time":{"start":1726182019544,"stop":1726182019556,"duration":12},"status":"passed","steps":[],"attachments":[],"parameters":[{"name":"locator","value":"('xpath', '//label[@for=\"hobbies-checkbox-1\"]')"},{"name":"timeout","value":"10"}],"shouldDisplayMessage":false,"stepsCount":0,"attachmentsCount":0,"hasContent":true,"attachmentStep":false}],"attachments":[],"parameters":[{"name":"locator","value":"('xpath', '//label[@for=\"hobbies-checkbox-1\"]')"}],"shouldDisplayMessage":true,"stepsCount":1,"attachmentsCount":0,"hasContent":true,"attachmentStep":false}],"attachments":[],"parameters":[{"name":"hobbies","value":"['Sports', 'Reading']"}],"shouldDisplayMessage":false,"stepsCount":2,"attachmentsCount":0,"hasContent":true,"attachmentStep":false}],"attachments":[],"parameters":[{"name":"page","value":"<pages.registration_page.RegistrationPage object at 0x7f895d093ec0>"},{"name":"person","value":"PersonData(first_name='David', last_name='Black', email='riggsdarren@example.com', mobile='1963998035', current_address='0269 Danielle Road\\nWest Frank, LA 98793')"}],"shouldDisplayMessage":false,"stepsCount":18,"attachmentsCount":0,"hasContent":true,"attachmentStep":false}],"attachments":[],"parameters":[],"shouldDisplayMessage":false,"stepsCount":19,"attachmentsCount":0,"hasContent":true,"attachmentStep":false}],"attachments":[{"uid":"c21050a8867b2a3b","name":"log","source":"c21050a8867b2a3b.txt","type":"text/plain","size":10790},{"uid":"854c53919c6889e5","name":"stdout","source":"854c53919c6889e5.txt","type":"text/plain","size":7917}],"parameters":[],"shouldDisplayMessage":true,"stepsCount":23,"attachmentsCount":2,"hasContent":true,"attachmentStep":false},"afterStages":[{"name":"setup_teardown::0","time":{"start":1726182020730,"stop":1726182021099,"duration":369},"status":"broken","statusMessage":"TypeError: sequence item 0: expected str instance, dict found\n","statusTrace":"  File \"/opt/hostedtoolcache/Python/3.12.5/x64/lib/python3.12/site-packages/allure_commons/_allure.py\", line 221, in __call__\n    return self._fixture_function(*args, **kwargs)\n           ^^^^^^^^^^^^^^^^^^^^^^^^^^^^^^^^^^^^^^^\n  File \"/opt/hostedtoolcache/Python/3.12.5/x64/lib/python3.12/site-packages/_pytest/fixtures.py\", line 906, in _teardown_yield_fixture\n    next(it)\n  File \"/home/runner/work/SimbirSoft-SDET-TEST/SimbirSoft-SDET-TEST/conftest.py\", line 35, in setup_teardown\n    \"\\n\".join(browser.get_log(\"browser\")),\n    ^^^^^^^^^^^^^^^^^^^^^^^^^^^^^^^^^^^^^\n","steps":[],"attachments":[{"uid":"d4f22f17748679d7","name":"screenshot_test_fill_registration_form","source":"d4f22f17748679d7.png","type":"image/png","size":388300}],"parameters":[],"shouldDisplayMessage":true,"stepsCount":0,"attachmentsCount":1,"hasContent":true,"attachmentStep":false},{"name":"browser::0","time":{"start":1726182021100,"stop":1726182021243,"duration":143},"status":"passed","steps":[],"attachments":[],"parameters":[],"shouldDisplayMessage":false,"stepsCount":0,"attachmentsCount":0,"hasContent":false,"attachmentStep":false}],"labels":[{"name":"feature","value":"Заполнение формы регистрации"},{"name":"severity","value":"blocker"},{"name":"epic","value":"Тестирование формы регистрации"},{"name":"story","value":"Полное заполнение формы и проверка результатов"},{"name":"parentSuite","value":"tests"},{"name":"suite","value":"test_filling_out_the_form"},{"name":"subSuite","value":"TestRegistrationForm"},{"name":"host","value":"fv-az661-842"},{"name":"thread","value":"2265-MainThread"},{"name":"framework","value":"pytest"},{"name":"language","value":"cpython3"},{"name":"package","value":"tests.test_filling_out_the_form"},{"name":"resultFormat","value":"allure2"}],"parameters":[{"name":"browser","value":"'chrome'"},{"name":"test_data","value":"{'first_name': 'David', 'last_name': 'Black', 'email': 'riggsdarren@example.com', 'mobile': '1963998035', 'current_address': '0269 Danielle Road\\nWest Frank, LA 98793'}"}],"links":[],"hidden":false,"retry":false,"extra":{"severity":"blocker","retries":[],"categories":[{"name":"Test defects","matchedStatuses":[],"flaky":false}],"tags":[]},"source":"1482298de3761269.json","parameterValues":["'chrome'","{'first_name': 'David', 'last_name': 'Black', 'email': 'riggsdarren@example.com', 'mobile': '1963998035', 'current_address': '0269 Danielle Road\\nWest Frank, LA 98793'}"]}