{"uid":"fb4e48a6ebdf5ad3","name":"Тест выбора хобби","fullName":"tests.test_registration_form.TestRegistrationForm#test_hobbies","historyId":"3f240fe07afd4055988be8411f9146d5","time":{"start":1726182007949,"stop":1726182012988,"duration":5039},"description":"Этот тест проверяет корректность выбора хобби в форме регистрации.","descriptionHtml":"\n<h2>Тестирование формы регистрации на сайте</h2>\n<p>Этот набор тестов проверяет функциональность формы регистрации, включая:</p>\n<ul>\n    <li>Заполнение всех полей формы</li>\n    <li>Выбор различных опций (пол, хобби, предметы)</li>\n    <li>Загрузку изображения</li>\n    <li>Выбор даты рождения</li>\n    <li>Выбор штата и города</li>\n</ul>\n","status":"broken","statusMessage":"selenium.common.exceptions.ElementClickInterceptedException: Message: element click intercepted: Element <label title=\"\" for=\"hobbies-checkbox-1\" class=\"custom-control-label\">...</label> is not clickable at point (781, 829). Other element would receive the click: <div>...</div>\n  (Session info: chrome=128.0.6613.119)\nStacktrace:\n#0 0x55f99c6126ca <unknown>\n#1 0x55f99c2e3600 <unknown>\n#2 0x55f99c3398e6 <unknown>\n#3 0x55f99c3377f6 <unknown>\n#4 0x55f99c335277 <unknown>\n#5 0x55f99c33411c <unknown>\n#6 0x55f99c327be6 <unknown>\n#7 0x55f99c3558a2 <unknown>\n#8 0x55f99c327599 <unknown>\n#9 0x55f99c355a6e <unknown>\n#10 0x55f99c37404a <unknown>\n#11 0x55f99c355643 <unknown>\n#12 0x55f99c325d31 <unknown>\n#13 0x55f99c32679e <unknown>\n#14 0x55f99c5da25b <unknown>\n#15 0x55f99c5de1f2 <unknown>\n#16 0x55f99c5c7615 <unknown>\n#17 0x55f99c5ded82 <unknown>\n#18 0x55f99c5ac25f <unknown>\n#19 0x55f99c601e68 <unknown>\n#20 0x55f99c602040 <unknown>\n#21 0x55f99c61149c <unknown>\n#22 0x7f0dd0894ac3 <unknown>","statusTrace":"self = <tests.test_registration_form.TestRegistrationForm object at 0x7f0f4b4ab350>\npage = <pages.registration_page.RegistrationPage object at 0x7f0f4b546b70>\nhobbies = ['Sports', 'Reading']\n\n    @allure.feature(\"Тестирование выбора хобби\")\n    @allure.severity(Severity.TRIVIAL)\n    @allure.title(\"Тест выбора хобби\")\n    @allure.description(\"Этот тест проверяет корректность \"\n                        \"выбора хобби в форме регистрации.\")\n    @pytest.mark.parametrize(\"hobbies\", [\n        [\"Sports\"],\n        [\"Reading\"],\n        [\"Music\"],\n        [\"Sports\", \"Reading\"],\n        [\"Sports\", \"Music\"],\n        [\"Reading\", \"Music\"],\n        [\"Sports\", \"Reading\", \"Music\"]\n    ])\n    def test_hobbies(self, page, hobbies):\n        logger.info(\"Тестирование выбора хобби начато\")\n        with allure.step(\"Открытие страницы регистрации\"):\n            logger.info(\"Открытие страницы регистрации\")\n            page.open()\n        with allure.step(f\"Выбор хобби: {hobbies}\"):\n            logger.info(f\"Выбор хобби: {hobbies}\")\n>           page.select_hobbies(hobbies)\n\ntests/test_registration_form.py:154: \n_ _ _ _ _ _ _ _ _ _ _ _ _ _ _ _ _ _ _ _ _ _ _ _ _ _ _ _ _ _ _ _ _ _ _ _ _ _ _ _ \npages/registration_page.py:138: in select_hobbies\n    self.click(self.HOBBIES[hobby])\npages/base_page.py:38: in click\n    self.find_element(locator).click()\n/opt/hostedtoolcache/Python/3.12.5/x64/lib/python3.12/site-packages/selenium/webdriver/remote/webelement.py:94: in click\n    self._execute(Command.CLICK_ELEMENT)\n/opt/hostedtoolcache/Python/3.12.5/x64/lib/python3.12/site-packages/selenium/webdriver/remote/webelement.py:395: in _execute\n    return self._parent.execute(command, params)\n/opt/hostedtoolcache/Python/3.12.5/x64/lib/python3.12/site-packages/selenium/webdriver/remote/webdriver.py:354: in execute\n    self.error_handler.check_response(response)\n_ _ _ _ _ _ _ _ _ _ _ _ _ _ _ _ _ _ _ _ _ _ _ _ _ _ _ _ _ _ _ _ _ _ _ _ _ _ _ _ \n\nself = <selenium.webdriver.remote.errorhandler.ErrorHandler object at 0x7f0f4b544c20>\nresponse = {'status': 400, 'value': '{\"value\":{\"error\":\"element click intercepted\",\"message\":\"element click intercepted: Element ...\\\\n#20 0x55f99c602040 \\\\u003Cunknown>\\\\n#21 0x55f99c61149c \\\\u003Cunknown>\\\\n#22 0x7f0dd0894ac3 \\\\u003Cunknown>\\\\n\"}}'}\n\n    def check_response(self, response: Dict[str, Any]) -> None:\n        \"\"\"Checks that a JSON response from the WebDriver does not have an\n        error.\n    \n        :Args:\n         - response - The JSON response from the WebDriver server as a dictionary\n           object.\n    \n        :Raises: If the response contains an error message.\n        \"\"\"\n        status = response.get(\"status\", None)\n        if not status or status == ErrorCode.SUCCESS:\n            return\n        value = None\n        message = response.get(\"message\", \"\")\n        screen: str = response.get(\"screen\", \"\")\n        stacktrace = None\n        if isinstance(status, int):\n            value_json = response.get(\"value\", None)\n            if value_json and isinstance(value_json, str):\n                import json\n    \n                try:\n                    value = json.loads(value_json)\n                    if len(value) == 1:\n                        value = value[\"value\"]\n                    status = value.get(\"error\", None)\n                    if not status:\n                        status = value.get(\"status\", ErrorCode.UNKNOWN_ERROR)\n                        message = value.get(\"value\") or value.get(\"message\")\n                        if not isinstance(message, str):\n                            value = message\n                            message = message.get(\"message\")\n                    else:\n                        message = value.get(\"message\", None)\n                except ValueError:\n                    pass\n    \n        exception_class: Type[WebDriverException]\n        e = ErrorCode()\n        error_codes = [item for item in dir(e) if not item.startswith(\"__\")]\n        for error_code in error_codes:\n            error_info = getattr(ErrorCode, error_code)\n            if isinstance(error_info, list) and status in error_info:\n                exception_class = getattr(ExceptionMapping, error_code, WebDriverException)\n                break\n        else:\n            exception_class = WebDriverException\n    \n        if not value:\n            value = response[\"value\"]\n        if isinstance(value, str):\n            raise exception_class(value)\n        if message == \"\" and \"message\" in value:\n            message = value[\"message\"]\n    \n        screen = None  # type: ignore[assignment]\n        if \"screen\" in value:\n            screen = value[\"screen\"]\n    \n        stacktrace = None\n        st_value = value.get(\"stackTrace\") or value.get(\"stacktrace\")\n        if st_value:\n            if isinstance(st_value, str):\n                stacktrace = st_value.split(\"\\n\")\n            else:\n                stacktrace = []\n                try:\n                    for frame in st_value:\n                        line = frame.get(\"lineNumber\", \"\")\n                        file = frame.get(\"fileName\", \"<anonymous>\")\n                        if line:\n                            file = f\"{file}:{line}\"\n                        meth = frame.get(\"methodName\", \"<anonymous>\")\n                        if \"className\" in frame:\n                            meth = f\"{frame['className']}.{meth}\"\n                        msg = \"    at %s (%s)\"\n                        msg = msg % (meth, file)\n                        stacktrace.append(msg)\n                except TypeError:\n                    pass\n        if exception_class == UnexpectedAlertPresentException:\n            alert_text = None\n            if \"data\" in value:\n                alert_text = value[\"data\"].get(\"text\")\n            elif \"alert\" in value:\n                alert_text = value[\"alert\"].get(\"text\")\n            raise exception_class(message, screen, stacktrace, alert_text)  # type: ignore[call-arg]  # mypy is not smart enough here\n>       raise exception_class(message, screen, stacktrace)\nE       selenium.common.exceptions.ElementClickInterceptedException: Message: element click intercepted: Element <label title=\"\" for=\"hobbies-checkbox-1\" class=\"custom-control-label\">...</label> is not clickable at point (781, 829). Other element would receive the click: <div>...</div>\nE         (Session info: chrome=128.0.6613.119)\nE       Stacktrace:\nE       #0 0x55f99c6126ca <unknown>\nE       #1 0x55f99c2e3600 <unknown>\nE       #2 0x55f99c3398e6 <unknown>\nE       #3 0x55f99c3377f6 <unknown>\nE       #4 0x55f99c335277 <unknown>\nE       #5 0x55f99c33411c <unknown>\nE       #6 0x55f99c327be6 <unknown>\nE       #7 0x55f99c3558a2 <unknown>\nE       #8 0x55f99c327599 <unknown>\nE       #9 0x55f99c355a6e <unknown>\nE       #10 0x55f99c37404a <unknown>\nE       #11 0x55f99c355643 <unknown>\nE       #12 0x55f99c325d31 <unknown>\nE       #13 0x55f99c32679e <unknown>\nE       #14 0x55f99c5da25b <unknown>\nE       #15 0x55f99c5de1f2 <unknown>\nE       #16 0x55f99c5c7615 <unknown>\nE       #17 0x55f99c5ded82 <unknown>\nE       #18 0x55f99c5ac25f <unknown>\nE       #19 0x55f99c601e68 <unknown>\nE       #20 0x55f99c602040 <unknown>\nE       #21 0x55f99c61149c <unknown>\nE       #22 0x7f0dd0894ac3 <unknown>\n\n/opt/hostedtoolcache/Python/3.12.5/x64/lib/python3.12/site-packages/selenium/webdriver/remote/errorhandler.py:229: ElementClickInterceptedException","flaky":false,"newFailed":false,"newBroken":false,"newPassed":false,"retriesCount":0,"retriesStatusChange":false,"beforeStages":[{"name":"browser","time":{"start":1726182007075,"stop":1726182007948,"duration":873},"status":"passed","steps":[],"attachments":[],"parameters":[],"shouldDisplayMessage":false,"stepsCount":0,"attachmentsCount":0,"hasContent":false,"attachmentStep":false},{"name":"setup_teardown","time":{"start":1726182007948,"stop":1726182007948,"duration":0},"status":"passed","steps":[],"attachments":[],"parameters":[],"shouldDisplayMessage":false,"stepsCount":0,"attachmentsCount":0,"hasContent":false,"attachmentStep":false},{"name":"page","time":{"start":1726182007948,"stop":1726182007948,"duration":0},"status":"passed","steps":[],"attachments":[],"parameters":[],"shouldDisplayMessage":false,"stepsCount":0,"attachmentsCount":0,"hasContent":false,"attachmentStep":false}],"testStage":{"description":"Этот тест проверяет корректность выбора хобби в форме регистрации.","descriptionHtml":"\n<h2>Тестирование формы регистрации на сайте</h2>\n<p>Этот набор тестов проверяет функциональность формы регистрации, включая:</p>\n<ul>\n    <li>Заполнение всех полей формы</li>\n    <li>Выбор различных опций (пол, хобби, предметы)</li>\n    <li>Загрузку изображения</li>\n    <li>Выбор даты рождения</li>\n    <li>Выбор штата и города</li>\n</ul>\n","status":"broken","statusMessage":"selenium.common.exceptions.ElementClickInterceptedException: Message: element click intercepted: Element <label title=\"\" for=\"hobbies-checkbox-1\" class=\"custom-control-label\">...</label> is not clickable at point (781, 829). Other element would receive the click: <div>...</div>\n  (Session info: chrome=128.0.6613.119)\nStacktrace:\n#0 0x55f99c6126ca <unknown>\n#1 0x55f99c2e3600 <unknown>\n#2 0x55f99c3398e6 <unknown>\n#3 0x55f99c3377f6 <unknown>\n#4 0x55f99c335277 <unknown>\n#5 0x55f99c33411c <unknown>\n#6 0x55f99c327be6 <unknown>\n#7 0x55f99c3558a2 <unknown>\n#8 0x55f99c327599 <unknown>\n#9 0x55f99c355a6e <unknown>\n#10 0x55f99c37404a <unknown>\n#11 0x55f99c355643 <unknown>\n#12 0x55f99c325d31 <unknown>\n#13 0x55f99c32679e <unknown>\n#14 0x55f99c5da25b <unknown>\n#15 0x55f99c5de1f2 <unknown>\n#16 0x55f99c5c7615 <unknown>\n#17 0x55f99c5ded82 <unknown>\n#18 0x55f99c5ac25f <unknown>\n#19 0x55f99c601e68 <unknown>\n#20 0x55f99c602040 <unknown>\n#21 0x55f99c61149c <unknown>\n#22 0x7f0dd0894ac3 <unknown>","statusTrace":"self = <tests.test_registration_form.TestRegistrationForm object at 0x7f0f4b4ab350>\npage = <pages.registration_page.RegistrationPage object at 0x7f0f4b546b70>\nhobbies = ['Sports', 'Reading']\n\n    @allure.feature(\"Тестирование выбора хобби\")\n    @allure.severity(Severity.TRIVIAL)\n    @allure.title(\"Тест выбора хобби\")\n    @allure.description(\"Этот тест проверяет корректность \"\n                        \"выбора хобби в форме регистрации.\")\n    @pytest.mark.parametrize(\"hobbies\", [\n        [\"Sports\"],\n        [\"Reading\"],\n        [\"Music\"],\n        [\"Sports\", \"Reading\"],\n        [\"Sports\", \"Music\"],\n        [\"Reading\", \"Music\"],\n        [\"Sports\", \"Reading\", \"Music\"]\n    ])\n    def test_hobbies(self, page, hobbies):\n        logger.info(\"Тестирование выбора хобби начато\")\n        with allure.step(\"Открытие страницы регистрации\"):\n            logger.info(\"Открытие страницы регистрации\")\n            page.open()\n        with allure.step(f\"Выбор хобби: {hobbies}\"):\n            logger.info(f\"Выбор хобби: {hobbies}\")\n>           page.select_hobbies(hobbies)\n\ntests/test_registration_form.py:154: \n_ _ _ _ _ _ _ _ _ _ _ _ _ _ _ _ _ _ _ _ _ _ _ _ _ _ _ _ _ _ _ _ _ _ _ _ _ _ _ _ \npages/registration_page.py:138: in select_hobbies\n    self.click(self.HOBBIES[hobby])\npages/base_page.py:38: in click\n    self.find_element(locator).click()\n/opt/hostedtoolcache/Python/3.12.5/x64/lib/python3.12/site-packages/selenium/webdriver/remote/webelement.py:94: in click\n    self._execute(Command.CLICK_ELEMENT)\n/opt/hostedtoolcache/Python/3.12.5/x64/lib/python3.12/site-packages/selenium/webdriver/remote/webelement.py:395: in _execute\n    return self._parent.execute(command, params)\n/opt/hostedtoolcache/Python/3.12.5/x64/lib/python3.12/site-packages/selenium/webdriver/remote/webdriver.py:354: in execute\n    self.error_handler.check_response(response)\n_ _ _ _ _ _ _ _ _ _ _ _ _ _ _ _ _ _ _ _ _ _ _ _ _ _ _ _ _ _ _ _ _ _ _ _ _ _ _ _ \n\nself = <selenium.webdriver.remote.errorhandler.ErrorHandler object at 0x7f0f4b544c20>\nresponse = {'status': 400, 'value': '{\"value\":{\"error\":\"element click intercepted\",\"message\":\"element click intercepted: Element ...\\\\n#20 0x55f99c602040 \\\\u003Cunknown>\\\\n#21 0x55f99c61149c \\\\u003Cunknown>\\\\n#22 0x7f0dd0894ac3 \\\\u003Cunknown>\\\\n\"}}'}\n\n    def check_response(self, response: Dict[str, Any]) -> None:\n        \"\"\"Checks that a JSON response from the WebDriver does not have an\n        error.\n    \n        :Args:\n         - response - The JSON response from the WebDriver server as a dictionary\n           object.\n    \n        :Raises: If the response contains an error message.\n        \"\"\"\n        status = response.get(\"status\", None)\n        if not status or status == ErrorCode.SUCCESS:\n            return\n        value = None\n        message = response.get(\"message\", \"\")\n        screen: str = response.get(\"screen\", \"\")\n        stacktrace = None\n        if isinstance(status, int):\n            value_json = response.get(\"value\", None)\n            if value_json and isinstance(value_json, str):\n                import json\n    \n                try:\n                    value = json.loads(value_json)\n                    if len(value) == 1:\n                        value = value[\"value\"]\n                    status = value.get(\"error\", None)\n                    if not status:\n                        status = value.get(\"status\", ErrorCode.UNKNOWN_ERROR)\n                        message = value.get(\"value\") or value.get(\"message\")\n                        if not isinstance(message, str):\n                            value = message\n                            message = message.get(\"message\")\n                    else:\n                        message = value.get(\"message\", None)\n                except ValueError:\n                    pass\n    \n        exception_class: Type[WebDriverException]\n        e = ErrorCode()\n        error_codes = [item for item in dir(e) if not item.startswith(\"__\")]\n        for error_code in error_codes:\n            error_info = getattr(ErrorCode, error_code)\n            if isinstance(error_info, list) and status in error_info:\n                exception_class = getattr(ExceptionMapping, error_code, WebDriverException)\n                break\n        else:\n            exception_class = WebDriverException\n    \n        if not value:\n            value = response[\"value\"]\n        if isinstance(value, str):\n            raise exception_class(value)\n        if message == \"\" and \"message\" in value:\n            message = value[\"message\"]\n    \n        screen = None  # type: ignore[assignment]\n        if \"screen\" in value:\n            screen = value[\"screen\"]\n    \n        stacktrace = None\n        st_value = value.get(\"stackTrace\") or value.get(\"stacktrace\")\n        if st_value:\n            if isinstance(st_value, str):\n                stacktrace = st_value.split(\"\\n\")\n            else:\n                stacktrace = []\n                try:\n                    for frame in st_value:\n                        line = frame.get(\"lineNumber\", \"\")\n                        file = frame.get(\"fileName\", \"<anonymous>\")\n                        if line:\n                            file = f\"{file}:{line}\"\n                        meth = frame.get(\"methodName\", \"<anonymous>\")\n                        if \"className\" in frame:\n                            meth = f\"{frame['className']}.{meth}\"\n                        msg = \"    at %s (%s)\"\n                        msg = msg % (meth, file)\n                        stacktrace.append(msg)\n                except TypeError:\n                    pass\n        if exception_class == UnexpectedAlertPresentException:\n            alert_text = None\n            if \"data\" in value:\n                alert_text = value[\"data\"].get(\"text\")\n            elif \"alert\" in value:\n                alert_text = value[\"alert\"].get(\"text\")\n            raise exception_class(message, screen, stacktrace, alert_text)  # type: ignore[call-arg]  # mypy is not smart enough here\n>       raise exception_class(message, screen, stacktrace)\nE       selenium.common.exceptions.ElementClickInterceptedException: Message: element click intercepted: Element <label title=\"\" for=\"hobbies-checkbox-1\" class=\"custom-control-label\">...</label> is not clickable at point (781, 829). Other element would receive the click: <div>...</div>\nE         (Session info: chrome=128.0.6613.119)\nE       Stacktrace:\nE       #0 0x55f99c6126ca <unknown>\nE       #1 0x55f99c2e3600 <unknown>\nE       #2 0x55f99c3398e6 <unknown>\nE       #3 0x55f99c3377f6 <unknown>\nE       #4 0x55f99c335277 <unknown>\nE       #5 0x55f99c33411c <unknown>\nE       #6 0x55f99c327be6 <unknown>\nE       #7 0x55f99c3558a2 <unknown>\nE       #8 0x55f99c327599 <unknown>\nE       #9 0x55f99c355a6e <unknown>\nE       #10 0x55f99c37404a <unknown>\nE       #11 0x55f99c355643 <unknown>\nE       #12 0x55f99c325d31 <unknown>\nE       #13 0x55f99c32679e <unknown>\nE       #14 0x55f99c5da25b <unknown>\nE       #15 0x55f99c5de1f2 <unknown>\nE       #16 0x55f99c5c7615 <unknown>\nE       #17 0x55f99c5ded82 <unknown>\nE       #18 0x55f99c5ac25f <unknown>\nE       #19 0x55f99c601e68 <unknown>\nE       #20 0x55f99c602040 <unknown>\nE       #21 0x55f99c61149c <unknown>\nE       #22 0x7f0dd0894ac3 <unknown>\n\n/opt/hostedtoolcache/Python/3.12.5/x64/lib/python3.12/site-packages/selenium/webdriver/remote/errorhandler.py:229: ElementClickInterceptedException","steps":[{"name":"Открытие страницы регистрации","time":{"start":1726182007951,"stop":1726182011744,"duration":3793},"status":"passed","steps":[{"name":"Открытие страницы регистрации","time":{"start":1726182007952,"stop":1726182011744,"duration":3792},"status":"passed","steps":[{"name":"Открытие страницы 'https://demoqa.com/automation-practice-form'","time":{"start":1726182007952,"stop":1726182011744,"duration":3792},"status":"passed","steps":[],"attachments":[],"parameters":[{"name":"url","value":"'https://demoqa.com/automation-practice-form'"}],"shouldDisplayMessage":false,"stepsCount":0,"attachmentsCount":0,"hasContent":true,"attachmentStep":false}],"attachments":[],"parameters":[],"shouldDisplayMessage":false,"stepsCount":1,"attachmentsCount":0,"hasContent":true,"attachmentStep":false}],"attachments":[],"parameters":[],"shouldDisplayMessage":false,"stepsCount":2,"attachmentsCount":0,"hasContent":true,"attachmentStep":false},{"name":"Выбор хобби: ['Sports', 'Reading']","time":{"start":1726182011744,"stop":1726182012987,"duration":1243},"status":"broken","statusMessage":"selenium.common.exceptions.ElementClickInterceptedException: Message: element click intercepted: Element <label title=\"\" for=\"hobbies-checkbox-1\" class=\"custom-control-label\">...</label> is not clickable at point (781, 829). Other element would receive the click: <div>...</div>\n  (Session info: chrome=128.0.6613.119)\nStacktrace:\n#0 0x55f99c6126ca <unknown>\n#1 0x55f99c2e3600 <unknown>\n#2 0x55f99c3398e6 <unknown>\n#3 0x55f99c3377f6 <unknown>\n#4 0x55f99c335277 <unknown>\n#5 0x55f99c33411c <unknown>\n#6 0x55f99c327be6 <unknown>\n#7 0x55f99c3558a2 <unknown>\n#8 0x55f99c327599 <unknown>\n#9 0x55f99c355a6e <unknown>\n#10 0x55f99c37404a <unknown>\n#11 0x55f99c355643 <unknown>\n#12 0x55f99c325d31 <unknown>\n#13 0x55f99c32679e <unknown>\n#14 0x55f99c5da25b <unknown>\n#15 0x55f99c5de1f2 <unknown>\n#16 0x55f99c5c7615 <unknown>\n#17 0x55f99c5ded82 <unknown>\n#18 0x55f99c5ac25f <unknown>\n#19 0x55f99c601e68 <unknown>\n#20 0x55f99c602040 <unknown>\n#21 0x55f99c61149c <unknown>\n#22 0x7f0dd0894ac3 <unknown>\n\n","statusTrace":"  File \"/home/runner/work/SimbirSoft-SDET-TEST/SimbirSoft-SDET-TEST/tests/test_registration_form.py\", line 154, in test_hobbies\n    page.select_hobbies(hobbies)\n  File \"/opt/hostedtoolcache/Python/3.12.5/x64/lib/python3.12/site-packages/allure_commons/_allure.py\", line 192, in impl\n    return func(*a, **kw)\n           ^^^^^^^^^^^^^^\n  File \"/home/runner/work/SimbirSoft-SDET-TEST/SimbirSoft-SDET-TEST/pages/registration_page.py\", line 138, in select_hobbies\n    self.click(self.HOBBIES[hobby])\n  File \"/opt/hostedtoolcache/Python/3.12.5/x64/lib/python3.12/site-packages/allure_commons/_allure.py\", line 192, in impl\n    return func(*a, **kw)\n           ^^^^^^^^^^^^^^\n  File \"/home/runner/work/SimbirSoft-SDET-TEST/SimbirSoft-SDET-TEST/pages/base_page.py\", line 38, in click\n    self.find_element(locator).click()\n  File \"/opt/hostedtoolcache/Python/3.12.5/x64/lib/python3.12/site-packages/selenium/webdriver/remote/webelement.py\", line 94, in click\n    self._execute(Command.CLICK_ELEMENT)\n  File \"/opt/hostedtoolcache/Python/3.12.5/x64/lib/python3.12/site-packages/selenium/webdriver/remote/webelement.py\", line 395, in _execute\n    return self._parent.execute(command, params)\n           ^^^^^^^^^^^^^^^^^^^^^^^^^^^^^^^^^^^^^\n  File \"/opt/hostedtoolcache/Python/3.12.5/x64/lib/python3.12/site-packages/selenium/webdriver/remote/webdriver.py\", line 354, in execute\n    self.error_handler.check_response(response)\n  File \"/opt/hostedtoolcache/Python/3.12.5/x64/lib/python3.12/site-packages/selenium/webdriver/remote/errorhandler.py\", line 229, in check_response\n    raise exception_class(message, screen, stacktrace)\n","steps":[{"name":"Выбор хобби: ['Sports', 'Reading']","time":{"start":1726182011745,"stop":1726182012986,"duration":1241},"status":"broken","statusMessage":"selenium.common.exceptions.ElementClickInterceptedException: Message: element click intercepted: Element <label title=\"\" for=\"hobbies-checkbox-1\" class=\"custom-control-label\">...</label> is not clickable at point (781, 829). Other element would receive the click: <div>...</div>\n  (Session info: chrome=128.0.6613.119)\nStacktrace:\n#0 0x55f99c6126ca <unknown>\n#1 0x55f99c2e3600 <unknown>\n#2 0x55f99c3398e6 <unknown>\n#3 0x55f99c3377f6 <unknown>\n#4 0x55f99c335277 <unknown>\n#5 0x55f99c33411c <unknown>\n#6 0x55f99c327be6 <unknown>\n#7 0x55f99c3558a2 <unknown>\n#8 0x55f99c327599 <unknown>\n#9 0x55f99c355a6e <unknown>\n#10 0x55f99c37404a <unknown>\n#11 0x55f99c355643 <unknown>\n#12 0x55f99c325d31 <unknown>\n#13 0x55f99c32679e <unknown>\n#14 0x55f99c5da25b <unknown>\n#15 0x55f99c5de1f2 <unknown>\n#16 0x55f99c5c7615 <unknown>\n#17 0x55f99c5ded82 <unknown>\n#18 0x55f99c5ac25f <unknown>\n#19 0x55f99c601e68 <unknown>\n#20 0x55f99c602040 <unknown>\n#21 0x55f99c61149c <unknown>\n#22 0x7f0dd0894ac3 <unknown>\n\n","statusTrace":"  File \"/opt/hostedtoolcache/Python/3.12.5/x64/lib/python3.12/site-packages/allure_commons/_allure.py\", line 192, in impl\n    return func(*a, **kw)\n           ^^^^^^^^^^^^^^\n  File \"/home/runner/work/SimbirSoft-SDET-TEST/SimbirSoft-SDET-TEST/pages/registration_page.py\", line 138, in select_hobbies\n    self.click(self.HOBBIES[hobby])\n  File \"/opt/hostedtoolcache/Python/3.12.5/x64/lib/python3.12/site-packages/allure_commons/_allure.py\", line 192, in impl\n    return func(*a, **kw)\n           ^^^^^^^^^^^^^^\n  File \"/home/runner/work/SimbirSoft-SDET-TEST/SimbirSoft-SDET-TEST/pages/base_page.py\", line 38, in click\n    self.find_element(locator).click()\n  File \"/opt/hostedtoolcache/Python/3.12.5/x64/lib/python3.12/site-packages/selenium/webdriver/remote/webelement.py\", line 94, in click\n    self._execute(Command.CLICK_ELEMENT)\n  File \"/opt/hostedtoolcache/Python/3.12.5/x64/lib/python3.12/site-packages/selenium/webdriver/remote/webelement.py\", line 395, in _execute\n    return self._parent.execute(command, params)\n           ^^^^^^^^^^^^^^^^^^^^^^^^^^^^^^^^^^^^^\n  File \"/opt/hostedtoolcache/Python/3.12.5/x64/lib/python3.12/site-packages/selenium/webdriver/remote/webdriver.py\", line 354, in execute\n    self.error_handler.check_response(response)\n  File \"/opt/hostedtoolcache/Python/3.12.5/x64/lib/python3.12/site-packages/selenium/webdriver/remote/errorhandler.py\", line 229, in check_response\n    raise exception_class(message, screen, stacktrace)\n","steps":[{"name":"Клик по элементу ('xpath', '//label[@for=\"hobbies-checkbox-1\"]')","time":{"start":1726182011747,"stop":1726182012986,"duration":1239},"status":"broken","statusMessage":"selenium.common.exceptions.ElementClickInterceptedException: Message: element click intercepted: Element <label title=\"\" for=\"hobbies-checkbox-1\" class=\"custom-control-label\">...</label> is not clickable at point (781, 829). Other element would receive the click: <div>...</div>\n  (Session info: chrome=128.0.6613.119)\nStacktrace:\n#0 0x55f99c6126ca <unknown>\n#1 0x55f99c2e3600 <unknown>\n#2 0x55f99c3398e6 <unknown>\n#3 0x55f99c3377f6 <unknown>\n#4 0x55f99c335277 <unknown>\n#5 0x55f99c33411c <unknown>\n#6 0x55f99c327be6 <unknown>\n#7 0x55f99c3558a2 <unknown>\n#8 0x55f99c327599 <unknown>\n#9 0x55f99c355a6e <unknown>\n#10 0x55f99c37404a <unknown>\n#11 0x55f99c355643 <unknown>\n#12 0x55f99c325d31 <unknown>\n#13 0x55f99c32679e <unknown>\n#14 0x55f99c5da25b <unknown>\n#15 0x55f99c5de1f2 <unknown>\n#16 0x55f99c5c7615 <unknown>\n#17 0x55f99c5ded82 <unknown>\n#18 0x55f99c5ac25f <unknown>\n#19 0x55f99c601e68 <unknown>\n#20 0x55f99c602040 <unknown>\n#21 0x55f99c61149c <unknown>\n#22 0x7f0dd0894ac3 <unknown>\n\n","statusTrace":"  File \"/opt/hostedtoolcache/Python/3.12.5/x64/lib/python3.12/site-packages/allure_commons/_allure.py\", line 192, in impl\n    return func(*a, **kw)\n           ^^^^^^^^^^^^^^\n  File \"/home/runner/work/SimbirSoft-SDET-TEST/SimbirSoft-SDET-TEST/pages/base_page.py\", line 38, in click\n    self.find_element(locator).click()\n  File \"/opt/hostedtoolcache/Python/3.12.5/x64/lib/python3.12/site-packages/selenium/webdriver/remote/webelement.py\", line 94, in click\n    self._execute(Command.CLICK_ELEMENT)\n  File \"/opt/hostedtoolcache/Python/3.12.5/x64/lib/python3.12/site-packages/selenium/webdriver/remote/webelement.py\", line 395, in _execute\n    return self._parent.execute(command, params)\n           ^^^^^^^^^^^^^^^^^^^^^^^^^^^^^^^^^^^^^\n  File \"/opt/hostedtoolcache/Python/3.12.5/x64/lib/python3.12/site-packages/selenium/webdriver/remote/webdriver.py\", line 354, in execute\n    self.error_handler.check_response(response)\n  File \"/opt/hostedtoolcache/Python/3.12.5/x64/lib/python3.12/site-packages/selenium/webdriver/remote/errorhandler.py\", line 229, in check_response\n    raise exception_class(message, screen, stacktrace)\n","steps":[{"name":"Поиск элемента ('xpath', '//label[@for=\"hobbies-checkbox-1\"]')","time":{"start":1726182011747,"stop":1726182011771,"duration":24},"status":"passed","steps":[],"attachments":[],"parameters":[{"name":"locator","value":"('xpath', '//label[@for=\"hobbies-checkbox-1\"]')"},{"name":"timeout","value":"10"}],"shouldDisplayMessage":false,"stepsCount":0,"attachmentsCount":0,"hasContent":true,"attachmentStep":false}],"attachments":[],"parameters":[{"name":"locator","value":"('xpath', '//label[@for=\"hobbies-checkbox-1\"]')"}],"shouldDisplayMessage":true,"stepsCount":1,"attachmentsCount":0,"hasContent":true,"attachmentStep":false}],"attachments":[],"parameters":[{"name":"hobbies","value":"['Sports', 'Reading']"}],"shouldDisplayMessage":false,"stepsCount":2,"attachmentsCount":0,"hasContent":true,"attachmentStep":false}],"attachments":[],"parameters":[],"shouldDisplayMessage":false,"stepsCount":3,"attachmentsCount":0,"hasContent":true,"attachmentStep":false}],"attachments":[{"uid":"c60a65233c86efdc","name":"log","source":"c60a65233c86efdc.txt","type":"text/plain","size":3151},{"uid":"e12d3de71410a03d","name":"stdout","source":"e12d3de71410a03d.txt","type":"text/plain","size":1424}],"parameters":[],"shouldDisplayMessage":true,"stepsCount":7,"attachmentsCount":2,"hasContent":true,"attachmentStep":false},"afterStages":[{"name":"setup_teardown::0","time":{"start":1726182013045,"stop":1726182013215,"duration":170},"status":"broken","statusMessage":"TypeError: sequence item 0: expected str instance, dict found\n","statusTrace":"  File \"/opt/hostedtoolcache/Python/3.12.5/x64/lib/python3.12/site-packages/allure_commons/_allure.py\", line 221, in __call__\n    return self._fixture_function(*args, **kwargs)\n           ^^^^^^^^^^^^^^^^^^^^^^^^^^^^^^^^^^^^^^^\n  File \"/opt/hostedtoolcache/Python/3.12.5/x64/lib/python3.12/site-packages/_pytest/fixtures.py\", line 906, in _teardown_yield_fixture\n    next(it)\n  File \"/home/runner/work/SimbirSoft-SDET-TEST/SimbirSoft-SDET-TEST/conftest.py\", line 35, in setup_teardown\n    \"\\n\".join(browser.get_log(\"browser\")),\n    ^^^^^^^^^^^^^^^^^^^^^^^^^^^^^^^^^^^^^\n","steps":[],"attachments":[{"uid":"60d6ef25051f5401","name":"screenshot_test_hobbies[hobbies3]","source":"60d6ef25051f5401.png","type":"image/png","size":386858}],"parameters":[],"shouldDisplayMessage":true,"stepsCount":0,"attachmentsCount":1,"hasContent":true,"attachmentStep":false},{"name":"browser::0","time":{"start":1726182013215,"stop":1726182013293,"duration":78},"status":"passed","steps":[],"attachments":[],"parameters":[],"shouldDisplayMessage":false,"stepsCount":0,"attachmentsCount":0,"hasContent":false,"attachmentStep":false}],"labels":[{"name":"severity","value":"trivial"},{"name":"epic","value":"Тестирование формы регистрации"},{"name":"feature","value":"Тестирование выбора хобби"},{"name":"parentSuite","value":"tests"},{"name":"suite","value":"test_registration_form"},{"name":"subSuite","value":"TestRegistrationForm"},{"name":"host","value":"fv-az661-842"},{"name":"thread","value":"2271-MainThread"},{"name":"framework","value":"pytest"},{"name":"language","value":"cpython3"},{"name":"package","value":"tests.test_registration_form"},{"name":"resultFormat","value":"allure2"}],"parameters":[{"name":"browser","value":"'chrome'"},{"name":"hobbies","value":"['Sports', 'Reading']"}],"links":[],"hidden":true,"retry":true,"extra":{"categories":[],"tags":[]},"source":"fb4e48a6ebdf5ad3.json","parameterValues":["'chrome'","['Sports', 'Reading']"]}