{"uid":"30c000b9bdfd77f5","name":"Тест выбора штата и города","fullName":"tests.test_registration_form.TestRegistrationForm#test_state_city","historyId":"67a3e5f12914adccb3b7c7b8b138c133","time":{"start":1723055555015,"stop":1723055557576,"duration":2561},"description":"Этот тест проверяет корректность выбора штата и соответствующего ему города в форме регистрации.","descriptionHtml":"\n<h2>Тестирование формы регистрации на сайте</h2>\n<p>Этот набор тестов проверяет функциональность формы регистрации, включая:</p>\n<ul>\n    <li>Заполнение всех полей формы</li>\n    <li>Выбор различных опций (пол, хобби, предметы)</li>\n    <li>Загрузку изображения</li>\n    <li>Выбор даты рождения</li>\n    <li>Выбор штата и города</li>\n</ul>\n","status":"broken","statusMessage":"selenium.common.exceptions.ElementClickInterceptedException: Message: element click intercepted: Element <div class=\" css-yt9ioa-option\" id=\"react-select-3-option-1\" tabindex=\"-1\">...</div> is not clickable at point (874, 881). Other element would receive the click: <div>...</div>\n  (Session info: chrome=127.0.6533.88)\nStacktrace:\n#0 0x55e72961c6aa <unknown>\n#1 0x55e7292ed600 <unknown>\n#2 0x55e7293438e6 <unknown>\n#3 0x55e7293417f6 <unknown>\n#4 0x55e72933f277 <unknown>\n#5 0x55e72933e11c <unknown>\n#6 0x55e729331be6 <unknown>\n#7 0x55e72935f8a2 <unknown>\n#8 0x55e729331599 <unknown>\n#9 0x55e72935fa6e <unknown>\n#10 0x55e72937e04a <unknown>\n#11 0x55e72935f643 <unknown>\n#12 0x55e72932fd31 <unknown>\n#13 0x55e72933079e <unknown>\n#14 0x55e7295e423b <unknown>\n#15 0x55e7295e81d2 <unknown>\n#16 0x55e7295d15f5 <unknown>\n#17 0x55e7295e8d62 <unknown>\n#18 0x55e7295b623f <unknown>\n#19 0x55e72960be48 <unknown>\n#20 0x55e72960c020 <unknown>\n#21 0x55e72961b47c <unknown>\n#22 0x7faf3f094ac3 <unknown>","statusTrace":"self = <tests.test_registration_form.TestRegistrationForm object at 0x7f09d2a605c0>\npage = <pages.registration_page.RegistrationPage object at 0x7f09d2a7ea20>\nstate = 'Uttar Pradesh', city = 'Lucknow'\n\n    @allure.feature(\"Тестирование выбора штата и города\")\n    @allure.severity(Severity.TRIVIAL)\n    @allure.title(\"Тест выбора штата и города\")\n    @allure.description(\"Этот тест проверяет корректность выбора штата \"\n                        \"и соответствующего ему города в форме регистрации.\")\n    @pytest.mark.parametrize(\"state, city\", [\n        (\"NCR\", \"Delhi\"),\n        (\"Uttar Pradesh\", \"Lucknow\"),\n        (\"Haryana\", \"Karnal\"),\n        (\"Rajasthan\", \"Jaipur\")\n    ])\n    def test_state_city(self, page, state, city):\n        logger.info(f\"Тестирование выбора штата {state} и города {city} начато\")\n        with allure.step(\"Открытие страницы регистрации\"):\n            logger.info(\"Открытие страницы регистрации\")\n            page.open()\n        with allure.step(f\"Выбор штата: {state}\"):\n            logger.info(f\"Выбор штата: {state}\")\n>           page.select_state(state)\n\ntests/test_registration_form.py:268: \n_ _ _ _ _ _ _ _ _ _ _ _ _ _ _ _ _ _ _ _ _ _ _ _ _ _ _ _ _ _ _ _ _ _ _ _ _ _ _ _ \npages/registration_page.py:176: in select_state\n    self.click((By.XPATH, f\"//div[text()='{state}']\"))\npages/base_page.py:37: in click\n    self.find_element(locator).click()\n/opt/hostedtoolcache/Python/3.12.4/x64/lib/python3.12/site-packages/selenium/webdriver/remote/webelement.py:94: in click\n    self._execute(Command.CLICK_ELEMENT)\n/opt/hostedtoolcache/Python/3.12.4/x64/lib/python3.12/site-packages/selenium/webdriver/remote/webelement.py:395: in _execute\n    return self._parent.execute(command, params)\n/opt/hostedtoolcache/Python/3.12.4/x64/lib/python3.12/site-packages/selenium/webdriver/remote/webdriver.py:354: in execute\n    self.error_handler.check_response(response)\n_ _ _ _ _ _ _ _ _ _ _ _ _ _ _ _ _ _ _ _ _ _ _ _ _ _ _ _ _ _ _ _ _ _ _ _ _ _ _ _ \n\nself = <selenium.webdriver.remote.errorhandler.ErrorHandler object at 0x7f09d2a7bf80>\nresponse = {'status': 400, 'value': '{\"value\":{\"error\":\"element click intercepted\",\"message\":\"element click intercepted: Element ...\\\\n#20 0x55e72960c020 \\\\u003Cunknown>\\\\n#21 0x55e72961b47c \\\\u003Cunknown>\\\\n#22 0x7faf3f094ac3 \\\\u003Cunknown>\\\\n\"}}'}\n\n    def check_response(self, response: Dict[str, Any]) -> None:\n        \"\"\"Checks that a JSON response from the WebDriver does not have an\n        error.\n    \n        :Args:\n         - response - The JSON response from the WebDriver server as a dictionary\n           object.\n    \n        :Raises: If the response contains an error message.\n        \"\"\"\n        status = response.get(\"status\", None)\n        if not status or status == ErrorCode.SUCCESS:\n            return\n        value = None\n        message = response.get(\"message\", \"\")\n        screen: str = response.get(\"screen\", \"\")\n        stacktrace = None\n        if isinstance(status, int):\n            value_json = response.get(\"value\", None)\n            if value_json and isinstance(value_json, str):\n                import json\n    \n                try:\n                    value = json.loads(value_json)\n                    if len(value) == 1:\n                        value = value[\"value\"]\n                    status = value.get(\"error\", None)\n                    if not status:\n                        status = value.get(\"status\", ErrorCode.UNKNOWN_ERROR)\n                        message = value.get(\"value\") or value.get(\"message\")\n                        if not isinstance(message, str):\n                            value = message\n                            message = message.get(\"message\")\n                    else:\n                        message = value.get(\"message\", None)\n                except ValueError:\n                    pass\n    \n        exception_class: Type[WebDriverException]\n        e = ErrorCode()\n        error_codes = [item for item in dir(e) if not item.startswith(\"__\")]\n        for error_code in error_codes:\n            error_info = getattr(ErrorCode, error_code)\n            if isinstance(error_info, list) and status in error_info:\n                exception_class = getattr(ExceptionMapping, error_code, WebDriverException)\n                break\n        else:\n            exception_class = WebDriverException\n    \n        if not value:\n            value = response[\"value\"]\n        if isinstance(value, str):\n            raise exception_class(value)\n        if message == \"\" and \"message\" in value:\n            message = value[\"message\"]\n    \n        screen = None  # type: ignore[assignment]\n        if \"screen\" in value:\n            screen = value[\"screen\"]\n    \n        stacktrace = None\n        st_value = value.get(\"stackTrace\") or value.get(\"stacktrace\")\n        if st_value:\n            if isinstance(st_value, str):\n                stacktrace = st_value.split(\"\\n\")\n            else:\n                stacktrace = []\n                try:\n                    for frame in st_value:\n                        line = frame.get(\"lineNumber\", \"\")\n                        file = frame.get(\"fileName\", \"<anonymous>\")\n                        if line:\n                            file = f\"{file}:{line}\"\n                        meth = frame.get(\"methodName\", \"<anonymous>\")\n                        if \"className\" in frame:\n                            meth = f\"{frame['className']}.{meth}\"\n                        msg = \"    at %s (%s)\"\n                        msg = msg % (meth, file)\n                        stacktrace.append(msg)\n                except TypeError:\n                    pass\n        if exception_class == UnexpectedAlertPresentException:\n            alert_text = None\n            if \"data\" in value:\n                alert_text = value[\"data\"].get(\"text\")\n            elif \"alert\" in value:\n                alert_text = value[\"alert\"].get(\"text\")\n            raise exception_class(message, screen, stacktrace, alert_text)  # type: ignore[call-arg]  # mypy is not smart enough here\n>       raise exception_class(message, screen, stacktrace)\nE       selenium.common.exceptions.ElementClickInterceptedException: Message: element click intercepted: Element <div class=\" css-yt9ioa-option\" id=\"react-select-3-option-1\" tabindex=\"-1\">...</div> is not clickable at point (874, 881). Other element would receive the click: <div>...</div>\nE         (Session info: chrome=127.0.6533.88)\nE       Stacktrace:\nE       #0 0x55e72961c6aa <unknown>\nE       #1 0x55e7292ed600 <unknown>\nE       #2 0x55e7293438e6 <unknown>\nE       #3 0x55e7293417f6 <unknown>\nE       #4 0x55e72933f277 <unknown>\nE       #5 0x55e72933e11c <unknown>\nE       #6 0x55e729331be6 <unknown>\nE       #7 0x55e72935f8a2 <unknown>\nE       #8 0x55e729331599 <unknown>\nE       #9 0x55e72935fa6e <unknown>\nE       #10 0x55e72937e04a <unknown>\nE       #11 0x55e72935f643 <unknown>\nE       #12 0x55e72932fd31 <unknown>\nE       #13 0x55e72933079e <unknown>\nE       #14 0x55e7295e423b <unknown>\nE       #15 0x55e7295e81d2 <unknown>\nE       #16 0x55e7295d15f5 <unknown>\nE       #17 0x55e7295e8d62 <unknown>\nE       #18 0x55e7295b623f <unknown>\nE       #19 0x55e72960be48 <unknown>\nE       #20 0x55e72960c020 <unknown>\nE       #21 0x55e72961b47c <unknown>\nE       #22 0x7faf3f094ac3 <unknown>\n\n/opt/hostedtoolcache/Python/3.12.4/x64/lib/python3.12/site-packages/selenium/webdriver/remote/errorhandler.py:229: ElementClickInterceptedException","flaky":false,"newFailed":false,"newBroken":false,"newPassed":false,"retriesCount":0,"retriesStatusChange":false,"beforeStages":[{"name":"browser","time":{"start":1723055554751,"stop":1723055555013,"duration":262},"status":"passed","steps":[],"attachments":[],"parameters":[],"shouldDisplayMessage":false,"stepsCount":0,"attachmentsCount":0,"hasContent":false,"attachmentStep":false},{"name":"setup_teardown","time":{"start":1723055555014,"stop":1723055555014,"duration":0},"status":"passed","steps":[],"attachments":[],"parameters":[],"shouldDisplayMessage":false,"stepsCount":0,"attachmentsCount":0,"hasContent":false,"attachmentStep":false},{"name":"page","time":{"start":1723055555014,"stop":1723055555014,"duration":0},"status":"passed","steps":[],"attachments":[],"parameters":[],"shouldDisplayMessage":false,"stepsCount":0,"attachmentsCount":0,"hasContent":false,"attachmentStep":false}],"testStage":{"description":"Этот тест проверяет корректность выбора штата и соответствующего ему города в форме регистрации.","descriptionHtml":"\n<h2>Тестирование формы регистрации на сайте</h2>\n<p>Этот набор тестов проверяет функциональность формы регистрации, включая:</p>\n<ul>\n    <li>Заполнение всех полей формы</li>\n    <li>Выбор различных опций (пол, хобби, предметы)</li>\n    <li>Загрузку изображения</li>\n    <li>Выбор даты рождения</li>\n    <li>Выбор штата и города</li>\n</ul>\n","status":"broken","statusMessage":"selenium.common.exceptions.ElementClickInterceptedException: Message: element click intercepted: Element <div class=\" css-yt9ioa-option\" id=\"react-select-3-option-1\" tabindex=\"-1\">...</div> is not clickable at point (874, 881). Other element would receive the click: <div>...</div>\n  (Session info: chrome=127.0.6533.88)\nStacktrace:\n#0 0x55e72961c6aa <unknown>\n#1 0x55e7292ed600 <unknown>\n#2 0x55e7293438e6 <unknown>\n#3 0x55e7293417f6 <unknown>\n#4 0x55e72933f277 <unknown>\n#5 0x55e72933e11c <unknown>\n#6 0x55e729331be6 <unknown>\n#7 0x55e72935f8a2 <unknown>\n#8 0x55e729331599 <unknown>\n#9 0x55e72935fa6e <unknown>\n#10 0x55e72937e04a <unknown>\n#11 0x55e72935f643 <unknown>\n#12 0x55e72932fd31 <unknown>\n#13 0x55e72933079e <unknown>\n#14 0x55e7295e423b <unknown>\n#15 0x55e7295e81d2 <unknown>\n#16 0x55e7295d15f5 <unknown>\n#17 0x55e7295e8d62 <unknown>\n#18 0x55e7295b623f <unknown>\n#19 0x55e72960be48 <unknown>\n#20 0x55e72960c020 <unknown>\n#21 0x55e72961b47c <unknown>\n#22 0x7faf3f094ac3 <unknown>","statusTrace":"self = <tests.test_registration_form.TestRegistrationForm object at 0x7f09d2a605c0>\npage = <pages.registration_page.RegistrationPage object at 0x7f09d2a7ea20>\nstate = 'Uttar Pradesh', city = 'Lucknow'\n\n    @allure.feature(\"Тестирование выбора штата и города\")\n    @allure.severity(Severity.TRIVIAL)\n    @allure.title(\"Тест выбора штата и города\")\n    @allure.description(\"Этот тест проверяет корректность выбора штата \"\n                        \"и соответствующего ему города в форме регистрации.\")\n    @pytest.mark.parametrize(\"state, city\", [\n        (\"NCR\", \"Delhi\"),\n        (\"Uttar Pradesh\", \"Lucknow\"),\n        (\"Haryana\", \"Karnal\"),\n        (\"Rajasthan\", \"Jaipur\")\n    ])\n    def test_state_city(self, page, state, city):\n        logger.info(f\"Тестирование выбора штата {state} и города {city} начато\")\n        with allure.step(\"Открытие страницы регистрации\"):\n            logger.info(\"Открытие страницы регистрации\")\n            page.open()\n        with allure.step(f\"Выбор штата: {state}\"):\n            logger.info(f\"Выбор штата: {state}\")\n>           page.select_state(state)\n\ntests/test_registration_form.py:268: \n_ _ _ _ _ _ _ _ _ _ _ _ _ _ _ _ _ _ _ _ _ _ _ _ _ _ _ _ _ _ _ _ _ _ _ _ _ _ _ _ \npages/registration_page.py:176: in select_state\n    self.click((By.XPATH, f\"//div[text()='{state}']\"))\npages/base_page.py:37: in click\n    self.find_element(locator).click()\n/opt/hostedtoolcache/Python/3.12.4/x64/lib/python3.12/site-packages/selenium/webdriver/remote/webelement.py:94: in click\n    self._execute(Command.CLICK_ELEMENT)\n/opt/hostedtoolcache/Python/3.12.4/x64/lib/python3.12/site-packages/selenium/webdriver/remote/webelement.py:395: in _execute\n    return self._parent.execute(command, params)\n/opt/hostedtoolcache/Python/3.12.4/x64/lib/python3.12/site-packages/selenium/webdriver/remote/webdriver.py:354: in execute\n    self.error_handler.check_response(response)\n_ _ _ _ _ _ _ _ _ _ _ _ _ _ _ _ _ _ _ _ _ _ _ _ _ _ _ _ _ _ _ _ _ _ _ _ _ _ _ _ \n\nself = <selenium.webdriver.remote.errorhandler.ErrorHandler object at 0x7f09d2a7bf80>\nresponse = {'status': 400, 'value': '{\"value\":{\"error\":\"element click intercepted\",\"message\":\"element click intercepted: Element ...\\\\n#20 0x55e72960c020 \\\\u003Cunknown>\\\\n#21 0x55e72961b47c \\\\u003Cunknown>\\\\n#22 0x7faf3f094ac3 \\\\u003Cunknown>\\\\n\"}}'}\n\n    def check_response(self, response: Dict[str, Any]) -> None:\n        \"\"\"Checks that a JSON response from the WebDriver does not have an\n        error.\n    \n        :Args:\n         - response - The JSON response from the WebDriver server as a dictionary\n           object.\n    \n        :Raises: If the response contains an error message.\n        \"\"\"\n        status = response.get(\"status\", None)\n        if not status or status == ErrorCode.SUCCESS:\n            return\n        value = None\n        message = response.get(\"message\", \"\")\n        screen: str = response.get(\"screen\", \"\")\n        stacktrace = None\n        if isinstance(status, int):\n            value_json = response.get(\"value\", None)\n            if value_json and isinstance(value_json, str):\n                import json\n    \n                try:\n                    value = json.loads(value_json)\n                    if len(value) == 1:\n                        value = value[\"value\"]\n                    status = value.get(\"error\", None)\n                    if not status:\n                        status = value.get(\"status\", ErrorCode.UNKNOWN_ERROR)\n                        message = value.get(\"value\") or value.get(\"message\")\n                        if not isinstance(message, str):\n                            value = message\n                            message = message.get(\"message\")\n                    else:\n                        message = value.get(\"message\", None)\n                except ValueError:\n                    pass\n    \n        exception_class: Type[WebDriverException]\n        e = ErrorCode()\n        error_codes = [item for item in dir(e) if not item.startswith(\"__\")]\n        for error_code in error_codes:\n            error_info = getattr(ErrorCode, error_code)\n            if isinstance(error_info, list) and status in error_info:\n                exception_class = getattr(ExceptionMapping, error_code, WebDriverException)\n                break\n        else:\n            exception_class = WebDriverException\n    \n        if not value:\n            value = response[\"value\"]\n        if isinstance(value, str):\n            raise exception_class(value)\n        if message == \"\" and \"message\" in value:\n            message = value[\"message\"]\n    \n        screen = None  # type: ignore[assignment]\n        if \"screen\" in value:\n            screen = value[\"screen\"]\n    \n        stacktrace = None\n        st_value = value.get(\"stackTrace\") or value.get(\"stacktrace\")\n        if st_value:\n            if isinstance(st_value, str):\n                stacktrace = st_value.split(\"\\n\")\n            else:\n                stacktrace = []\n                try:\n                    for frame in st_value:\n                        line = frame.get(\"lineNumber\", \"\")\n                        file = frame.get(\"fileName\", \"<anonymous>\")\n                        if line:\n                            file = f\"{file}:{line}\"\n                        meth = frame.get(\"methodName\", \"<anonymous>\")\n                        if \"className\" in frame:\n                            meth = f\"{frame['className']}.{meth}\"\n                        msg = \"    at %s (%s)\"\n                        msg = msg % (meth, file)\n                        stacktrace.append(msg)\n                except TypeError:\n                    pass\n        if exception_class == UnexpectedAlertPresentException:\n            alert_text = None\n            if \"data\" in value:\n                alert_text = value[\"data\"].get(\"text\")\n            elif \"alert\" in value:\n                alert_text = value[\"alert\"].get(\"text\")\n            raise exception_class(message, screen, stacktrace, alert_text)  # type: ignore[call-arg]  # mypy is not smart enough here\n>       raise exception_class(message, screen, stacktrace)\nE       selenium.common.exceptions.ElementClickInterceptedException: Message: element click intercepted: Element <div class=\" css-yt9ioa-option\" id=\"react-select-3-option-1\" tabindex=\"-1\">...</div> is not clickable at point (874, 881). Other element would receive the click: <div>...</div>\nE         (Session info: chrome=127.0.6533.88)\nE       Stacktrace:\nE       #0 0x55e72961c6aa <unknown>\nE       #1 0x55e7292ed600 <unknown>\nE       #2 0x55e7293438e6 <unknown>\nE       #3 0x55e7293417f6 <unknown>\nE       #4 0x55e72933f277 <unknown>\nE       #5 0x55e72933e11c <unknown>\nE       #6 0x55e729331be6 <unknown>\nE       #7 0x55e72935f8a2 <unknown>\nE       #8 0x55e729331599 <unknown>\nE       #9 0x55e72935fa6e <unknown>\nE       #10 0x55e72937e04a <unknown>\nE       #11 0x55e72935f643 <unknown>\nE       #12 0x55e72932fd31 <unknown>\nE       #13 0x55e72933079e <unknown>\nE       #14 0x55e7295e423b <unknown>\nE       #15 0x55e7295e81d2 <unknown>\nE       #16 0x55e7295d15f5 <unknown>\nE       #17 0x55e7295e8d62 <unknown>\nE       #18 0x55e7295b623f <unknown>\nE       #19 0x55e72960be48 <unknown>\nE       #20 0x55e72960c020 <unknown>\nE       #21 0x55e72961b47c <unknown>\nE       #22 0x7faf3f094ac3 <unknown>\n\n/opt/hostedtoolcache/Python/3.12.4/x64/lib/python3.12/site-packages/selenium/webdriver/remote/errorhandler.py:229: ElementClickInterceptedException","steps":[{"name":"Открытие страницы регистрации","time":{"start":1723055555015,"stop":1723055556333,"duration":1318},"status":"passed","steps":[{"name":"Открытие страницы регистрации","time":{"start":1723055555016,"stop":1723055556333,"duration":1317},"status":"passed","steps":[{"name":"Открытие страницы 'https://demoqa.com/automation-practice-form'","time":{"start":1723055555016,"stop":1723055556333,"duration":1317},"status":"passed","steps":[],"attachments":[],"parameters":[{"name":"url","value":"'https://demoqa.com/automation-practice-form'"}],"shouldDisplayMessage":false,"stepsCount":0,"attachmentsCount":0,"hasContent":true,"attachmentStep":false}],"attachments":[],"parameters":[],"shouldDisplayMessage":false,"stepsCount":1,"attachmentsCount":0,"hasContent":true,"attachmentStep":false}],"attachments":[],"parameters":[],"shouldDisplayMessage":false,"stepsCount":2,"attachmentsCount":0,"hasContent":true,"attachmentStep":false},{"name":"Выбор штата: Uttar Pradesh","time":{"start":1723055556334,"stop":1723055557574,"duration":1240},"status":"broken","statusMessage":"selenium.common.exceptions.ElementClickInterceptedException: Message: element click intercepted: Element <div class=\" css-yt9ioa-option\" id=\"react-select-3-option-1\" tabindex=\"-1\">...</div> is not clickable at point (874, 881). Other element would receive the click: <div>...</div>\n  (Session info: chrome=127.0.6533.88)\nStacktrace:\n#0 0x55e72961c6aa <unknown>\n#1 0x55e7292ed600 <unknown>\n#2 0x55e7293438e6 <unknown>\n#3 0x55e7293417f6 <unknown>\n#4 0x55e72933f277 <unknown>\n#5 0x55e72933e11c <unknown>\n#6 0x55e729331be6 <unknown>\n#7 0x55e72935f8a2 <unknown>\n#8 0x55e729331599 <unknown>\n#9 0x55e72935fa6e <unknown>\n#10 0x55e72937e04a <unknown>\n#11 0x55e72935f643 <unknown>\n#12 0x55e72932fd31 <unknown>\n#13 0x55e72933079e <unknown>\n#14 0x55e7295e423b <unknown>\n#15 0x55e7295e81d2 <unknown>\n#16 0x55e7295d15f5 <unknown>\n#17 0x55e7295e8d62 <unknown>\n#18 0x55e7295b623f <unknown>\n#19 0x55e72960be48 <unknown>\n#20 0x55e72960c020 <unknown>\n#21 0x55e72961b47c <unknown>\n#22 0x7faf3f094ac3 <unknown>\n\n","statusTrace":"  File \"/home/runner/work/SimbirSoft-SDET-TEST/SimbirSoft-SDET-TEST/tests/test_registration_form.py\", line 268, in test_state_city\n    page.select_state(state)\n  File \"/opt/hostedtoolcache/Python/3.12.4/x64/lib/python3.12/site-packages/allure_commons/_allure.py\", line 192, in impl\n    return func(*a, **kw)\n           ^^^^^^^^^^^^^^\n  File \"/home/runner/work/SimbirSoft-SDET-TEST/SimbirSoft-SDET-TEST/pages/registration_page.py\", line 176, in select_state\n    self.click((By.XPATH, f\"//div[text()='{state}']\"))\n  File \"/opt/hostedtoolcache/Python/3.12.4/x64/lib/python3.12/site-packages/allure_commons/_allure.py\", line 192, in impl\n    return func(*a, **kw)\n           ^^^^^^^^^^^^^^\n  File \"/home/runner/work/SimbirSoft-SDET-TEST/SimbirSoft-SDET-TEST/pages/base_page.py\", line 37, in click\n    self.find_element(locator).click()\n  File \"/opt/hostedtoolcache/Python/3.12.4/x64/lib/python3.12/site-packages/selenium/webdriver/remote/webelement.py\", line 94, in click\n    self._execute(Command.CLICK_ELEMENT)\n  File \"/opt/hostedtoolcache/Python/3.12.4/x64/lib/python3.12/site-packages/selenium/webdriver/remote/webelement.py\", line 395, in _execute\n    return self._parent.execute(command, params)\n           ^^^^^^^^^^^^^^^^^^^^^^^^^^^^^^^^^^^^^\n  File \"/opt/hostedtoolcache/Python/3.12.4/x64/lib/python3.12/site-packages/selenium/webdriver/remote/webdriver.py\", line 354, in execute\n    self.error_handler.check_response(response)\n  File \"/opt/hostedtoolcache/Python/3.12.4/x64/lib/python3.12/site-packages/selenium/webdriver/remote/errorhandler.py\", line 229, in check_response\n    raise exception_class(message, screen, stacktrace)\n","steps":[{"name":"Выбор штата: 'Uttar Pradesh'","time":{"start":1723055556334,"stop":1723055557573,"duration":1239},"status":"broken","statusMessage":"selenium.common.exceptions.ElementClickInterceptedException: Message: element click intercepted: Element <div class=\" css-yt9ioa-option\" id=\"react-select-3-option-1\" tabindex=\"-1\">...</div> is not clickable at point (874, 881). Other element would receive the click: <div>...</div>\n  (Session info: chrome=127.0.6533.88)\nStacktrace:\n#0 0x55e72961c6aa <unknown>\n#1 0x55e7292ed600 <unknown>\n#2 0x55e7293438e6 <unknown>\n#3 0x55e7293417f6 <unknown>\n#4 0x55e72933f277 <unknown>\n#5 0x55e72933e11c <unknown>\n#6 0x55e729331be6 <unknown>\n#7 0x55e72935f8a2 <unknown>\n#8 0x55e729331599 <unknown>\n#9 0x55e72935fa6e <unknown>\n#10 0x55e72937e04a <unknown>\n#11 0x55e72935f643 <unknown>\n#12 0x55e72932fd31 <unknown>\n#13 0x55e72933079e <unknown>\n#14 0x55e7295e423b <unknown>\n#15 0x55e7295e81d2 <unknown>\n#16 0x55e7295d15f5 <unknown>\n#17 0x55e7295e8d62 <unknown>\n#18 0x55e7295b623f <unknown>\n#19 0x55e72960be48 <unknown>\n#20 0x55e72960c020 <unknown>\n#21 0x55e72961b47c <unknown>\n#22 0x7faf3f094ac3 <unknown>\n\n","statusTrace":"  File \"/opt/hostedtoolcache/Python/3.12.4/x64/lib/python3.12/site-packages/allure_commons/_allure.py\", line 192, in impl\n    return func(*a, **kw)\n           ^^^^^^^^^^^^^^\n  File \"/home/runner/work/SimbirSoft-SDET-TEST/SimbirSoft-SDET-TEST/pages/registration_page.py\", line 176, in select_state\n    self.click((By.XPATH, f\"//div[text()='{state}']\"))\n  File \"/opt/hostedtoolcache/Python/3.12.4/x64/lib/python3.12/site-packages/allure_commons/_allure.py\", line 192, in impl\n    return func(*a, **kw)\n           ^^^^^^^^^^^^^^\n  File \"/home/runner/work/SimbirSoft-SDET-TEST/SimbirSoft-SDET-TEST/pages/base_page.py\", line 37, in click\n    self.find_element(locator).click()\n  File \"/opt/hostedtoolcache/Python/3.12.4/x64/lib/python3.12/site-packages/selenium/webdriver/remote/webelement.py\", line 94, in click\n    self._execute(Command.CLICK_ELEMENT)\n  File \"/opt/hostedtoolcache/Python/3.12.4/x64/lib/python3.12/site-packages/selenium/webdriver/remote/webelement.py\", line 395, in _execute\n    return self._parent.execute(command, params)\n           ^^^^^^^^^^^^^^^^^^^^^^^^^^^^^^^^^^^^^\n  File \"/opt/hostedtoolcache/Python/3.12.4/x64/lib/python3.12/site-packages/selenium/webdriver/remote/webdriver.py\", line 354, in execute\n    self.error_handler.check_response(response)\n  File \"/opt/hostedtoolcache/Python/3.12.4/x64/lib/python3.12/site-packages/selenium/webdriver/remote/errorhandler.py\", line 229, in check_response\n    raise exception_class(message, screen, stacktrace)\n","steps":[{"name":"Клик по элементу ('id', 'state')","time":{"start":1723055556334,"stop":1723055556413,"duration":79},"status":"passed","steps":[{"name":"Поиск элемента ('id', 'state')","time":{"start":1723055556334,"stop":1723055556354,"duration":20},"status":"passed","steps":[],"attachments":[],"parameters":[{"name":"locator","value":"('id', 'state')"},{"name":"timeout","value":"10"}],"shouldDisplayMessage":false,"stepsCount":0,"attachmentsCount":0,"hasContent":true,"attachmentStep":false}],"attachments":[],"parameters":[{"name":"locator","value":"('id', 'state')"}],"shouldDisplayMessage":false,"stepsCount":1,"attachmentsCount":0,"hasContent":true,"attachmentStep":false},{"name":"Клик по элементу ('xpath', \"//div[text()='Uttar Pradesh']\")","time":{"start":1723055556413,"stop":1723055557573,"duration":1160},"status":"broken","statusMessage":"selenium.common.exceptions.ElementClickInterceptedException: Message: element click intercepted: Element <div class=\" css-yt9ioa-option\" id=\"react-select-3-option-1\" tabindex=\"-1\">...</div> is not clickable at point (874, 881). Other element would receive the click: <div>...</div>\n  (Session info: chrome=127.0.6533.88)\nStacktrace:\n#0 0x55e72961c6aa <unknown>\n#1 0x55e7292ed600 <unknown>\n#2 0x55e7293438e6 <unknown>\n#3 0x55e7293417f6 <unknown>\n#4 0x55e72933f277 <unknown>\n#5 0x55e72933e11c <unknown>\n#6 0x55e729331be6 <unknown>\n#7 0x55e72935f8a2 <unknown>\n#8 0x55e729331599 <unknown>\n#9 0x55e72935fa6e <unknown>\n#10 0x55e72937e04a <unknown>\n#11 0x55e72935f643 <unknown>\n#12 0x55e72932fd31 <unknown>\n#13 0x55e72933079e <unknown>\n#14 0x55e7295e423b <unknown>\n#15 0x55e7295e81d2 <unknown>\n#16 0x55e7295d15f5 <unknown>\n#17 0x55e7295e8d62 <unknown>\n#18 0x55e7295b623f <unknown>\n#19 0x55e72960be48 <unknown>\n#20 0x55e72960c020 <unknown>\n#21 0x55e72961b47c <unknown>\n#22 0x7faf3f094ac3 <unknown>\n\n","statusTrace":"  File \"/opt/hostedtoolcache/Python/3.12.4/x64/lib/python3.12/site-packages/allure_commons/_allure.py\", line 192, in impl\n    return func(*a, **kw)\n           ^^^^^^^^^^^^^^\n  File \"/home/runner/work/SimbirSoft-SDET-TEST/SimbirSoft-SDET-TEST/pages/base_page.py\", line 37, in click\n    self.find_element(locator).click()\n  File \"/opt/hostedtoolcache/Python/3.12.4/x64/lib/python3.12/site-packages/selenium/webdriver/remote/webelement.py\", line 94, in click\n    self._execute(Command.CLICK_ELEMENT)\n  File \"/opt/hostedtoolcache/Python/3.12.4/x64/lib/python3.12/site-packages/selenium/webdriver/remote/webelement.py\", line 395, in _execute\n    return self._parent.execute(command, params)\n           ^^^^^^^^^^^^^^^^^^^^^^^^^^^^^^^^^^^^^\n  File \"/opt/hostedtoolcache/Python/3.12.4/x64/lib/python3.12/site-packages/selenium/webdriver/remote/webdriver.py\", line 354, in execute\n    self.error_handler.check_response(response)\n  File \"/opt/hostedtoolcache/Python/3.12.4/x64/lib/python3.12/site-packages/selenium/webdriver/remote/errorhandler.py\", line 229, in check_response\n    raise exception_class(message, screen, stacktrace)\n","steps":[{"name":"Поиск элемента ('xpath', \"//div[text()='Uttar Pradesh']\")","time":{"start":1723055556413,"stop":1723055556423,"duration":10},"status":"passed","steps":[],"attachments":[],"parameters":[{"name":"locator","value":"('xpath', \"//div[text()='Uttar Pradesh']\")"},{"name":"timeout","value":"10"}],"shouldDisplayMessage":false,"stepsCount":0,"attachmentsCount":0,"hasContent":true,"attachmentStep":false}],"attachments":[],"parameters":[{"name":"locator","value":"('xpath', \"//div[text()='Uttar Pradesh']\")"}],"shouldDisplayMessage":true,"stepsCount":1,"attachmentsCount":0,"hasContent":true,"attachmentStep":false}],"attachments":[],"parameters":[{"name":"state","value":"'Uttar Pradesh'"}],"shouldDisplayMessage":false,"stepsCount":4,"attachmentsCount":0,"hasContent":true,"attachmentStep":false}],"attachments":[],"parameters":[],"shouldDisplayMessage":false,"stepsCount":5,"attachmentsCount":0,"hasContent":true,"attachmentStep":false}],"attachments":[{"uid":"4ece22fc7bfdf5","name":"log","source":"4ece22fc7bfdf5.txt","type":"text/plain","size":1989},{"uid":"851c8784aaddb219","name":"stdout","source":"851c8784aaddb219.txt","type":"text/plain","size":1930}],"parameters":[],"shouldDisplayMessage":true,"stepsCount":9,"attachmentsCount":2,"hasContent":true,"attachmentStep":false},"afterStages":[{"name":"setup_teardown::0","time":{"start":1723055557645,"stop":1723055557984,"duration":339},"status":"passed","steps":[],"attachments":[{"uid":"abfd5d512386a7a3","name":"screenshot_test_state_city[Uttar Pradesh-Lucknow]","source":"abfd5d512386a7a3.png","type":"image/png","size":664215}],"parameters":[],"shouldDisplayMessage":false,"stepsCount":0,"attachmentsCount":1,"hasContent":true,"attachmentStep":false},{"name":"browser::0","time":{"start":1723055557985,"stop":1723055558060,"duration":75},"status":"passed","steps":[],"attachments":[],"parameters":[],"shouldDisplayMessage":false,"stepsCount":0,"attachmentsCount":0,"hasContent":false,"attachmentStep":false}],"labels":[{"name":"epic","value":"Тестирование формы регистрации"},{"name":"feature","value":"Тестирование выбора штата и города"},{"name":"severity","value":"trivial"},{"name":"parentSuite","value":"tests"},{"name":"suite","value":"test_registration_form"},{"name":"subSuite","value":"TestRegistrationForm"},{"name":"host","value":"fv-az693-892"},{"name":"thread","value":"2729-MainThread"},{"name":"framework","value":"pytest"},{"name":"language","value":"cpython3"},{"name":"package","value":"tests.test_registration_form"},{"name":"resultFormat","value":"allure2"}],"parameters":[{"name":"browser","value":"'chrome'"},{"name":"city","value":"'Lucknow'"},{"name":"state","value":"'Uttar Pradesh'"}],"links":[],"hidden":true,"retry":true,"extra":{"categories":[],"tags":[]},"source":"30c000b9bdfd77f5.json","parameterValues":["'chrome'","'Lucknow'","'Uttar Pradesh'"]}