{"uid":"1ff9fcc508b26396","name":"Тест выбора штата и города","fullName":"tests.test_registration_form.TestRegistrationForm#test_state_city","historyId":"67a3e5f12914adccb3b7c7b8b138c133","time":{"start":1723039563264,"stop":1723039565628,"duration":2364},"description":"Этот тест проверяет корректность выбора штата и соответствующего ему города в форме регистрации.","descriptionHtml":"\n<h2>Тестирование формы регистрации на сайте</h2>\n<p>Этот набор тестов проверяет функциональность формы регистрации, включая:</p>\n<ul>\n    <li>Заполнение всех полей формы</li>\n    <li>Выбор различных опций (пол, хобби, предметы)</li>\n    <li>Загрузку изображения</li>\n    <li>Выбор даты рождения</li>\n    <li>Выбор штата и города</li>\n</ul>\n","status":"broken","statusMessage":"selenium.common.exceptions.ElementClickInterceptedException: Message: element click intercepted: Element <div class=\" css-yt9ioa-option\" id=\"react-select-3-option-1\" tabindex=\"-1\">...</div> is not clickable at point (874, 881). Other element would receive the click: <div>...</div>\n  (Session info: chrome=127.0.6533.88)\nStacktrace:\n#0 0x55f9dad5d6aa <unknown>\n#1 0x55f9daa2e600 <unknown>\n#2 0x55f9daa848e6 <unknown>\n#3 0x55f9daa827f6 <unknown>\n#4 0x55f9daa80277 <unknown>\n#5 0x55f9daa7f11c <unknown>\n#6 0x55f9daa72be6 <unknown>\n#7 0x55f9daaa08a2 <unknown>\n#8 0x55f9daa72599 <unknown>\n#9 0x55f9daaa0a6e <unknown>\n#10 0x55f9daabf04a <unknown>\n#11 0x55f9daaa0643 <unknown>\n#12 0x55f9daa70d31 <unknown>\n#13 0x55f9daa7179e <unknown>\n#14 0x55f9dad2523b <unknown>\n#15 0x55f9dad291d2 <unknown>\n#16 0x55f9dad125f5 <unknown>\n#17 0x55f9dad29d62 <unknown>\n#18 0x55f9dacf723f <unknown>\n#19 0x55f9dad4ce48 <unknown>\n#20 0x55f9dad4d020 <unknown>\n#21 0x55f9dad5c47c <unknown>\n#22 0x7f2791e94ac3 <unknown>","statusTrace":"self = <tests.test_registration_form.TestRegistrationForm object at 0x7ff30e820e00>\npage = <pages.registration_page.RegistrationPage object at 0x7ff30e6a4890>\nstate = 'Uttar Pradesh', city = 'Lucknow'\n\n    @allure.feature(\"Тестирование выбора штата и города\")\n    @allure.severity(Severity.TRIVIAL)\n    @allure.title(\"Тест выбора штата и города\")\n    @allure.description(\"Этот тест проверяет корректность выбора штата \"\n                        \"и соответствующего ему города в форме регистрации.\")\n    @pytest.mark.parametrize(\"state, city\", [\n        (\"NCR\", \"Delhi\"),\n        (\"Uttar Pradesh\", \"Lucknow\"),\n        (\"Haryana\", \"Karnal\"),\n        (\"Rajasthan\", \"Jaipur\")\n    ])\n    def test_state_city(self, page, state, city):\n        logger.info(f\"Тестирование выбора штата {state} и города {city} начато\")\n        with allure.step(\"Открытие страницы регистрации\"):\n            logger.info(\"Открытие страницы регистрации\")\n            page.open()\n        with allure.step(f\"Выбор штата: {state}\"):\n            logger.info(f\"Выбор штата: {state}\")\n>           page.select_state(state)\n\ntests/test_registration_form.py:268: \n_ _ _ _ _ _ _ _ _ _ _ _ _ _ _ _ _ _ _ _ _ _ _ _ _ _ _ _ _ _ _ _ _ _ _ _ _ _ _ _ \npages/registration_page.py:176: in select_state\n    self.click((By.XPATH, f\"//div[text()='{state}']\"))\npages/base_page.py:37: in click\n    self.find_element(locator).click()\n/opt/hostedtoolcache/Python/3.12.4/x64/lib/python3.12/site-packages/selenium/webdriver/remote/webelement.py:94: in click\n    self._execute(Command.CLICK_ELEMENT)\n/opt/hostedtoolcache/Python/3.12.4/x64/lib/python3.12/site-packages/selenium/webdriver/remote/webelement.py:395: in _execute\n    return self._parent.execute(command, params)\n/opt/hostedtoolcache/Python/3.12.4/x64/lib/python3.12/site-packages/selenium/webdriver/remote/webdriver.py:354: in execute\n    self.error_handler.check_response(response)\n_ _ _ _ _ _ _ _ _ _ _ _ _ _ _ _ _ _ _ _ _ _ _ _ _ _ _ _ _ _ _ _ _ _ _ _ _ _ _ _ \n\nself = <selenium.webdriver.remote.errorhandler.ErrorHandler object at 0x7ff30e843560>\nresponse = {'status': 400, 'value': '{\"value\":{\"error\":\"element click intercepted\",\"message\":\"element click intercepted: Element ...\\\\n#20 0x55f9dad4d020 \\\\u003Cunknown>\\\\n#21 0x55f9dad5c47c \\\\u003Cunknown>\\\\n#22 0x7f2791e94ac3 \\\\u003Cunknown>\\\\n\"}}'}\n\n    def check_response(self, response: Dict[str, Any]) -> None:\n        \"\"\"Checks that a JSON response from the WebDriver does not have an\n        error.\n    \n        :Args:\n         - response - The JSON response from the WebDriver server as a dictionary\n           object.\n    \n        :Raises: If the response contains an error message.\n        \"\"\"\n        status = response.get(\"status\", None)\n        if not status or status == ErrorCode.SUCCESS:\n            return\n        value = None\n        message = response.get(\"message\", \"\")\n        screen: str = response.get(\"screen\", \"\")\n        stacktrace = None\n        if isinstance(status, int):\n            value_json = response.get(\"value\", None)\n            if value_json and isinstance(value_json, str):\n                import json\n    \n                try:\n                    value = json.loads(value_json)\n                    if len(value) == 1:\n                        value = value[\"value\"]\n                    status = value.get(\"error\", None)\n                    if not status:\n                        status = value.get(\"status\", ErrorCode.UNKNOWN_ERROR)\n                        message = value.get(\"value\") or value.get(\"message\")\n                        if not isinstance(message, str):\n                            value = message\n                            message = message.get(\"message\")\n                    else:\n                        message = value.get(\"message\", None)\n                except ValueError:\n                    pass\n    \n        exception_class: Type[WebDriverException]\n        e = ErrorCode()\n        error_codes = [item for item in dir(e) if not item.startswith(\"__\")]\n        for error_code in error_codes:\n            error_info = getattr(ErrorCode, error_code)\n            if isinstance(error_info, list) and status in error_info:\n                exception_class = getattr(ExceptionMapping, error_code, WebDriverException)\n                break\n        else:\n            exception_class = WebDriverException\n    \n        if not value:\n            value = response[\"value\"]\n        if isinstance(value, str):\n            raise exception_class(value)\n        if message == \"\" and \"message\" in value:\n            message = value[\"message\"]\n    \n        screen = None  # type: ignore[assignment]\n        if \"screen\" in value:\n            screen = value[\"screen\"]\n    \n        stacktrace = None\n        st_value = value.get(\"stackTrace\") or value.get(\"stacktrace\")\n        if st_value:\n            if isinstance(st_value, str):\n                stacktrace = st_value.split(\"\\n\")\n            else:\n                stacktrace = []\n                try:\n                    for frame in st_value:\n                        line = frame.get(\"lineNumber\", \"\")\n                        file = frame.get(\"fileName\", \"<anonymous>\")\n                        if line:\n                            file = f\"{file}:{line}\"\n                        meth = frame.get(\"methodName\", \"<anonymous>\")\n                        if \"className\" in frame:\n                            meth = f\"{frame['className']}.{meth}\"\n                        msg = \"    at %s (%s)\"\n                        msg = msg % (meth, file)\n                        stacktrace.append(msg)\n                except TypeError:\n                    pass\n        if exception_class == UnexpectedAlertPresentException:\n            alert_text = None\n            if \"data\" in value:\n                alert_text = value[\"data\"].get(\"text\")\n            elif \"alert\" in value:\n                alert_text = value[\"alert\"].get(\"text\")\n            raise exception_class(message, screen, stacktrace, alert_text)  # type: ignore[call-arg]  # mypy is not smart enough here\n>       raise exception_class(message, screen, stacktrace)\nE       selenium.common.exceptions.ElementClickInterceptedException: Message: element click intercepted: Element <div class=\" css-yt9ioa-option\" id=\"react-select-3-option-1\" tabindex=\"-1\">...</div> is not clickable at point (874, 881). Other element would receive the click: <div>...</div>\nE         (Session info: chrome=127.0.6533.88)\nE       Stacktrace:\nE       #0 0x55f9dad5d6aa <unknown>\nE       #1 0x55f9daa2e600 <unknown>\nE       #2 0x55f9daa848e6 <unknown>\nE       #3 0x55f9daa827f6 <unknown>\nE       #4 0x55f9daa80277 <unknown>\nE       #5 0x55f9daa7f11c <unknown>\nE       #6 0x55f9daa72be6 <unknown>\nE       #7 0x55f9daaa08a2 <unknown>\nE       #8 0x55f9daa72599 <unknown>\nE       #9 0x55f9daaa0a6e <unknown>\nE       #10 0x55f9daabf04a <unknown>\nE       #11 0x55f9daaa0643 <unknown>\nE       #12 0x55f9daa70d31 <unknown>\nE       #13 0x55f9daa7179e <unknown>\nE       #14 0x55f9dad2523b <unknown>\nE       #15 0x55f9dad291d2 <unknown>\nE       #16 0x55f9dad125f5 <unknown>\nE       #17 0x55f9dad29d62 <unknown>\nE       #18 0x55f9dacf723f <unknown>\nE       #19 0x55f9dad4ce48 <unknown>\nE       #20 0x55f9dad4d020 <unknown>\nE       #21 0x55f9dad5c47c <unknown>\nE       #22 0x7f2791e94ac3 <unknown>\n\n/opt/hostedtoolcache/Python/3.12.4/x64/lib/python3.12/site-packages/selenium/webdriver/remote/errorhandler.py:229: ElementClickInterceptedException","flaky":false,"newFailed":false,"newBroken":false,"newPassed":false,"retriesCount":5,"retriesStatusChange":false,"beforeStages":[{"name":"browser","time":{"start":1723039562995,"stop":1723039563263,"duration":268},"status":"passed","steps":[],"attachments":[],"parameters":[],"shouldDisplayMessage":false,"stepsCount":0,"attachmentsCount":0,"hasContent":false,"attachmentStep":false},{"name":"setup_teardown","time":{"start":1723039563263,"stop":1723039563263,"duration":0},"status":"passed","steps":[],"attachments":[],"parameters":[],"shouldDisplayMessage":false,"stepsCount":0,"attachmentsCount":0,"hasContent":false,"attachmentStep":false},{"name":"page","time":{"start":1723039563263,"stop":1723039563263,"duration":0},"status":"passed","steps":[],"attachments":[],"parameters":[],"shouldDisplayMessage":false,"stepsCount":0,"attachmentsCount":0,"hasContent":false,"attachmentStep":false}],"testStage":{"description":"Этот тест проверяет корректность выбора штата и соответствующего ему города в форме регистрации.","descriptionHtml":"\n<h2>Тестирование формы регистрации на сайте</h2>\n<p>Этот набор тестов проверяет функциональность формы регистрации, включая:</p>\n<ul>\n    <li>Заполнение всех полей формы</li>\n    <li>Выбор различных опций (пол, хобби, предметы)</li>\n    <li>Загрузку изображения</li>\n    <li>Выбор даты рождения</li>\n    <li>Выбор штата и города</li>\n</ul>\n","status":"broken","statusMessage":"selenium.common.exceptions.ElementClickInterceptedException: Message: element click intercepted: Element <div class=\" css-yt9ioa-option\" id=\"react-select-3-option-1\" tabindex=\"-1\">...</div> is not clickable at point (874, 881). Other element would receive the click: <div>...</div>\n  (Session info: chrome=127.0.6533.88)\nStacktrace:\n#0 0x55f9dad5d6aa <unknown>\n#1 0x55f9daa2e600 <unknown>\n#2 0x55f9daa848e6 <unknown>\n#3 0x55f9daa827f6 <unknown>\n#4 0x55f9daa80277 <unknown>\n#5 0x55f9daa7f11c <unknown>\n#6 0x55f9daa72be6 <unknown>\n#7 0x55f9daaa08a2 <unknown>\n#8 0x55f9daa72599 <unknown>\n#9 0x55f9daaa0a6e <unknown>\n#10 0x55f9daabf04a <unknown>\n#11 0x55f9daaa0643 <unknown>\n#12 0x55f9daa70d31 <unknown>\n#13 0x55f9daa7179e <unknown>\n#14 0x55f9dad2523b <unknown>\n#15 0x55f9dad291d2 <unknown>\n#16 0x55f9dad125f5 <unknown>\n#17 0x55f9dad29d62 <unknown>\n#18 0x55f9dacf723f <unknown>\n#19 0x55f9dad4ce48 <unknown>\n#20 0x55f9dad4d020 <unknown>\n#21 0x55f9dad5c47c <unknown>\n#22 0x7f2791e94ac3 <unknown>","statusTrace":"self = <tests.test_registration_form.TestRegistrationForm object at 0x7ff30e820e00>\npage = <pages.registration_page.RegistrationPage object at 0x7ff30e6a4890>\nstate = 'Uttar Pradesh', city = 'Lucknow'\n\n    @allure.feature(\"Тестирование выбора штата и города\")\n    @allure.severity(Severity.TRIVIAL)\n    @allure.title(\"Тест выбора штата и города\")\n    @allure.description(\"Этот тест проверяет корректность выбора штата \"\n                        \"и соответствующего ему города в форме регистрации.\")\n    @pytest.mark.parametrize(\"state, city\", [\n        (\"NCR\", \"Delhi\"),\n        (\"Uttar Pradesh\", \"Lucknow\"),\n        (\"Haryana\", \"Karnal\"),\n        (\"Rajasthan\", \"Jaipur\")\n    ])\n    def test_state_city(self, page, state, city):\n        logger.info(f\"Тестирование выбора штата {state} и города {city} начато\")\n        with allure.step(\"Открытие страницы регистрации\"):\n            logger.info(\"Открытие страницы регистрации\")\n            page.open()\n        with allure.step(f\"Выбор штата: {state}\"):\n            logger.info(f\"Выбор штата: {state}\")\n>           page.select_state(state)\n\ntests/test_registration_form.py:268: \n_ _ _ _ _ _ _ _ _ _ _ _ _ _ _ _ _ _ _ _ _ _ _ _ _ _ _ _ _ _ _ _ _ _ _ _ _ _ _ _ \npages/registration_page.py:176: in select_state\n    self.click((By.XPATH, f\"//div[text()='{state}']\"))\npages/base_page.py:37: in click\n    self.find_element(locator).click()\n/opt/hostedtoolcache/Python/3.12.4/x64/lib/python3.12/site-packages/selenium/webdriver/remote/webelement.py:94: in click\n    self._execute(Command.CLICK_ELEMENT)\n/opt/hostedtoolcache/Python/3.12.4/x64/lib/python3.12/site-packages/selenium/webdriver/remote/webelement.py:395: in _execute\n    return self._parent.execute(command, params)\n/opt/hostedtoolcache/Python/3.12.4/x64/lib/python3.12/site-packages/selenium/webdriver/remote/webdriver.py:354: in execute\n    self.error_handler.check_response(response)\n_ _ _ _ _ _ _ _ _ _ _ _ _ _ _ _ _ _ _ _ _ _ _ _ _ _ _ _ _ _ _ _ _ _ _ _ _ _ _ _ \n\nself = <selenium.webdriver.remote.errorhandler.ErrorHandler object at 0x7ff30e843560>\nresponse = {'status': 400, 'value': '{\"value\":{\"error\":\"element click intercepted\",\"message\":\"element click intercepted: Element ...\\\\n#20 0x55f9dad4d020 \\\\u003Cunknown>\\\\n#21 0x55f9dad5c47c \\\\u003Cunknown>\\\\n#22 0x7f2791e94ac3 \\\\u003Cunknown>\\\\n\"}}'}\n\n    def check_response(self, response: Dict[str, Any]) -> None:\n        \"\"\"Checks that a JSON response from the WebDriver does not have an\n        error.\n    \n        :Args:\n         - response - The JSON response from the WebDriver server as a dictionary\n           object.\n    \n        :Raises: If the response contains an error message.\n        \"\"\"\n        status = response.get(\"status\", None)\n        if not status or status == ErrorCode.SUCCESS:\n            return\n        value = None\n        message = response.get(\"message\", \"\")\n        screen: str = response.get(\"screen\", \"\")\n        stacktrace = None\n        if isinstance(status, int):\n            value_json = response.get(\"value\", None)\n            if value_json and isinstance(value_json, str):\n                import json\n    \n                try:\n                    value = json.loads(value_json)\n                    if len(value) == 1:\n                        value = value[\"value\"]\n                    status = value.get(\"error\", None)\n                    if not status:\n                        status = value.get(\"status\", ErrorCode.UNKNOWN_ERROR)\n                        message = value.get(\"value\") or value.get(\"message\")\n                        if not isinstance(message, str):\n                            value = message\n                            message = message.get(\"message\")\n                    else:\n                        message = value.get(\"message\", None)\n                except ValueError:\n                    pass\n    \n        exception_class: Type[WebDriverException]\n        e = ErrorCode()\n        error_codes = [item for item in dir(e) if not item.startswith(\"__\")]\n        for error_code in error_codes:\n            error_info = getattr(ErrorCode, error_code)\n            if isinstance(error_info, list) and status in error_info:\n                exception_class = getattr(ExceptionMapping, error_code, WebDriverException)\n                break\n        else:\n            exception_class = WebDriverException\n    \n        if not value:\n            value = response[\"value\"]\n        if isinstance(value, str):\n            raise exception_class(value)\n        if message == \"\" and \"message\" in value:\n            message = value[\"message\"]\n    \n        screen = None  # type: ignore[assignment]\n        if \"screen\" in value:\n            screen = value[\"screen\"]\n    \n        stacktrace = None\n        st_value = value.get(\"stackTrace\") or value.get(\"stacktrace\")\n        if st_value:\n            if isinstance(st_value, str):\n                stacktrace = st_value.split(\"\\n\")\n            else:\n                stacktrace = []\n                try:\n                    for frame in st_value:\n                        line = frame.get(\"lineNumber\", \"\")\n                        file = frame.get(\"fileName\", \"<anonymous>\")\n                        if line:\n                            file = f\"{file}:{line}\"\n                        meth = frame.get(\"methodName\", \"<anonymous>\")\n                        if \"className\" in frame:\n                            meth = f\"{frame['className']}.{meth}\"\n                        msg = \"    at %s (%s)\"\n                        msg = msg % (meth, file)\n                        stacktrace.append(msg)\n                except TypeError:\n                    pass\n        if exception_class == UnexpectedAlertPresentException:\n            alert_text = None\n            if \"data\" in value:\n                alert_text = value[\"data\"].get(\"text\")\n            elif \"alert\" in value:\n                alert_text = value[\"alert\"].get(\"text\")\n            raise exception_class(message, screen, stacktrace, alert_text)  # type: ignore[call-arg]  # mypy is not smart enough here\n>       raise exception_class(message, screen, stacktrace)\nE       selenium.common.exceptions.ElementClickInterceptedException: Message: element click intercepted: Element <div class=\" css-yt9ioa-option\" id=\"react-select-3-option-1\" tabindex=\"-1\">...</div> is not clickable at point (874, 881). Other element would receive the click: <div>...</div>\nE         (Session info: chrome=127.0.6533.88)\nE       Stacktrace:\nE       #0 0x55f9dad5d6aa <unknown>\nE       #1 0x55f9daa2e600 <unknown>\nE       #2 0x55f9daa848e6 <unknown>\nE       #3 0x55f9daa827f6 <unknown>\nE       #4 0x55f9daa80277 <unknown>\nE       #5 0x55f9daa7f11c <unknown>\nE       #6 0x55f9daa72be6 <unknown>\nE       #7 0x55f9daaa08a2 <unknown>\nE       #8 0x55f9daa72599 <unknown>\nE       #9 0x55f9daaa0a6e <unknown>\nE       #10 0x55f9daabf04a <unknown>\nE       #11 0x55f9daaa0643 <unknown>\nE       #12 0x55f9daa70d31 <unknown>\nE       #13 0x55f9daa7179e <unknown>\nE       #14 0x55f9dad2523b <unknown>\nE       #15 0x55f9dad291d2 <unknown>\nE       #16 0x55f9dad125f5 <unknown>\nE       #17 0x55f9dad29d62 <unknown>\nE       #18 0x55f9dacf723f <unknown>\nE       #19 0x55f9dad4ce48 <unknown>\nE       #20 0x55f9dad4d020 <unknown>\nE       #21 0x55f9dad5c47c <unknown>\nE       #22 0x7f2791e94ac3 <unknown>\n\n/opt/hostedtoolcache/Python/3.12.4/x64/lib/python3.12/site-packages/selenium/webdriver/remote/errorhandler.py:229: ElementClickInterceptedException","steps":[{"name":"Открытие страницы регистрации","time":{"start":1723039563264,"stop":1723039564406,"duration":1142},"status":"passed","steps":[{"name":"Открытие страницы регистрации","time":{"start":1723039563264,"stop":1723039564406,"duration":1142},"status":"passed","steps":[{"name":"Открытие страницы 'https://demoqa.com/automation-practice-form'","time":{"start":1723039563264,"stop":1723039564406,"duration":1142},"status":"passed","steps":[],"attachments":[],"parameters":[{"name":"url","value":"'https://demoqa.com/automation-practice-form'"}],"shouldDisplayMessage":false,"stepsCount":0,"attachmentsCount":0,"hasContent":true,"attachmentStep":false}],"attachments":[],"parameters":[],"shouldDisplayMessage":false,"stepsCount":1,"attachmentsCount":0,"hasContent":true,"attachmentStep":false}],"attachments":[],"parameters":[],"shouldDisplayMessage":false,"stepsCount":2,"attachmentsCount":0,"hasContent":true,"attachmentStep":false},{"name":"Выбор штата: Uttar Pradesh","time":{"start":1723039564406,"stop":1723039565627,"duration":1221},"status":"broken","statusMessage":"selenium.common.exceptions.ElementClickInterceptedException: Message: element click intercepted: Element <div class=\" css-yt9ioa-option\" id=\"react-select-3-option-1\" tabindex=\"-1\">...</div> is not clickable at point (874, 881). Other element would receive the click: <div>...</div>\n  (Session info: chrome=127.0.6533.88)\nStacktrace:\n#0 0x55f9dad5d6aa <unknown>\n#1 0x55f9daa2e600 <unknown>\n#2 0x55f9daa848e6 <unknown>\n#3 0x55f9daa827f6 <unknown>\n#4 0x55f9daa80277 <unknown>\n#5 0x55f9daa7f11c <unknown>\n#6 0x55f9daa72be6 <unknown>\n#7 0x55f9daaa08a2 <unknown>\n#8 0x55f9daa72599 <unknown>\n#9 0x55f9daaa0a6e <unknown>\n#10 0x55f9daabf04a <unknown>\n#11 0x55f9daaa0643 <unknown>\n#12 0x55f9daa70d31 <unknown>\n#13 0x55f9daa7179e <unknown>\n#14 0x55f9dad2523b <unknown>\n#15 0x55f9dad291d2 <unknown>\n#16 0x55f9dad125f5 <unknown>\n#17 0x55f9dad29d62 <unknown>\n#18 0x55f9dacf723f <unknown>\n#19 0x55f9dad4ce48 <unknown>\n#20 0x55f9dad4d020 <unknown>\n#21 0x55f9dad5c47c <unknown>\n#22 0x7f2791e94ac3 <unknown>\n\n","statusTrace":"  File \"/home/runner/work/SimbirSoft-SDET-TEST/SimbirSoft-SDET-TEST/tests/test_registration_form.py\", line 268, in test_state_city\n    page.select_state(state)\n  File \"/opt/hostedtoolcache/Python/3.12.4/x64/lib/python3.12/site-packages/allure_commons/_allure.py\", line 192, in impl\n    return func(*a, **kw)\n           ^^^^^^^^^^^^^^\n  File \"/home/runner/work/SimbirSoft-SDET-TEST/SimbirSoft-SDET-TEST/pages/registration_page.py\", line 176, in select_state\n    self.click((By.XPATH, f\"//div[text()='{state}']\"))\n  File \"/opt/hostedtoolcache/Python/3.12.4/x64/lib/python3.12/site-packages/allure_commons/_allure.py\", line 192, in impl\n    return func(*a, **kw)\n           ^^^^^^^^^^^^^^\n  File \"/home/runner/work/SimbirSoft-SDET-TEST/SimbirSoft-SDET-TEST/pages/base_page.py\", line 37, in click\n    self.find_element(locator).click()\n  File \"/opt/hostedtoolcache/Python/3.12.4/x64/lib/python3.12/site-packages/selenium/webdriver/remote/webelement.py\", line 94, in click\n    self._execute(Command.CLICK_ELEMENT)\n  File \"/opt/hostedtoolcache/Python/3.12.4/x64/lib/python3.12/site-packages/selenium/webdriver/remote/webelement.py\", line 395, in _execute\n    return self._parent.execute(command, params)\n           ^^^^^^^^^^^^^^^^^^^^^^^^^^^^^^^^^^^^^\n  File \"/opt/hostedtoolcache/Python/3.12.4/x64/lib/python3.12/site-packages/selenium/webdriver/remote/webdriver.py\", line 354, in execute\n    self.error_handler.check_response(response)\n  File \"/opt/hostedtoolcache/Python/3.12.4/x64/lib/python3.12/site-packages/selenium/webdriver/remote/errorhandler.py\", line 229, in check_response\n    raise exception_class(message, screen, stacktrace)\n","steps":[{"name":"Выбор штата: 'Uttar Pradesh'","time":{"start":1723039564406,"stop":1723039565626,"duration":1220},"status":"broken","statusMessage":"selenium.common.exceptions.ElementClickInterceptedException: Message: element click intercepted: Element <div class=\" css-yt9ioa-option\" id=\"react-select-3-option-1\" tabindex=\"-1\">...</div> is not clickable at point (874, 881). Other element would receive the click: <div>...</div>\n  (Session info: chrome=127.0.6533.88)\nStacktrace:\n#0 0x55f9dad5d6aa <unknown>\n#1 0x55f9daa2e600 <unknown>\n#2 0x55f9daa848e6 <unknown>\n#3 0x55f9daa827f6 <unknown>\n#4 0x55f9daa80277 <unknown>\n#5 0x55f9daa7f11c <unknown>\n#6 0x55f9daa72be6 <unknown>\n#7 0x55f9daaa08a2 <unknown>\n#8 0x55f9daa72599 <unknown>\n#9 0x55f9daaa0a6e <unknown>\n#10 0x55f9daabf04a <unknown>\n#11 0x55f9daaa0643 <unknown>\n#12 0x55f9daa70d31 <unknown>\n#13 0x55f9daa7179e <unknown>\n#14 0x55f9dad2523b <unknown>\n#15 0x55f9dad291d2 <unknown>\n#16 0x55f9dad125f5 <unknown>\n#17 0x55f9dad29d62 <unknown>\n#18 0x55f9dacf723f <unknown>\n#19 0x55f9dad4ce48 <unknown>\n#20 0x55f9dad4d020 <unknown>\n#21 0x55f9dad5c47c <unknown>\n#22 0x7f2791e94ac3 <unknown>\n\n","statusTrace":"  File \"/opt/hostedtoolcache/Python/3.12.4/x64/lib/python3.12/site-packages/allure_commons/_allure.py\", line 192, in impl\n    return func(*a, **kw)\n           ^^^^^^^^^^^^^^\n  File \"/home/runner/work/SimbirSoft-SDET-TEST/SimbirSoft-SDET-TEST/pages/registration_page.py\", line 176, in select_state\n    self.click((By.XPATH, f\"//div[text()='{state}']\"))\n  File \"/opt/hostedtoolcache/Python/3.12.4/x64/lib/python3.12/site-packages/allure_commons/_allure.py\", line 192, in impl\n    return func(*a, **kw)\n           ^^^^^^^^^^^^^^\n  File \"/home/runner/work/SimbirSoft-SDET-TEST/SimbirSoft-SDET-TEST/pages/base_page.py\", line 37, in click\n    self.find_element(locator).click()\n  File \"/opt/hostedtoolcache/Python/3.12.4/x64/lib/python3.12/site-packages/selenium/webdriver/remote/webelement.py\", line 94, in click\n    self._execute(Command.CLICK_ELEMENT)\n  File \"/opt/hostedtoolcache/Python/3.12.4/x64/lib/python3.12/site-packages/selenium/webdriver/remote/webelement.py\", line 395, in _execute\n    return self._parent.execute(command, params)\n           ^^^^^^^^^^^^^^^^^^^^^^^^^^^^^^^^^^^^^\n  File \"/opt/hostedtoolcache/Python/3.12.4/x64/lib/python3.12/site-packages/selenium/webdriver/remote/webdriver.py\", line 354, in execute\n    self.error_handler.check_response(response)\n  File \"/opt/hostedtoolcache/Python/3.12.4/x64/lib/python3.12/site-packages/selenium/webdriver/remote/errorhandler.py\", line 229, in check_response\n    raise exception_class(message, screen, stacktrace)\n","steps":[{"name":"Клик по элементу ('id', 'state')","time":{"start":1723039564406,"stop":1723039564465,"duration":59},"status":"passed","steps":[{"name":"Поиск элемента ('id', 'state')","time":{"start":1723039564406,"stop":1723039564415,"duration":9},"status":"passed","steps":[],"attachments":[],"parameters":[{"name":"locator","value":"('id', 'state')"},{"name":"timeout","value":"10"}],"shouldDisplayMessage":false,"stepsCount":0,"attachmentsCount":0,"hasContent":true,"attachmentStep":false}],"attachments":[],"parameters":[{"name":"locator","value":"('id', 'state')"}],"shouldDisplayMessage":false,"stepsCount":1,"attachmentsCount":0,"hasContent":true,"attachmentStep":false},{"name":"Клик по элементу ('xpath', \"//div[text()='Uttar Pradesh']\")","time":{"start":1723039564465,"stop":1723039565625,"duration":1160},"status":"broken","statusMessage":"selenium.common.exceptions.ElementClickInterceptedException: Message: element click intercepted: Element <div class=\" css-yt9ioa-option\" id=\"react-select-3-option-1\" tabindex=\"-1\">...</div> is not clickable at point (874, 881). Other element would receive the click: <div>...</div>\n  (Session info: chrome=127.0.6533.88)\nStacktrace:\n#0 0x55f9dad5d6aa <unknown>\n#1 0x55f9daa2e600 <unknown>\n#2 0x55f9daa848e6 <unknown>\n#3 0x55f9daa827f6 <unknown>\n#4 0x55f9daa80277 <unknown>\n#5 0x55f9daa7f11c <unknown>\n#6 0x55f9daa72be6 <unknown>\n#7 0x55f9daaa08a2 <unknown>\n#8 0x55f9daa72599 <unknown>\n#9 0x55f9daaa0a6e <unknown>\n#10 0x55f9daabf04a <unknown>\n#11 0x55f9daaa0643 <unknown>\n#12 0x55f9daa70d31 <unknown>\n#13 0x55f9daa7179e <unknown>\n#14 0x55f9dad2523b <unknown>\n#15 0x55f9dad291d2 <unknown>\n#16 0x55f9dad125f5 <unknown>\n#17 0x55f9dad29d62 <unknown>\n#18 0x55f9dacf723f <unknown>\n#19 0x55f9dad4ce48 <unknown>\n#20 0x55f9dad4d020 <unknown>\n#21 0x55f9dad5c47c <unknown>\n#22 0x7f2791e94ac3 <unknown>\n\n","statusTrace":"  File \"/opt/hostedtoolcache/Python/3.12.4/x64/lib/python3.12/site-packages/allure_commons/_allure.py\", line 192, in impl\n    return func(*a, **kw)\n           ^^^^^^^^^^^^^^\n  File \"/home/runner/work/SimbirSoft-SDET-TEST/SimbirSoft-SDET-TEST/pages/base_page.py\", line 37, in click\n    self.find_element(locator).click()\n  File \"/opt/hostedtoolcache/Python/3.12.4/x64/lib/python3.12/site-packages/selenium/webdriver/remote/webelement.py\", line 94, in click\n    self._execute(Command.CLICK_ELEMENT)\n  File \"/opt/hostedtoolcache/Python/3.12.4/x64/lib/python3.12/site-packages/selenium/webdriver/remote/webelement.py\", line 395, in _execute\n    return self._parent.execute(command, params)\n           ^^^^^^^^^^^^^^^^^^^^^^^^^^^^^^^^^^^^^\n  File \"/opt/hostedtoolcache/Python/3.12.4/x64/lib/python3.12/site-packages/selenium/webdriver/remote/webdriver.py\", line 354, in execute\n    self.error_handler.check_response(response)\n  File \"/opt/hostedtoolcache/Python/3.12.4/x64/lib/python3.12/site-packages/selenium/webdriver/remote/errorhandler.py\", line 229, in check_response\n    raise exception_class(message, screen, stacktrace)\n","steps":[{"name":"Поиск элемента ('xpath', \"//div[text()='Uttar Pradesh']\")","time":{"start":1723039564465,"stop":1723039564525,"duration":60},"status":"passed","steps":[],"attachments":[],"parameters":[{"name":"locator","value":"('xpath', \"//div[text()='Uttar Pradesh']\")"},{"name":"timeout","value":"10"}],"shouldDisplayMessage":false,"stepsCount":0,"attachmentsCount":0,"hasContent":true,"attachmentStep":false}],"attachments":[],"parameters":[{"name":"locator","value":"('xpath', \"//div[text()='Uttar Pradesh']\")"}],"shouldDisplayMessage":true,"stepsCount":1,"attachmentsCount":0,"hasContent":true,"attachmentStep":false}],"attachments":[],"parameters":[{"name":"state","value":"'Uttar Pradesh'"}],"shouldDisplayMessage":false,"stepsCount":4,"attachmentsCount":0,"hasContent":true,"attachmentStep":false}],"attachments":[],"parameters":[],"shouldDisplayMessage":false,"stepsCount":5,"attachmentsCount":0,"hasContent":true,"attachmentStep":false}],"attachments":[{"uid":"6fea99fe59f21776","name":"log","source":"6fea99fe59f21776.txt","type":"text/plain","size":2387},{"uid":"985a95743ced7a16","name":"stdout","source":"985a95743ced7a16.txt","type":"text/plain","size":2316}],"parameters":[],"shouldDisplayMessage":true,"stepsCount":9,"attachmentsCount":2,"hasContent":true,"attachmentStep":false},"afterStages":[{"name":"setup_teardown::0","time":{"start":1723039565676,"stop":1723039565862,"duration":186},"status":"passed","steps":[],"attachments":[{"uid":"4cc41da7ef4943b8","name":"screenshot_test_state_city[Uttar Pradesh-Lucknow]","source":"4cc41da7ef4943b8.png","type":"image/png","size":350305}],"parameters":[],"shouldDisplayMessage":false,"stepsCount":0,"attachmentsCount":1,"hasContent":true,"attachmentStep":false},{"name":"browser::0","time":{"start":1723039565863,"stop":1723039565932,"duration":69},"status":"passed","steps":[],"attachments":[],"parameters":[],"shouldDisplayMessage":false,"stepsCount":0,"attachmentsCount":0,"hasContent":false,"attachmentStep":false}],"labels":[{"name":"severity","value":"trivial"},{"name":"epic","value":"Тестирование формы регистрации"},{"name":"feature","value":"Тестирование выбора штата и города"},{"name":"parentSuite","value":"tests"},{"name":"suite","value":"test_registration_form"},{"name":"subSuite","value":"TestRegistrationForm"},{"name":"host","value":"fv-az1445-536"},{"name":"thread","value":"2747-MainThread"},{"name":"framework","value":"pytest"},{"name":"language","value":"cpython3"},{"name":"package","value":"tests.test_registration_form"},{"name":"resultFormat","value":"allure2"}],"parameters":[{"name":"browser","value":"'chrome'"},{"name":"city","value":"'Lucknow'"},{"name":"state","value":"'Uttar Pradesh'"}],"links":[],"hidden":false,"retry":false,"extra":{"severity":"trivial","retries":[{"uid":"dd9cd8483d6e2b08","status":"broken","statusDetails":"selenium.common.exceptions.ElementClickInterceptedException: Message: element click intercepted: Element <div class=\" css-2b097c-container\" id=\"state\">...</div> is not clickable at point (874, 928). Other element would receive the click: <iframe frameborder=\"0\" src=\"https://e806fa1cda5f9c119a5fff32fc126433.safeframe.googlesyndication.com/safeframe/1-0-40/html/container.html\" id=\"google_ads_iframe_/21849154601,22343295815/Ad.Plus-Anchor_0\" title=\"3rd party ad content\" name=\"\" scrolling=\"no\" marginwidth=\"0\" marginheight=\"0\" width=\"728\" height=\"90\" data-is-safeframe=\"true\" sandbox=\"allow-forms allow-popups allow-popups-to-escape-sandbox allow-same-origin allow-scripts allow-top-navigation-by-user-activation\" allow=\"attribution-reporting\" aria-label=\"Advertisement\" tabindex=\"0\" data-google-container-id=\"1\" style=\"border: 0px; vertical-align: bottom;\" data-load-complete=\"true\"></iframe>\n  (Session info: chrome=127.0.6533.88)\nStacktrace:\n#0 0x55b2c27826aa <unknown>\n#1 0x55b2c2453600 <unknown>\n#2 0x55b2c24a98e6 <unknown>\n#3 0x55b2c24a77f6 <unknown>\n#4 0x55b2c24a5277 <unknown>\n#5 0x55b2c24a411c <unknown>\n#6 0x55b2c2497be6 <unknown>\n#7 0x55b2c24c58a2 <unknown>\n#8 0x55b2c2497599 <unknown>\n#9 0x55b2c24c5a6e <unknown>\n#10 0x55b2c24e404a <unknown>\n#11 0x55b2c24c5643 <unknown>\n#12 0x55b2c2495d31 <unknown>\n#13 0x55b2c249679e <unknown>\n#14 0x55b2c274a23b <unknown>\n#15 0x55b2c274e1d2 <unknown>\n#16 0x55b2c27375f5 <unknown>\n#17 0x55b2c274ed62 <unknown>\n#18 0x55b2c271c23f <unknown>\n#19 0x55b2c2771e48 <unknown>\n#20 0x55b2c2772020 <unknown>\n#21 0x55b2c278147c <unknown>\n#22 0x7f797c294ac3 <unknown>","time":{"start":1723039552065,"stop":1723039562695,"duration":10630}},{"uid":"769a9467285c89bf","status":"broken","statusDetails":"selenium.common.exceptions.ElementClickInterceptedException: Message: element click intercepted: Element <div class=\" css-2b097c-container\" id=\"state\">...</div> is not clickable at point (874, 928). Other element would receive the click: <iframe frameborder=\"0\" src=\"https://6efd762ae43cf215e95d4dd1e3c589ab.safeframe.googlesyndication.com/safeframe/1-0-40/html/container.html\" id=\"google_ads_iframe_/21849154601,22343295815/Ad.Plus-300x250_1\" title=\"3rd party ad content\" name=\"\" scrolling=\"no\" marginwidth=\"0\" marginheight=\"0\" width=\"728\" height=\"90\" data-is-safeframe=\"true\" sandbox=\"allow-forms allow-popups allow-popups-to-escape-sandbox allow-same-origin allow-scripts allow-top-navigation-by-user-activation\" allow=\"attribution-reporting\" aria-label=\"Advertisement\" tabindex=\"0\" data-google-container-id=\"7\" style=\"border: 0px; vertical-align: bottom; max-height: 30vh !important; overflow: hidden !important; display: block; margin: 0px auto;\" data-load-complete=\"true\"></iframe>\n  (Session info: chrome=127.0.6533.88)\nStacktrace:\n#0 0x55edd6ce26aa <unknown>\n#1 0x55edd69b3600 <unknown>\n#2 0x55edd6a098e6 <unknown>\n#3 0x55edd6a077f6 <unknown>\n#4 0x55edd6a05277 <unknown>\n#5 0x55edd6a0411c <unknown>\n#6 0x55edd69f7be6 <unknown>\n#7 0x55edd6a258a2 <unknown>\n#8 0x55edd69f7599 <unknown>\n#9 0x55edd6a25a6e <unknown>\n#10 0x55edd6a4404a <unknown>\n#11 0x55edd6a25643 <unknown>\n#12 0x55edd69f5d31 <unknown>\n#13 0x55edd69f679e <unknown>\n#14 0x55edd6caa23b <unknown>\n#15 0x55edd6cae1d2 <unknown>\n#16 0x55edd6c975f5 <unknown>\n#17 0x55edd6caed62 <unknown>\n#18 0x55edd6c7c23f <unknown>\n#19 0x55edd6cd1e48 <unknown>\n#20 0x55edd6cd2020 <unknown>\n#21 0x55edd6ce147c <unknown>\n#22 0x7f4d05294ac3 <unknown>","time":{"start":1723039539840,"stop":1723039551229,"duration":11389}},{"uid":"2505f2ff9720ab4c","status":"broken","statusDetails":"selenium.common.exceptions.ElementClickInterceptedException: Message: element click intercepted: Element <div class=\" css-2b097c-container\" id=\"state\">...</div> is not clickable at point (874, 928). Other element would receive the click: <iframe frameborder=\"0\" src=\"https://3dd574fb7507d07ca81b731a499f2840.safeframe.googlesyndication.com/safeframe/1-0-40/html/container.html\" id=\"google_ads_iframe_/21849154601,22343295815/Ad.Plus-300x250_1\" title=\"3rd party ad content\" name=\"\" scrolling=\"no\" marginwidth=\"0\" marginheight=\"0\" width=\"728\" height=\"90\" data-is-safeframe=\"true\" sandbox=\"allow-forms allow-popups allow-popups-to-escape-sandbox allow-same-origin allow-scripts allow-top-navigation-by-user-activation\" allow=\"attribution-reporting\" aria-label=\"Advertisement\" tabindex=\"0\" data-google-container-id=\"7\" style=\"border: 0px; vertical-align: bottom; max-height: 30vh !important; overflow: hidden !important; display: block; margin: 0px auto;\" data-load-complete=\"true\"></iframe>\n  (Session info: chrome=127.0.6533.88)\nStacktrace:\n#0 0x55854354e6aa <unknown>\n#1 0x55854321f600 <unknown>\n#2 0x5585432758e6 <unknown>\n#3 0x5585432737f6 <unknown>\n#4 0x558543271277 <unknown>\n#5 0x55854327011c <unknown>\n#6 0x558543263be6 <unknown>\n#7 0x5585432918a2 <unknown>\n#8 0x558543263599 <unknown>\n#9 0x558543291a6e <unknown>\n#10 0x5585432b004a <unknown>\n#11 0x558543291643 <unknown>\n#12 0x558543261d31 <unknown>\n#13 0x55854326279e <unknown>\n#14 0x55854351623b <unknown>\n#15 0x55854351a1d2 <unknown>\n#16 0x5585435035f5 <unknown>\n#17 0x55854351ad62 <unknown>\n#18 0x5585434e823f <unknown>\n#19 0x55854353de48 <unknown>\n#20 0x55854353e020 <unknown>\n#21 0x55854354d47c <unknown>\n#22 0x7f7ddf294ac3 <unknown>","time":{"start":1723039529787,"stop":1723039539291,"duration":9504}},{"uid":"7b5ef171b4df7384","status":"broken","statusDetails":"selenium.common.exceptions.ElementClickInterceptedException: Message: element click intercepted: Element <div class=\" css-2b097c-container\" id=\"state\">...</div> is not clickable at point (874, 928). Other element would receive the click: <iframe frameborder=\"0\" src=\"https://4fa5e8ecc9cb859f150787c2aa1d6d65.safeframe.googlesyndication.com/safeframe/1-0-40/html/container.html\" id=\"google_ads_iframe_/21849154601,22343295815/Ad.Plus-Anchor_0\" title=\"3rd party ad content\" name=\"\" scrolling=\"no\" marginwidth=\"0\" marginheight=\"0\" width=\"728\" height=\"90\" data-is-safeframe=\"true\" sandbox=\"allow-forms allow-popups allow-popups-to-escape-sandbox allow-same-origin allow-scripts allow-top-navigation-by-user-activation\" allow=\"attribution-reporting\" aria-label=\"Advertisement\" tabindex=\"0\" data-google-container-id=\"1\" style=\"border: 0px; vertical-align: bottom;\" data-load-complete=\"true\"></iframe>\n  (Session info: chrome=127.0.6533.88)\nStacktrace:\n#0 0x5570a546a6aa <unknown>\n#1 0x5570a513b600 <unknown>\n#2 0x5570a51918e6 <unknown>\n#3 0x5570a518f7f6 <unknown>\n#4 0x5570a518d277 <unknown>\n#5 0x5570a518c11c <unknown>\n#6 0x5570a517fbe6 <unknown>\n#7 0x5570a51ad8a2 <unknown>\n#8 0x5570a517f599 <unknown>\n#9 0x5570a51ada6e <unknown>\n#10 0x5570a51cc04a <unknown>\n#11 0x5570a51ad643 <unknown>\n#12 0x5570a517dd31 <unknown>\n#13 0x5570a517e79e <unknown>\n#14 0x5570a543223b <unknown>\n#15 0x5570a54361d2 <unknown>\n#16 0x5570a541f5f5 <unknown>\n#17 0x5570a5436d62 <unknown>\n#18 0x5570a540423f <unknown>\n#19 0x5570a5459e48 <unknown>\n#20 0x5570a545a020 <unknown>\n#21 0x5570a546947c <unknown>\n#22 0x7f6978c94ac3 <unknown>","time":{"start":1723039519970,"stop":1723039529206,"duration":9236}},{"uid":"e6a25aed002ba6a8","status":"broken","statusDetails":"selenium.common.exceptions.ElementClickInterceptedException: Message: element click intercepted: Element <div class=\" css-2b097c-container\" id=\"state\">...</div> is not clickable at point (874, 974). Other element would receive the click: <iframe frameborder=\"0\" src=\"https://5f852fb94addf90eaf181cc376cb1f38.safeframe.googlesyndication.com/safeframe/1-0-40/html/container.html\" id=\"google_ads_iframe_/21849154601,22343295815/Ad.Plus-Anchor_0\" title=\"3rd party ad content\" name=\"\" scrolling=\"no\" marginwidth=\"0\" marginheight=\"0\" width=\"728\" height=\"90\" data-is-safeframe=\"true\" sandbox=\"allow-forms allow-popups allow-popups-to-escape-sandbox allow-same-origin allow-scripts allow-top-navigation-by-user-activation\" allow=\"attribution-reporting\" aria-label=\"Advertisement\" tabindex=\"0\" data-google-container-id=\"1\" style=\"border: 0px; vertical-align: bottom;\" data-load-complete=\"true\"></iframe>\n  (Session info: chrome=127.0.6533.88)\nStacktrace:\n#0 0x55d0426246aa <unknown>\n#1 0x55d0422f5600 <unknown>\n#2 0x55d04234b8e6 <unknown>\n#3 0x55d0423497f6 <unknown>\n#4 0x55d042347277 <unknown>\n#5 0x55d04234611c <unknown>\n#6 0x55d042339be6 <unknown>\n#7 0x55d0423678a2 <unknown>\n#8 0x55d042339599 <unknown>\n#9 0x55d042367a6e <unknown>\n#10 0x55d04238604a <unknown>\n#11 0x55d042367643 <unknown>\n#12 0x55d042337d31 <unknown>\n#13 0x55d04233879e <unknown>\n#14 0x55d0425ec23b <unknown>\n#15 0x55d0425f01d2 <unknown>\n#16 0x55d0425d95f5 <unknown>\n#17 0x55d0425f0d62 <unknown>\n#18 0x55d0425be23f <unknown>\n#19 0x55d042613e48 <unknown>\n#20 0x55d042614020 <unknown>\n#21 0x55d04262347c <unknown>\n#22 0x7f867bc94ac3 <unknown>","time":{"start":1723039508704,"stop":1723039518808,"duration":10104}}],"categories":[{"name":"Test defects","matchedStatuses":[],"flaky":false}],"tags":[]},"source":"1ff9fcc508b26396.json","parameterValues":["'chrome'","'Lucknow'","'Uttar Pradesh'"]}