{"uid":"b28c20dd500367fd","name":"Тест выбора хобби","fullName":"tests.test_registration_form.TestRegistrationForm#test_hobbies","historyId":"2396a57452da6abaa199c9ee53f1e13a","time":{"start":1726432319941,"stop":1726432325610,"duration":5669},"description":"Этот тест проверяет корректность выбора хобби в форме регистрации.","descriptionHtml":"\n<h2>Тестирование формы регистрации на сайте</h2>\n<p>Этот набор тестов проверяет функциональность формы регистрации, включая:</p>\n<ul>\n    <li>Заполнение всех полей формы</li>\n    <li>Выбор различных опций (пол, хобби, предметы)</li>\n    <li>Загрузку изображения</li>\n    <li>Выбор даты рождения</li>\n    <li>Выбор штата и города</li>\n</ul>\n","status":"broken","statusMessage":"selenium.common.exceptions.ElementClickInterceptedException: Message: element click intercepted: Element <label title=\"\" for=\"hobbies-checkbox-2\" class=\"custom-control-label\">...</label> is not clickable at point (874, 829). Other element would receive the click: <div>...</div>\n  (Session info: chrome=128.0.6613.119)\nStacktrace:\n#0 0x55e429ced6ca <unknown>\n#1 0x55e4299be600 <unknown>\n#2 0x55e429a148e6 <unknown>\n#3 0x55e429a127f6 <unknown>\n#4 0x55e429a10277 <unknown>\n#5 0x55e429a0f11c <unknown>\n#6 0x55e429a02be6 <unknown>\n#7 0x55e429a308a2 <unknown>\n#8 0x55e429a02599 <unknown>\n#9 0x55e429a30a6e <unknown>\n#10 0x55e429a4f04a <unknown>\n#11 0x55e429a30643 <unknown>\n#12 0x55e429a00d31 <unknown>\n#13 0x55e429a0179e <unknown>\n#14 0x55e429cb525b <unknown>\n#15 0x55e429cb91f2 <unknown>\n#16 0x55e429ca2615 <unknown>\n#17 0x55e429cb9d82 <unknown>\n#18 0x55e429c8725f <unknown>\n#19 0x55e429cdce68 <unknown>\n#20 0x55e429cdd040 <unknown>\n#21 0x55e429cec49c <unknown>\n#22 0x7fb3c2694ac3 <unknown>","statusTrace":"self = <tests.test_registration_form.TestRegistrationForm object at 0x7fb1a01bc110>\npage = <pages.registration_page.RegistrationPage object at 0x7fb1a01def60>\nhobbies = ['Reading', 'Music']\ncaplog = <_pytest.logging.LogCaptureFixture object at 0x7fb1a01df440>\nlogger = <Logger conftest (INFO)>\n\n    @allure.feature(\"Тестирование выбора хобби\")\n    @allure.severity(Severity.TRIVIAL)\n    @allure.title(\"Тест выбора хобби\")\n    @allure.description(\"Этот тест проверяет корректность \"\n                        \"выбора хобби в форме регистрации.\")\n    @pytest.mark.parametrize(\"hobbies\", [\n        [\"Sports\"],\n        [\"Reading\"],\n        [\"Music\"],\n        [\"Sports\", \"Reading\"],\n        [\"Sports\", \"Music\"],\n        [\"Reading\", \"Music\"],\n        [\"Sports\", \"Reading\", \"Music\"]\n    ])\n    def test_hobbies(self, page, hobbies, caplog, logger):\n        logger.info(\"Тестирование выбора хобби начато\")\n    \n        with allure.step(\"Открытие страницы регистрации\"):\n            page.open()\n    \n        with allure.step(f\"Выбор хобби: {hobbies}\"):\n>           page.select_hobbies(hobbies)\n\ntests/test_registration_form.py:161: \n_ _ _ _ _ _ _ _ _ _ _ _ _ _ _ _ _ _ _ _ _ _ _ _ _ _ _ _ _ _ _ _ _ _ _ _ _ _ _ _ \npages/registration_page.py:135: in select_hobbies\n    self.click(self.HOBBIES[hobby])\npages/base_page.py:38: in click\n    self.find_element(locator).click()\n/opt/hostedtoolcache/Python/3.12.5/x64/lib/python3.12/site-packages/selenium/webdriver/remote/webelement.py:94: in click\n    self._execute(Command.CLICK_ELEMENT)\n/opt/hostedtoolcache/Python/3.12.5/x64/lib/python3.12/site-packages/selenium/webdriver/remote/webelement.py:395: in _execute\n    return self._parent.execute(command, params)\n/opt/hostedtoolcache/Python/3.12.5/x64/lib/python3.12/site-packages/selenium/webdriver/remote/webdriver.py:354: in execute\n    self.error_handler.check_response(response)\n_ _ _ _ _ _ _ _ _ _ _ _ _ _ _ _ _ _ _ _ _ _ _ _ _ _ _ _ _ _ _ _ _ _ _ _ _ _ _ _ \n\nself = <selenium.webdriver.remote.errorhandler.ErrorHandler object at 0x7fb1a01dfe30>\nresponse = {'status': 400, 'value': '{\"value\":{\"error\":\"element click intercepted\",\"message\":\"element click intercepted: Element ...\\\\n#20 0x55e429cdd040 \\\\u003Cunknown>\\\\n#21 0x55e429cec49c \\\\u003Cunknown>\\\\n#22 0x7fb3c2694ac3 \\\\u003Cunknown>\\\\n\"}}'}\n\n    def check_response(self, response: Dict[str, Any]) -> None:\n        \"\"\"Checks that a JSON response from the WebDriver does not have an\n        error.\n    \n        :Args:\n         - response - The JSON response from the WebDriver server as a dictionary\n           object.\n    \n        :Raises: If the response contains an error message.\n        \"\"\"\n        status = response.get(\"status\", None)\n        if not status or status == ErrorCode.SUCCESS:\n            return\n        value = None\n        message = response.get(\"message\", \"\")\n        screen: str = response.get(\"screen\", \"\")\n        stacktrace = None\n        if isinstance(status, int):\n            value_json = response.get(\"value\", None)\n            if value_json and isinstance(value_json, str):\n                import json\n    \n                try:\n                    value = json.loads(value_json)\n                    if len(value) == 1:\n                        value = value[\"value\"]\n                    status = value.get(\"error\", None)\n                    if not status:\n                        status = value.get(\"status\", ErrorCode.UNKNOWN_ERROR)\n                        message = value.get(\"value\") or value.get(\"message\")\n                        if not isinstance(message, str):\n                            value = message\n                            message = message.get(\"message\")\n                    else:\n                        message = value.get(\"message\", None)\n                except ValueError:\n                    pass\n    \n        exception_class: Type[WebDriverException]\n        e = ErrorCode()\n        error_codes = [item for item in dir(e) if not item.startswith(\"__\")]\n        for error_code in error_codes:\n            error_info = getattr(ErrorCode, error_code)\n            if isinstance(error_info, list) and status in error_info:\n                exception_class = getattr(ExceptionMapping, error_code, WebDriverException)\n                break\n        else:\n            exception_class = WebDriverException\n    \n        if not value:\n            value = response[\"value\"]\n        if isinstance(value, str):\n            raise exception_class(value)\n        if message == \"\" and \"message\" in value:\n            message = value[\"message\"]\n    \n        screen = None  # type: ignore[assignment]\n        if \"screen\" in value:\n            screen = value[\"screen\"]\n    \n        stacktrace = None\n        st_value = value.get(\"stackTrace\") or value.get(\"stacktrace\")\n        if st_value:\n            if isinstance(st_value, str):\n                stacktrace = st_value.split(\"\\n\")\n            else:\n                stacktrace = []\n                try:\n                    for frame in st_value:\n                        line = frame.get(\"lineNumber\", \"\")\n                        file = frame.get(\"fileName\", \"<anonymous>\")\n                        if line:\n                            file = f\"{file}:{line}\"\n                        meth = frame.get(\"methodName\", \"<anonymous>\")\n                        if \"className\" in frame:\n                            meth = f\"{frame['className']}.{meth}\"\n                        msg = \"    at %s (%s)\"\n                        msg = msg % (meth, file)\n                        stacktrace.append(msg)\n                except TypeError:\n                    pass\n        if exception_class == UnexpectedAlertPresentException:\n            alert_text = None\n            if \"data\" in value:\n                alert_text = value[\"data\"].get(\"text\")\n            elif \"alert\" in value:\n                alert_text = value[\"alert\"].get(\"text\")\n            raise exception_class(message, screen, stacktrace, alert_text)  # type: ignore[call-arg]  # mypy is not smart enough here\n>       raise exception_class(message, screen, stacktrace)\nE       selenium.common.exceptions.ElementClickInterceptedException: Message: element click intercepted: Element <label title=\"\" for=\"hobbies-checkbox-2\" class=\"custom-control-label\">...</label> is not clickable at point (874, 829). Other element would receive the click: <div>...</div>\nE         (Session info: chrome=128.0.6613.119)\nE       Stacktrace:\nE       #0 0x55e429ced6ca <unknown>\nE       #1 0x55e4299be600 <unknown>\nE       #2 0x55e429a148e6 <unknown>\nE       #3 0x55e429a127f6 <unknown>\nE       #4 0x55e429a10277 <unknown>\nE       #5 0x55e429a0f11c <unknown>\nE       #6 0x55e429a02be6 <unknown>\nE       #7 0x55e429a308a2 <unknown>\nE       #8 0x55e429a02599 <unknown>\nE       #9 0x55e429a30a6e <unknown>\nE       #10 0x55e429a4f04a <unknown>\nE       #11 0x55e429a30643 <unknown>\nE       #12 0x55e429a00d31 <unknown>\nE       #13 0x55e429a0179e <unknown>\nE       #14 0x55e429cb525b <unknown>\nE       #15 0x55e429cb91f2 <unknown>\nE       #16 0x55e429ca2615 <unknown>\nE       #17 0x55e429cb9d82 <unknown>\nE       #18 0x55e429c8725f <unknown>\nE       #19 0x55e429cdce68 <unknown>\nE       #20 0x55e429cdd040 <unknown>\nE       #21 0x55e429cec49c <unknown>\nE       #22 0x7fb3c2694ac3 <unknown>\n\n/opt/hostedtoolcache/Python/3.12.5/x64/lib/python3.12/site-packages/selenium/webdriver/remote/errorhandler.py:229: ElementClickInterceptedException","flaky":false,"newFailed":false,"newBroken":false,"newPassed":false,"retriesCount":0,"retriesStatusChange":false,"beforeStages":[{"name":"browser","time":{"start":1726432318957,"stop":1726432319940,"duration":983},"status":"passed","steps":[],"attachments":[],"parameters":[],"shouldDisplayMessage":false,"stepsCount":0,"attachmentsCount":0,"hasContent":false,"attachmentStep":false},{"name":"caplog","time":{"start":1726432319940,"stop":1726432319940,"duration":0},"status":"passed","steps":[],"attachments":[],"parameters":[],"shouldDisplayMessage":false,"stepsCount":0,"attachmentsCount":0,"hasContent":false,"attachmentStep":false},{"name":"page","time":{"start":1726432319940,"stop":1726432319940,"duration":0},"status":"passed","steps":[],"attachments":[],"parameters":[],"shouldDisplayMessage":false,"stepsCount":0,"attachmentsCount":0,"hasContent":false,"attachmentStep":false},{"name":"setup_teardown","time":{"start":1726432319940,"stop":1726432319940,"duration":0},"status":"passed","steps":[],"attachments":[],"parameters":[],"shouldDisplayMessage":false,"stepsCount":0,"attachmentsCount":0,"hasContent":false,"attachmentStep":false}],"testStage":{"description":"Этот тест проверяет корректность выбора хобби в форме регистрации.","descriptionHtml":"\n<h2>Тестирование формы регистрации на сайте</h2>\n<p>Этот набор тестов проверяет функциональность формы регистрации, включая:</p>\n<ul>\n    <li>Заполнение всех полей формы</li>\n    <li>Выбор различных опций (пол, хобби, предметы)</li>\n    <li>Загрузку изображения</li>\n    <li>Выбор даты рождения</li>\n    <li>Выбор штата и города</li>\n</ul>\n","status":"broken","statusMessage":"selenium.common.exceptions.ElementClickInterceptedException: Message: element click intercepted: Element <label title=\"\" for=\"hobbies-checkbox-2\" class=\"custom-control-label\">...</label> is not clickable at point (874, 829). Other element would receive the click: <div>...</div>\n  (Session info: chrome=128.0.6613.119)\nStacktrace:\n#0 0x55e429ced6ca <unknown>\n#1 0x55e4299be600 <unknown>\n#2 0x55e429a148e6 <unknown>\n#3 0x55e429a127f6 <unknown>\n#4 0x55e429a10277 <unknown>\n#5 0x55e429a0f11c <unknown>\n#6 0x55e429a02be6 <unknown>\n#7 0x55e429a308a2 <unknown>\n#8 0x55e429a02599 <unknown>\n#9 0x55e429a30a6e <unknown>\n#10 0x55e429a4f04a <unknown>\n#11 0x55e429a30643 <unknown>\n#12 0x55e429a00d31 <unknown>\n#13 0x55e429a0179e <unknown>\n#14 0x55e429cb525b <unknown>\n#15 0x55e429cb91f2 <unknown>\n#16 0x55e429ca2615 <unknown>\n#17 0x55e429cb9d82 <unknown>\n#18 0x55e429c8725f <unknown>\n#19 0x55e429cdce68 <unknown>\n#20 0x55e429cdd040 <unknown>\n#21 0x55e429cec49c <unknown>\n#22 0x7fb3c2694ac3 <unknown>","statusTrace":"self = <tests.test_registration_form.TestRegistrationForm object at 0x7fb1a01bc110>\npage = <pages.registration_page.RegistrationPage object at 0x7fb1a01def60>\nhobbies = ['Reading', 'Music']\ncaplog = <_pytest.logging.LogCaptureFixture object at 0x7fb1a01df440>\nlogger = <Logger conftest (INFO)>\n\n    @allure.feature(\"Тестирование выбора хобби\")\n    @allure.severity(Severity.TRIVIAL)\n    @allure.title(\"Тест выбора хобби\")\n    @allure.description(\"Этот тест проверяет корректность \"\n                        \"выбора хобби в форме регистрации.\")\n    @pytest.mark.parametrize(\"hobbies\", [\n        [\"Sports\"],\n        [\"Reading\"],\n        [\"Music\"],\n        [\"Sports\", \"Reading\"],\n        [\"Sports\", \"Music\"],\n        [\"Reading\", \"Music\"],\n        [\"Sports\", \"Reading\", \"Music\"]\n    ])\n    def test_hobbies(self, page, hobbies, caplog, logger):\n        logger.info(\"Тестирование выбора хобби начато\")\n    \n        with allure.step(\"Открытие страницы регистрации\"):\n            page.open()\n    \n        with allure.step(f\"Выбор хобби: {hobbies}\"):\n>           page.select_hobbies(hobbies)\n\ntests/test_registration_form.py:161: \n_ _ _ _ _ _ _ _ _ _ _ _ _ _ _ _ _ _ _ _ _ _ _ _ _ _ _ _ _ _ _ _ _ _ _ _ _ _ _ _ \npages/registration_page.py:135: in select_hobbies\n    self.click(self.HOBBIES[hobby])\npages/base_page.py:38: in click\n    self.find_element(locator).click()\n/opt/hostedtoolcache/Python/3.12.5/x64/lib/python3.12/site-packages/selenium/webdriver/remote/webelement.py:94: in click\n    self._execute(Command.CLICK_ELEMENT)\n/opt/hostedtoolcache/Python/3.12.5/x64/lib/python3.12/site-packages/selenium/webdriver/remote/webelement.py:395: in _execute\n    return self._parent.execute(command, params)\n/opt/hostedtoolcache/Python/3.12.5/x64/lib/python3.12/site-packages/selenium/webdriver/remote/webdriver.py:354: in execute\n    self.error_handler.check_response(response)\n_ _ _ _ _ _ _ _ _ _ _ _ _ _ _ _ _ _ _ _ _ _ _ _ _ _ _ _ _ _ _ _ _ _ _ _ _ _ _ _ \n\nself = <selenium.webdriver.remote.errorhandler.ErrorHandler object at 0x7fb1a01dfe30>\nresponse = {'status': 400, 'value': '{\"value\":{\"error\":\"element click intercepted\",\"message\":\"element click intercepted: Element ...\\\\n#20 0x55e429cdd040 \\\\u003Cunknown>\\\\n#21 0x55e429cec49c \\\\u003Cunknown>\\\\n#22 0x7fb3c2694ac3 \\\\u003Cunknown>\\\\n\"}}'}\n\n    def check_response(self, response: Dict[str, Any]) -> None:\n        \"\"\"Checks that a JSON response from the WebDriver does not have an\n        error.\n    \n        :Args:\n         - response - The JSON response from the WebDriver server as a dictionary\n           object.\n    \n        :Raises: If the response contains an error message.\n        \"\"\"\n        status = response.get(\"status\", None)\n        if not status or status == ErrorCode.SUCCESS:\n            return\n        value = None\n        message = response.get(\"message\", \"\")\n        screen: str = response.get(\"screen\", \"\")\n        stacktrace = None\n        if isinstance(status, int):\n            value_json = response.get(\"value\", None)\n            if value_json and isinstance(value_json, str):\n                import json\n    \n                try:\n                    value = json.loads(value_json)\n                    if len(value) == 1:\n                        value = value[\"value\"]\n                    status = value.get(\"error\", None)\n                    if not status:\n                        status = value.get(\"status\", ErrorCode.UNKNOWN_ERROR)\n                        message = value.get(\"value\") or value.get(\"message\")\n                        if not isinstance(message, str):\n                            value = message\n                            message = message.get(\"message\")\n                    else:\n                        message = value.get(\"message\", None)\n                except ValueError:\n                    pass\n    \n        exception_class: Type[WebDriverException]\n        e = ErrorCode()\n        error_codes = [item for item in dir(e) if not item.startswith(\"__\")]\n        for error_code in error_codes:\n            error_info = getattr(ErrorCode, error_code)\n            if isinstance(error_info, list) and status in error_info:\n                exception_class = getattr(ExceptionMapping, error_code, WebDriverException)\n                break\n        else:\n            exception_class = WebDriverException\n    \n        if not value:\n            value = response[\"value\"]\n        if isinstance(value, str):\n            raise exception_class(value)\n        if message == \"\" and \"message\" in value:\n            message = value[\"message\"]\n    \n        screen = None  # type: ignore[assignment]\n        if \"screen\" in value:\n            screen = value[\"screen\"]\n    \n        stacktrace = None\n        st_value = value.get(\"stackTrace\") or value.get(\"stacktrace\")\n        if st_value:\n            if isinstance(st_value, str):\n                stacktrace = st_value.split(\"\\n\")\n            else:\n                stacktrace = []\n                try:\n                    for frame in st_value:\n                        line = frame.get(\"lineNumber\", \"\")\n                        file = frame.get(\"fileName\", \"<anonymous>\")\n                        if line:\n                            file = f\"{file}:{line}\"\n                        meth = frame.get(\"methodName\", \"<anonymous>\")\n                        if \"className\" in frame:\n                            meth = f\"{frame['className']}.{meth}\"\n                        msg = \"    at %s (%s)\"\n                        msg = msg % (meth, file)\n                        stacktrace.append(msg)\n                except TypeError:\n                    pass\n        if exception_class == UnexpectedAlertPresentException:\n            alert_text = None\n            if \"data\" in value:\n                alert_text = value[\"data\"].get(\"text\")\n            elif \"alert\" in value:\n                alert_text = value[\"alert\"].get(\"text\")\n            raise exception_class(message, screen, stacktrace, alert_text)  # type: ignore[call-arg]  # mypy is not smart enough here\n>       raise exception_class(message, screen, stacktrace)\nE       selenium.common.exceptions.ElementClickInterceptedException: Message: element click intercepted: Element <label title=\"\" for=\"hobbies-checkbox-2\" class=\"custom-control-label\">...</label> is not clickable at point (874, 829). Other element would receive the click: <div>...</div>\nE         (Session info: chrome=128.0.6613.119)\nE       Stacktrace:\nE       #0 0x55e429ced6ca <unknown>\nE       #1 0x55e4299be600 <unknown>\nE       #2 0x55e429a148e6 <unknown>\nE       #3 0x55e429a127f6 <unknown>\nE       #4 0x55e429a10277 <unknown>\nE       #5 0x55e429a0f11c <unknown>\nE       #6 0x55e429a02be6 <unknown>\nE       #7 0x55e429a308a2 <unknown>\nE       #8 0x55e429a02599 <unknown>\nE       #9 0x55e429a30a6e <unknown>\nE       #10 0x55e429a4f04a <unknown>\nE       #11 0x55e429a30643 <unknown>\nE       #12 0x55e429a00d31 <unknown>\nE       #13 0x55e429a0179e <unknown>\nE       #14 0x55e429cb525b <unknown>\nE       #15 0x55e429cb91f2 <unknown>\nE       #16 0x55e429ca2615 <unknown>\nE       #17 0x55e429cb9d82 <unknown>\nE       #18 0x55e429c8725f <unknown>\nE       #19 0x55e429cdce68 <unknown>\nE       #20 0x55e429cdd040 <unknown>\nE       #21 0x55e429cec49c <unknown>\nE       #22 0x7fb3c2694ac3 <unknown>\n\n/opt/hostedtoolcache/Python/3.12.5/x64/lib/python3.12/site-packages/selenium/webdriver/remote/errorhandler.py:229: ElementClickInterceptedException","steps":[{"name":"Открытие страницы регистрации","time":{"start":1726432319941,"stop":1726432324272,"duration":4331},"status":"passed","steps":[{"name":"Открытие страницы регистрации","time":{"start":1726432319941,"stop":1726432324272,"duration":4331},"status":"passed","steps":[{"name":"Открытие страницы 'https://demoqa.com/automation-practice-form'","time":{"start":1726432319941,"stop":1726432324272,"duration":4331},"status":"passed","steps":[],"attachments":[],"parameters":[{"name":"url","value":"'https://demoqa.com/automation-practice-form'"}],"shouldDisplayMessage":false,"stepsCount":0,"attachmentsCount":0,"hasContent":true,"attachmentStep":false}],"attachments":[],"parameters":[],"shouldDisplayMessage":false,"stepsCount":1,"attachmentsCount":0,"hasContent":true,"attachmentStep":false}],"attachments":[],"parameters":[],"shouldDisplayMessage":false,"stepsCount":2,"attachmentsCount":0,"hasContent":true,"attachmentStep":false},{"name":"Выбор хобби: ['Reading', 'Music']","time":{"start":1726432324272,"stop":1726432325609,"duration":1337},"status":"broken","statusMessage":"selenium.common.exceptions.ElementClickInterceptedException: Message: element click intercepted: Element <label title=\"\" for=\"hobbies-checkbox-2\" class=\"custom-control-label\">...</label> is not clickable at point (874, 829). Other element would receive the click: <div>...</div>\n  (Session info: chrome=128.0.6613.119)\nStacktrace:\n#0 0x55e429ced6ca <unknown>\n#1 0x55e4299be600 <unknown>\n#2 0x55e429a148e6 <unknown>\n#3 0x55e429a127f6 <unknown>\n#4 0x55e429a10277 <unknown>\n#5 0x55e429a0f11c <unknown>\n#6 0x55e429a02be6 <unknown>\n#7 0x55e429a308a2 <unknown>\n#8 0x55e429a02599 <unknown>\n#9 0x55e429a30a6e <unknown>\n#10 0x55e429a4f04a <unknown>\n#11 0x55e429a30643 <unknown>\n#12 0x55e429a00d31 <unknown>\n#13 0x55e429a0179e <unknown>\n#14 0x55e429cb525b <unknown>\n#15 0x55e429cb91f2 <unknown>\n#16 0x55e429ca2615 <unknown>\n#17 0x55e429cb9d82 <unknown>\n#18 0x55e429c8725f <unknown>\n#19 0x55e429cdce68 <unknown>\n#20 0x55e429cdd040 <unknown>\n#21 0x55e429cec49c <unknown>\n#22 0x7fb3c2694ac3 <unknown>\n\n","statusTrace":"  File \"/home/runner/work/SimbirSoft-SDET-TEST/SimbirSoft-SDET-TEST/tests/test_registration_form.py\", line 161, in test_hobbies\n    page.select_hobbies(hobbies)\n  File \"/opt/hostedtoolcache/Python/3.12.5/x64/lib/python3.12/site-packages/allure_commons/_allure.py\", line 192, in impl\n    return func(*a, **kw)\n           ^^^^^^^^^^^^^^\n  File \"/home/runner/work/SimbirSoft-SDET-TEST/SimbirSoft-SDET-TEST/pages/registration_page.py\", line 135, in select_hobbies\n    self.click(self.HOBBIES[hobby])\n  File \"/opt/hostedtoolcache/Python/3.12.5/x64/lib/python3.12/site-packages/allure_commons/_allure.py\", line 192, in impl\n    return func(*a, **kw)\n           ^^^^^^^^^^^^^^\n  File \"/home/runner/work/SimbirSoft-SDET-TEST/SimbirSoft-SDET-TEST/pages/base_page.py\", line 38, in click\n    self.find_element(locator).click()\n  File \"/opt/hostedtoolcache/Python/3.12.5/x64/lib/python3.12/site-packages/selenium/webdriver/remote/webelement.py\", line 94, in click\n    self._execute(Command.CLICK_ELEMENT)\n  File \"/opt/hostedtoolcache/Python/3.12.5/x64/lib/python3.12/site-packages/selenium/webdriver/remote/webelement.py\", line 395, in _execute\n    return self._parent.execute(command, params)\n           ^^^^^^^^^^^^^^^^^^^^^^^^^^^^^^^^^^^^^\n  File \"/opt/hostedtoolcache/Python/3.12.5/x64/lib/python3.12/site-packages/selenium/webdriver/remote/webdriver.py\", line 354, in execute\n    self.error_handler.check_response(response)\n  File \"/opt/hostedtoolcache/Python/3.12.5/x64/lib/python3.12/site-packages/selenium/webdriver/remote/errorhandler.py\", line 229, in check_response\n    raise exception_class(message, screen, stacktrace)\n","steps":[{"name":"Выбор хобби: ['Reading', 'Music']","time":{"start":1726432324273,"stop":1726432325608,"duration":1335},"status":"broken","statusMessage":"selenium.common.exceptions.ElementClickInterceptedException: Message: element click intercepted: Element <label title=\"\" for=\"hobbies-checkbox-2\" class=\"custom-control-label\">...</label> is not clickable at point (874, 829). Other element would receive the click: <div>...</div>\n  (Session info: chrome=128.0.6613.119)\nStacktrace:\n#0 0x55e429ced6ca <unknown>\n#1 0x55e4299be600 <unknown>\n#2 0x55e429a148e6 <unknown>\n#3 0x55e429a127f6 <unknown>\n#4 0x55e429a10277 <unknown>\n#5 0x55e429a0f11c <unknown>\n#6 0x55e429a02be6 <unknown>\n#7 0x55e429a308a2 <unknown>\n#8 0x55e429a02599 <unknown>\n#9 0x55e429a30a6e <unknown>\n#10 0x55e429a4f04a <unknown>\n#11 0x55e429a30643 <unknown>\n#12 0x55e429a00d31 <unknown>\n#13 0x55e429a0179e <unknown>\n#14 0x55e429cb525b <unknown>\n#15 0x55e429cb91f2 <unknown>\n#16 0x55e429ca2615 <unknown>\n#17 0x55e429cb9d82 <unknown>\n#18 0x55e429c8725f <unknown>\n#19 0x55e429cdce68 <unknown>\n#20 0x55e429cdd040 <unknown>\n#21 0x55e429cec49c <unknown>\n#22 0x7fb3c2694ac3 <unknown>\n\n","statusTrace":"  File \"/opt/hostedtoolcache/Python/3.12.5/x64/lib/python3.12/site-packages/allure_commons/_allure.py\", line 192, in impl\n    return func(*a, **kw)\n           ^^^^^^^^^^^^^^\n  File \"/home/runner/work/SimbirSoft-SDET-TEST/SimbirSoft-SDET-TEST/pages/registration_page.py\", line 135, in select_hobbies\n    self.click(self.HOBBIES[hobby])\n  File \"/opt/hostedtoolcache/Python/3.12.5/x64/lib/python3.12/site-packages/allure_commons/_allure.py\", line 192, in impl\n    return func(*a, **kw)\n           ^^^^^^^^^^^^^^\n  File \"/home/runner/work/SimbirSoft-SDET-TEST/SimbirSoft-SDET-TEST/pages/base_page.py\", line 38, in click\n    self.find_element(locator).click()\n  File \"/opt/hostedtoolcache/Python/3.12.5/x64/lib/python3.12/site-packages/selenium/webdriver/remote/webelement.py\", line 94, in click\n    self._execute(Command.CLICK_ELEMENT)\n  File \"/opt/hostedtoolcache/Python/3.12.5/x64/lib/python3.12/site-packages/selenium/webdriver/remote/webelement.py\", line 395, in _execute\n    return self._parent.execute(command, params)\n           ^^^^^^^^^^^^^^^^^^^^^^^^^^^^^^^^^^^^^\n  File \"/opt/hostedtoolcache/Python/3.12.5/x64/lib/python3.12/site-packages/selenium/webdriver/remote/webdriver.py\", line 354, in execute\n    self.error_handler.check_response(response)\n  File \"/opt/hostedtoolcache/Python/3.12.5/x64/lib/python3.12/site-packages/selenium/webdriver/remote/errorhandler.py\", line 229, in check_response\n    raise exception_class(message, screen, stacktrace)\n","steps":[{"name":"Клик по элементу ('xpath', '//label[@for=\"hobbies-checkbox-2\"]')","time":{"start":1726432324273,"stop":1726432325607,"duration":1334},"status":"broken","statusMessage":"selenium.common.exceptions.ElementClickInterceptedException: Message: element click intercepted: Element <label title=\"\" for=\"hobbies-checkbox-2\" class=\"custom-control-label\">...</label> is not clickable at point (874, 829). Other element would receive the click: <div>...</div>\n  (Session info: chrome=128.0.6613.119)\nStacktrace:\n#0 0x55e429ced6ca <unknown>\n#1 0x55e4299be600 <unknown>\n#2 0x55e429a148e6 <unknown>\n#3 0x55e429a127f6 <unknown>\n#4 0x55e429a10277 <unknown>\n#5 0x55e429a0f11c <unknown>\n#6 0x55e429a02be6 <unknown>\n#7 0x55e429a308a2 <unknown>\n#8 0x55e429a02599 <unknown>\n#9 0x55e429a30a6e <unknown>\n#10 0x55e429a4f04a <unknown>\n#11 0x55e429a30643 <unknown>\n#12 0x55e429a00d31 <unknown>\n#13 0x55e429a0179e <unknown>\n#14 0x55e429cb525b <unknown>\n#15 0x55e429cb91f2 <unknown>\n#16 0x55e429ca2615 <unknown>\n#17 0x55e429cb9d82 <unknown>\n#18 0x55e429c8725f <unknown>\n#19 0x55e429cdce68 <unknown>\n#20 0x55e429cdd040 <unknown>\n#21 0x55e429cec49c <unknown>\n#22 0x7fb3c2694ac3 <unknown>\n\n","statusTrace":"  File \"/opt/hostedtoolcache/Python/3.12.5/x64/lib/python3.12/site-packages/allure_commons/_allure.py\", line 192, in impl\n    return func(*a, **kw)\n           ^^^^^^^^^^^^^^\n  File \"/home/runner/work/SimbirSoft-SDET-TEST/SimbirSoft-SDET-TEST/pages/base_page.py\", line 38, in click\n    self.find_element(locator).click()\n  File \"/opt/hostedtoolcache/Python/3.12.5/x64/lib/python3.12/site-packages/selenium/webdriver/remote/webelement.py\", line 94, in click\n    self._execute(Command.CLICK_ELEMENT)\n  File \"/opt/hostedtoolcache/Python/3.12.5/x64/lib/python3.12/site-packages/selenium/webdriver/remote/webelement.py\", line 395, in _execute\n    return self._parent.execute(command, params)\n           ^^^^^^^^^^^^^^^^^^^^^^^^^^^^^^^^^^^^^\n  File \"/opt/hostedtoolcache/Python/3.12.5/x64/lib/python3.12/site-packages/selenium/webdriver/remote/webdriver.py\", line 354, in execute\n    self.error_handler.check_response(response)\n  File \"/opt/hostedtoolcache/Python/3.12.5/x64/lib/python3.12/site-packages/selenium/webdriver/remote/errorhandler.py\", line 229, in check_response\n    raise exception_class(message, screen, stacktrace)\n","steps":[{"name":"Поиск элемента ('xpath', '//label[@for=\"hobbies-checkbox-2\"]')","time":{"start":1726432324273,"stop":1726432324303,"duration":30},"status":"passed","steps":[],"attachments":[],"parameters":[{"name":"locator","value":"('xpath', '//label[@for=\"hobbies-checkbox-2\"]')"},{"name":"timeout","value":"10"}],"shouldDisplayMessage":false,"stepsCount":0,"attachmentsCount":0,"hasContent":true,"attachmentStep":false}],"attachments":[],"parameters":[{"name":"locator","value":"('xpath', '//label[@for=\"hobbies-checkbox-2\"]')"}],"shouldDisplayMessage":true,"stepsCount":1,"attachmentsCount":0,"hasContent":true,"attachmentStep":false}],"attachments":[],"parameters":[{"name":"hobbies","value":"['Reading', 'Music']"}],"shouldDisplayMessage":false,"stepsCount":2,"attachmentsCount":0,"hasContent":true,"attachmentStep":false}],"attachments":[],"parameters":[],"shouldDisplayMessage":false,"stepsCount":3,"attachmentsCount":0,"hasContent":true,"attachmentStep":false}],"attachments":[{"uid":"a9cd1e7c4d8a647","name":"log","source":"a9cd1e7c4d8a647.txt","type":"text/plain","size":1589},{"uid":"d872e976a3a02f35","name":"stderr","source":"d872e976a3a02f35.txt","type":"text/plain","size":1401}],"parameters":[],"shouldDisplayMessage":true,"stepsCount":7,"attachmentsCount":2,"hasContent":true,"attachmentStep":false},"afterStages":[{"name":"caplog::0","time":{"start":1726432325709,"stop":1726432325709,"duration":0},"status":"passed","steps":[],"attachments":[],"parameters":[],"shouldDisplayMessage":false,"stepsCount":0,"attachmentsCount":0,"hasContent":false,"attachmentStep":false},{"name":"setup_teardown::0","time":{"start":1726432325712,"stop":1726432326178,"duration":466},"status":"broken","statusMessage":"TypeError: sequence item 0: expected str instance, dict found\n","statusTrace":"  File \"/opt/hostedtoolcache/Python/3.12.5/x64/lib/python3.12/site-packages/allure_commons/_allure.py\", line 221, in __call__\n    return self._fixture_function(*args, **kwargs)\n           ^^^^^^^^^^^^^^^^^^^^^^^^^^^^^^^^^^^^^^^\n  File \"/opt/hostedtoolcache/Python/3.12.5/x64/lib/python3.12/site-packages/_pytest/fixtures.py\", line 906, in _teardown_yield_fixture\n    next(it)\n  File \"/home/runner/work/SimbirSoft-SDET-TEST/SimbirSoft-SDET-TEST/conftest.py\", line 37, in setup_teardown\n    \"\\n\".join(browser.get_log(\"browser\")),\n    ^^^^^^^^^^^^^^^^^^^^^^^^^^^^^^^^^^^^^\n","steps":[],"attachments":[{"uid":"e743d7bb9903fa7a","name":"screenshot_test_hobbies[hobbies5]","source":"e743d7bb9903fa7a.png","type":"image/png","size":394180}],"parameters":[],"shouldDisplayMessage":true,"stepsCount":0,"attachmentsCount":1,"hasContent":true,"attachmentStep":false},{"name":"browser::0","time":{"start":1726432326179,"stop":1726432326311,"duration":132},"status":"passed","steps":[],"attachments":[],"parameters":[],"shouldDisplayMessage":false,"stepsCount":0,"attachmentsCount":0,"hasContent":false,"attachmentStep":false}],"labels":[{"name":"severity","value":"trivial"},{"name":"feature","value":"Тестирование выбора хобби"},{"name":"epic","value":"Тестирование формы регистрации"},{"name":"parentSuite","value":"tests"},{"name":"suite","value":"test_registration_form"},{"name":"subSuite","value":"TestRegistrationForm"},{"name":"host","value":"fv-az738-15"},{"name":"thread","value":"2268-MainThread"},{"name":"framework","value":"pytest"},{"name":"language","value":"cpython3"},{"name":"package","value":"tests.test_registration_form"},{"name":"resultFormat","value":"allure2"}],"parameters":[{"name":"browser","value":"'chrome'"},{"name":"hobbies","value":"['Reading', 'Music']"}],"links":[],"hidden":true,"retry":true,"extra":{"categories":[],"tags":[]},"source":"b28c20dd500367fd.json","parameterValues":["'chrome'","['Reading', 'Music']"]}